This file contains any messages produced by compilers while
running configure, to aid debugging if configure makes a mistake.

It was created by PSNC DRMAA for SLURM configure 1.0.6, which was
generated by GNU Autoconf 2.63.  Invocation command line was

  $ ./configure --with-slurm-inc=/opt/slurm/include/ --with-slurm-lib=/opt/slurm/lib64/ --prefix=/site/drmaa/ --enable-debug

## --------- ##
## Platform. ##
## --------- ##

hostname = geoportal-dev.hpc.uio.no
uname -m = x86_64
uname -r = 2.6.32-504.8.1.el6.x86_64
uname -s = Linux
uname -v = #1 SMP Fri Dec 19 12:09:25 EST 2014

/usr/bin/uname -p = unknown
/bin/uname -X     = unknown

/bin/arch              = x86_64
/usr/bin/arch -k       = unknown
/usr/convex/getsysinfo = unknown
/usr/bin/hostinfo      = unknown
/bin/machine           = unknown
/usr/bin/oslevel       = unknown
/bin/universe          = unknown

PATH: /opt/rh/postgresql92/root/usr/bin
PATH: /usr/local/sbin
PATH: /sbin
PATH: /bin
PATH: /usr/sbin
PATH: /usr/bin
PATH: /root/bin


## ----------- ##
## Core tests. ##
## ----------- ##

configure:2023: checking for a BSD-compatible install
configure:2091: result: /usr/bin/install -c
configure:2102: checking whether build environment is sane
configure:2162: result: yes
configure:2303: checking for a thread-safe mkdir -p
configure:2342: result: /bin/mkdir -p
configure:2355: checking for gawk
configure:2371: found /bin/gawk
configure:2382: result: gawk
configure:2393: checking whether make sets $(MAKE)
configure:2415: result: yes
configure:2559: checking for gcc
configure:2575: found /usr/bin/gcc
configure:2586: result: gcc
configure:2818: checking for C compiler version
configure:2826: gcc --version >&5
gcc (GCC) 4.4.7 20120313 (Red Hat 4.4.7-11)
Copyright (C) 2010 Free Software Foundation, Inc.
This is free software; see the source for copying conditions.  There is NO
warranty; not even for MERCHANTABILITY or FITNESS FOR A PARTICULAR PURPOSE.

configure:2830: $? = 0
configure:2837: gcc -v >&5
Using built-in specs.
Target: x86_64-redhat-linux
Configured with: ../configure --prefix=/usr --mandir=/usr/share/man --infodir=/usr/share/info --with-bugurl=http://bugzilla.redhat.com/bugzilla --enable-bootstrap --enable-shared --enable-threads=posix --enable-checking=release --with-system-zlib --enable-__cxa_atexit --disable-libunwind-exceptions --enable-gnu-unique-object --enable-languages=c,c++,objc,obj-c++,java,fortran,ada --enable-java-awt=gtk --disable-dssi --with-java-home=/usr/lib/jvm/java-1.5.0-gcj-1.5.0.0/jre --enable-libgcj-multifile --enable-java-maintainer-mode --with-ecj-jar=/usr/share/java/eclipse-ecj.jar --disable-libjava-multilib --with-ppl --with-cloog --with-tune=generic --with-arch_32=i686 --build=x86_64-redhat-linux
Thread model: posix
gcc version 4.4.7 20120313 (Red Hat 4.4.7-11) (GCC) 
configure:2841: $? = 0
configure:2848: gcc -V >&5
gcc: '-V' option must have argument
configure:2852: $? = 1
configure:2875: checking for C compiler default output file name
configure:2897: gcc    conftest.c  >&5
configure:2901: $? = 0
configure:2939: result: a.out
configure:2958: checking whether the C compiler works
configure:2968: ./a.out
configure:2972: $? = 0
configure:2991: result: yes
configure:2998: checking whether we are cross compiling
configure:3000: result: no
configure:3003: checking for suffix of executables
configure:3010: gcc -o conftest    conftest.c  >&5
configure:3014: $? = 0
configure:3040: result: 
configure:3046: checking for suffix of object files
configure:3072: gcc -c   conftest.c >&5
configure:3076: $? = 0
configure:3101: result: o
configure:3105: checking whether we are using the GNU C compiler
configure:3134: gcc -c   conftest.c >&5
configure:3141: $? = 0
configure:3158: result: yes
configure:3167: checking whether gcc accepts -g
configure:3197: gcc -c -g  conftest.c >&5
configure:3204: $? = 0
configure:3305: result: yes
configure:3322: checking for gcc option to accept ISO C89
configure:3396: gcc  -c -g -O2  conftest.c >&5
configure:3403: $? = 0
configure:3426: result: none needed
configure:3455: checking for style of include used by make
configure:3483: result: GNU
configure:3508: checking dependency style of gcc
configure:3618: result: gcc3
configure:3638: checking how to run the C preprocessor
configure:3678: gcc -E  conftest.c
configure:3685: $? = 0
configure:3716: gcc -E  conftest.c
conftest.c:10:28: error: ac_nonexistent.h: No such file or directory
configure:3723: $? = 1
configure: failed program was:
| /* confdefs.h.  */
| #define PACKAGE_NAME "PSNC DRMAA for SLURM"
| #define PACKAGE_TARNAME "slurm-drmaa"
| #define PACKAGE_VERSION "1.0.6"
| #define PACKAGE_STRING "PSNC DRMAA for SLURM 1.0.6"
| #define PACKAGE_BUGREPORT "mamonski@man.poznan.pl"
| #define PACKAGE "slurm-drmaa"
| #define VERSION "1.0.6"
| /* end confdefs.h.  */
| #include <ac_nonexistent.h>
configure:3756: result: gcc -E
configure:3785: gcc -E  conftest.c
configure:3792: $? = 0
configure:3823: gcc -E  conftest.c
conftest.c:10:28: error: ac_nonexistent.h: No such file or directory
configure:3830: $? = 1
configure: failed program was:
| /* confdefs.h.  */
| #define PACKAGE_NAME "PSNC DRMAA for SLURM"
| #define PACKAGE_TARNAME "slurm-drmaa"
| #define PACKAGE_VERSION "1.0.6"
| #define PACKAGE_STRING "PSNC DRMAA for SLURM 1.0.6"
| #define PACKAGE_BUGREPORT "mamonski@man.poznan.pl"
| #define PACKAGE "slurm-drmaa"
| #define VERSION "1.0.6"
| /* end confdefs.h.  */
| #include <ac_nonexistent.h>
configure:3912: checking for ranlib
configure:3928: found /usr/bin/ranlib
configure:3939: result: ranlib
configure:3975: checking for a BSD-compatible install
configure:4043: result: /usr/bin/install -c
configure:4085: checking build system type
configure:4103: result: x86_64-unknown-linux-gnu
configure:4125: checking host system type
configure:4140: result: x86_64-unknown-linux-gnu
configure:4183: checking how to print strings
configure:4210: result: printf
configure:4231: checking for a sed that does not truncate output
configure:4297: result: /bin/sed
configure:4315: checking for grep that handles long lines and -e
configure:4375: result: /bin/grep
configure:4380: checking for egrep
configure:4444: result: /bin/grep -E
configure:4449: checking for fgrep
configure:4513: result: /bin/grep -F
configure:4548: checking for ld used by gcc
configure:4615: result: /usr/bin/ld
configure:4624: checking if the linker (/usr/bin/ld) is GNU ld
configure:4639: result: yes
configure:4651: checking for BSD- or MS-compatible name lister (nm)
configure:4700: result: /usr/bin/nm -B
configure:4830: checking the name lister (/usr/bin/nm -B) interface
configure:4837: gcc -c -g -O2  conftest.c >&5
configure:4840: /usr/bin/nm -B "conftest.o"
configure:4843: output
0000000000000000 B some_variable
configure:4850: result: BSD nm
configure:4853: checking whether ln -s works
configure:4857: result: yes
configure:4865: checking the maximum length of command line arguments
configure:4990: result: 1966080
configure:5007: checking whether the shell understands some XSI constructs
configure:5017: result: yes
configure:5021: checking whether the shell understands "+="
configure:5027: result: yes
configure:5062: checking for /usr/bin/ld option to reload object files
configure:5069: result: -r
configure:5138: checking for objdump
configure:5154: found /usr/bin/objdump
configure:5165: result: objdump
configure:5197: checking how to recognize dependent libraries
configure:5399: result: pass_all
configure:5459: checking for ar
configure:5475: found /usr/bin/ar
configure:5486: result: ar
configure:5564: checking for strip
configure:5580: found /usr/bin/strip
configure:5591: result: strip
configure:5663: checking for ranlib
configure:5690: result: ranlib
configure:5792: checking command to parse /usr/bin/nm -B output from gcc object
configure:5910: gcc -c -g -O2  conftest.c >&5
configure:5913: $? = 0
configure:5917: /usr/bin/nm -B conftest.o \| sed -n -e 's/^.*[ ]\([ABCDGIRSTW][ABCDGIRSTW]*\)[ ][ ]*\([_A-Za-z][_A-Za-z0-9]*\)$/\1 \2 \2/p' \> conftest.nm
configure:5920: $? = 0
configure:5974: gcc -o conftest -g -O2   conftest.c conftstm.o >&5
configure:5977: $? = 0
configure:6015: result: ok
configure:6111: gcc -c -g -O2  conftest.c >&5
configure:6114: $? = 0
configure:6910: checking for ANSI C header files
configure:6940: gcc -c -g -O2  conftest.c >&5
configure:6947: $? = 0
configure:7046: gcc -o conftest -g -O2   conftest.c  >&5
configure:7050: $? = 0
configure:7056: ./conftest
configure:7060: $? = 0
configure:7078: result: yes
configure:7102: checking for sys/types.h
configure:7123: gcc -c -g -O2  conftest.c >&5
configure:7130: $? = 0
configure:7147: result: yes
configure:7102: checking for sys/stat.h
configure:7123: gcc -c -g -O2  conftest.c >&5
configure:7130: $? = 0
configure:7147: result: yes
configure:7102: checking for stdlib.h
configure:7123: gcc -c -g -O2  conftest.c >&5
configure:7130: $? = 0
configure:7147: result: yes
configure:7102: checking for string.h
configure:7123: gcc -c -g -O2  conftest.c >&5
configure:7130: $? = 0
configure:7147: result: yes
configure:7102: checking for memory.h
configure:7123: gcc -c -g -O2  conftest.c >&5
configure:7130: $? = 0
configure:7147: result: yes
configure:7102: checking for strings.h
configure:7123: gcc -c -g -O2  conftest.c >&5
configure:7130: $? = 0
configure:7147: result: yes
configure:7102: checking for inttypes.h
configure:7123: gcc -c -g -O2  conftest.c >&5
configure:7130: $? = 0
configure:7147: result: yes
configure:7102: checking for stdint.h
configure:7123: gcc -c -g -O2  conftest.c >&5
configure:7130: $? = 0
configure:7147: result: yes
configure:7102: checking for unistd.h
configure:7123: gcc -c -g -O2  conftest.c >&5
configure:7130: $? = 0
configure:7147: result: yes
configure:7165: checking for dlfcn.h
configure:7186: gcc -c -g -O2  conftest.c >&5
configure:7193: $? = 0
configure:7210: result: yes
configure:7399: checking for objdir
configure:7414: result: .libs
configure:7685: checking if gcc supports -fno-rtti -fno-exceptions
configure:7703: gcc -c -g -O2  -fno-rtti -fno-exceptions conftest.c >&5
cc1: warning: command line option "-fno-rtti" is valid for C++/ObjC++ but not for C
configure:7707: $? = 0
configure:7720: result: no
configure:7740: checking for gcc option to produce PIC
configure:8025: result: -fPIC -DPIC
configure:8037: checking if gcc PIC flag -fPIC -DPIC works
configure:8055: gcc -c -g -O2  -fPIC -DPIC -DPIC conftest.c >&5
configure:8059: $? = 0
configure:8072: result: yes
configure:8096: checking if gcc static flag -static works
configure:8124: result: no
configure:8139: checking if gcc supports -c -o file.o
configure:8160: gcc -c -g -O2  -o out/conftest2.o conftest.c >&5
configure:8164: $? = 0
configure:8186: result: yes
configure:8194: checking if gcc supports -c -o file.o
configure:8241: result: yes
configure:8274: checking whether the gcc linker (/usr/bin/ld -m elf_x86_64) supports shared libraries
configure:9437: result: yes
configure:9474: checking whether -lc should be explicitly linked in
configure:9482: gcc -c -g -O2  conftest.c >&5
configure:9485: $? = 0
configure:9500: gcc -shared conftest.o  -v -Wl,-soname -Wl,conftest -o conftest 2\>\&1 \| /bin/grep  -lc  \>/dev/null 2\>\&1
configure:9503: $? = 0
configure:9517: result: no
configure:9682: checking dynamic linker characteristics
configure:10147: gcc -o conftest -g -O2   -Wl,-rpath -Wl,/foo conftest.c  >&5
configure:10154: $? = 0
configure:10391: result: GNU/Linux ld.so
configure:10498: checking how to hardcode library paths into programs
configure:10523: result: immediate
configure:11376: checking whether stripping libraries is possible
configure:11381: result: yes
configure:11416: checking if libtool supports shared libraries
configure:11418: result: yes
configure:11421: checking whether to build shared libraries
configure:11442: result: yes
configure:11445: checking whether to build static libraries
configure:11449: result: yes
configure:11484: checking whether make sets $(MAKE)
configure:11506: result: yes
configure:11515: checking whether ln -s works
configure:11519: result: yes
configure:11532: checking for rst2html
configure:11562: result: no
configure:11532: checking for rst2html.py
configure:11562: result: no
configure:11574: checking for rst2latex
configure:11604: result: no
configure:11574: checking for rst2latex.py
configure:11604: result: no
configure:11650: checking whether gcc accepts -Wno-missing-field-initializers
configure:11663: gcc -c -pedantic -ansi -g -O2 -Wall -Wextra -Wno-missing-field-initializers  conftest.c >&5
configure:11670: $? = 0
configure:11676: result: yes
configure:11689: checking whether gcc accepts -Wno-format-zero-length
configure:11701: gcc -c -pedantic -ansi -g -O2 -Wno-format-zero-length  conftest.c >&5
configure:11708: $? = 0
configure:11714: result: yes
configure:11758: checking host system type
configure:11773: result: x86_64-unknown-linux-gnu
configure:12016: checking for the pthreads library -lpthreads
configure:12059: gcc -o conftest -pedantic -ansi -g -O2 -O0  -D_REENTRANT -D_THREAD_SAFE  -D_GNU_SOURCE  conftest.c -lpthreads  >&5
/usr/bin/ld: cannot find -lpthreads
collect2: ld returned 1 exit status
configure:12066: $? = 1
configure: failed program was:
| /* confdefs.h.  */
| #define PACKAGE_NAME "PSNC DRMAA for SLURM"
| #define PACKAGE_TARNAME "slurm-drmaa"
| #define PACKAGE_VERSION "1.0.6"
| #define PACKAGE_STRING "PSNC DRMAA for SLURM 1.0.6"
| #define PACKAGE_BUGREPORT "mamonski@man.poznan.pl"
| #define PACKAGE "slurm-drmaa"
| #define VERSION "1.0.6"
| #define STDC_HEADERS 1
| #define HAVE_SYS_TYPES_H 1
| #define HAVE_SYS_STAT_H 1
| #define HAVE_STDLIB_H 1
| #define HAVE_STRING_H 1
| #define HAVE_MEMORY_H 1
| #define HAVE_STRINGS_H 1
| #define HAVE_INTTYPES_H 1
| #define HAVE_STDINT_H 1
| #define HAVE_UNISTD_H 1
| #define HAVE_DLFCN_H 1
| #define LT_OBJDIR ".libs/"
| #define DEBUGGING 1
| /* end confdefs.h.  */
| #include <pthread.h>
| int
| main ()
| {
| pthread_t th; pthread_join(th, 0);
|                      pthread_attr_init(0); pthread_cleanup_push(0, 0);
|                      pthread_create(0,0,0,0); pthread_cleanup_pop(0);
|   ;
|   return 0;
| }
configure:12089: result: no
configure:11960: checking whether pthreads work without any flags
configure:12059: gcc -o conftest -pedantic -ansi -g -O2 -O0  -D_REENTRANT -D_THREAD_SAFE  -D_GNU_SOURCE  conftest.c   >&5
/tmp/ccpYULIY.o: In function `main':
/site/drmaa/slurm-drmaa-1.0.6/conftest.c:27: undefined reference to `pthread_join'
/site/drmaa/slurm-drmaa-1.0.6/conftest.c:28: undefined reference to `__pthread_register_cancel'
/site/drmaa/slurm-drmaa-1.0.6/conftest.c:29: undefined reference to `pthread_create'
/site/drmaa/slurm-drmaa-1.0.6/conftest.c:29: undefined reference to `__pthread_unregister_cancel'
collect2: ld returned 1 exit status
configure:12066: $? = 1
configure: failed program was:
| /* confdefs.h.  */
| #define PACKAGE_NAME "PSNC DRMAA for SLURM"
| #define PACKAGE_TARNAME "slurm-drmaa"
| #define PACKAGE_VERSION "1.0.6"
| #define PACKAGE_STRING "PSNC DRMAA for SLURM 1.0.6"
| #define PACKAGE_BUGREPORT "mamonski@man.poznan.pl"
| #define PACKAGE "slurm-drmaa"
| #define VERSION "1.0.6"
| #define STDC_HEADERS 1
| #define HAVE_SYS_TYPES_H 1
| #define HAVE_SYS_STAT_H 1
| #define HAVE_STDLIB_H 1
| #define HAVE_STRING_H 1
| #define HAVE_MEMORY_H 1
| #define HAVE_STRINGS_H 1
| #define HAVE_INTTYPES_H 1
| #define HAVE_STDINT_H 1
| #define HAVE_UNISTD_H 1
| #define HAVE_DLFCN_H 1
| #define LT_OBJDIR ".libs/"
| #define DEBUGGING 1
| /* end confdefs.h.  */
| #include <pthread.h>
| int
| main ()
| {
| pthread_t th; pthread_join(th, 0);
|                      pthread_attr_init(0); pthread_cleanup_push(0, 0);
|                      pthread_create(0,0,0,0); pthread_cleanup_pop(0);
|   ;
|   return 0;
| }
configure:12089: result: no
configure:11965: checking whether pthreads work with -Kthread
configure:12059: gcc -o conftest -pedantic -ansi -g -O2 -O0 -Kthread -D_REENTRANT -D_THREAD_SAFE  -D_GNU_SOURCE  conftest.c -Kthread  >&5
gcc: unrecognized option '-Kthread'
gcc: unrecognized option '-Kthread'
/tmp/ccQwFNd1.o: In function `main':
/site/drmaa/slurm-drmaa-1.0.6/conftest.c:27: undefined reference to `pthread_join'
/site/drmaa/slurm-drmaa-1.0.6/conftest.c:28: undefined reference to `__pthread_register_cancel'
/site/drmaa/slurm-drmaa-1.0.6/conftest.c:29: undefined reference to `pthread_create'
/site/drmaa/slurm-drmaa-1.0.6/conftest.c:29: undefined reference to `__pthread_unregister_cancel'
collect2: ld returned 1 exit status
configure:12066: $? = 1
configure: failed program was:
| /* confdefs.h.  */
| #define PACKAGE_NAME "PSNC DRMAA for SLURM"
| #define PACKAGE_TARNAME "slurm-drmaa"
| #define PACKAGE_VERSION "1.0.6"
| #define PACKAGE_STRING "PSNC DRMAA for SLURM 1.0.6"
| #define PACKAGE_BUGREPORT "mamonski@man.poznan.pl"
| #define PACKAGE "slurm-drmaa"
| #define VERSION "1.0.6"
| #define STDC_HEADERS 1
| #define HAVE_SYS_TYPES_H 1
| #define HAVE_SYS_STAT_H 1
| #define HAVE_STDLIB_H 1
| #define HAVE_STRING_H 1
| #define HAVE_MEMORY_H 1
| #define HAVE_STRINGS_H 1
| #define HAVE_INTTYPES_H 1
| #define HAVE_STDINT_H 1
| #define HAVE_UNISTD_H 1
| #define HAVE_DLFCN_H 1
| #define LT_OBJDIR ".libs/"
| #define DEBUGGING 1
| /* end confdefs.h.  */
| #include <pthread.h>
| int
| main ()
| {
| pthread_t th; pthread_join(th, 0);
|                      pthread_attr_init(0); pthread_cleanup_push(0, 0);
|                      pthread_create(0,0,0,0); pthread_cleanup_pop(0);
|   ;
|   return 0;
| }
configure:12089: result: no
configure:11965: checking whether pthreads work with -kthread
configure:12059: gcc -o conftest -pedantic -ansi -g -O2 -O0 -kthread -D_REENTRANT -D_THREAD_SAFE  -D_GNU_SOURCE  conftest.c -kthread  >&5
gcc: unrecognized option '-kthread'
gcc: unrecognized option '-kthread'
/tmp/cccQBYn3.o: In function `main':
/site/drmaa/slurm-drmaa-1.0.6/conftest.c:27: undefined reference to `pthread_join'
/site/drmaa/slurm-drmaa-1.0.6/conftest.c:28: undefined reference to `__pthread_register_cancel'
/site/drmaa/slurm-drmaa-1.0.6/conftest.c:29: undefined reference to `pthread_create'
/site/drmaa/slurm-drmaa-1.0.6/conftest.c:29: undefined reference to `__pthread_unregister_cancel'
collect2: ld returned 1 exit status
configure:12066: $? = 1
configure: failed program was:
| /* confdefs.h.  */
| #define PACKAGE_NAME "PSNC DRMAA for SLURM"
| #define PACKAGE_TARNAME "slurm-drmaa"
| #define PACKAGE_VERSION "1.0.6"
| #define PACKAGE_STRING "PSNC DRMAA for SLURM 1.0.6"
| #define PACKAGE_BUGREPORT "mamonski@man.poznan.pl"
| #define PACKAGE "slurm-drmaa"
| #define VERSION "1.0.6"
| #define STDC_HEADERS 1
| #define HAVE_SYS_TYPES_H 1
| #define HAVE_SYS_STAT_H 1
| #define HAVE_STDLIB_H 1
| #define HAVE_STRING_H 1
| #define HAVE_MEMORY_H 1
| #define HAVE_STRINGS_H 1
| #define HAVE_INTTYPES_H 1
| #define HAVE_STDINT_H 1
| #define HAVE_UNISTD_H 1
| #define HAVE_DLFCN_H 1
| #define LT_OBJDIR ".libs/"
| #define DEBUGGING 1
| /* end confdefs.h.  */
| #include <pthread.h>
| int
| main ()
| {
| pthread_t th; pthread_join(th, 0);
|                      pthread_attr_init(0); pthread_cleanup_push(0, 0);
|                      pthread_create(0,0,0,0); pthread_cleanup_pop(0);
|   ;
|   return 0;
| }
configure:12089: result: no
configure:12016: checking for the pthreads library -llthread
configure:12059: gcc -o conftest -pedantic -ansi -g -O2 -O0  -D_REENTRANT -D_THREAD_SAFE  -D_GNU_SOURCE  conftest.c -llthread  >&5
/usr/bin/ld: cannot find -llthread
collect2: ld returned 1 exit status
configure:12066: $? = 1
configure: failed program was:
| /* confdefs.h.  */
| #define PACKAGE_NAME "PSNC DRMAA for SLURM"
| #define PACKAGE_TARNAME "slurm-drmaa"
| #define PACKAGE_VERSION "1.0.6"
| #define PACKAGE_STRING "PSNC DRMAA for SLURM 1.0.6"
| #define PACKAGE_BUGREPORT "mamonski@man.poznan.pl"
| #define PACKAGE "slurm-drmaa"
| #define VERSION "1.0.6"
| #define STDC_HEADERS 1
| #define HAVE_SYS_TYPES_H 1
| #define HAVE_SYS_STAT_H 1
| #define HAVE_STDLIB_H 1
| #define HAVE_STRING_H 1
| #define HAVE_MEMORY_H 1
| #define HAVE_STRINGS_H 1
| #define HAVE_INTTYPES_H 1
| #define HAVE_STDINT_H 1
| #define HAVE_UNISTD_H 1
| #define HAVE_DLFCN_H 1
| #define LT_OBJDIR ".libs/"
| #define DEBUGGING 1
| /* end confdefs.h.  */
| #include <pthread.h>
| int
| main ()
| {
| pthread_t th; pthread_join(th, 0);
|                      pthread_attr_init(0); pthread_cleanup_push(0, 0);
|                      pthread_create(0,0,0,0); pthread_cleanup_pop(0);
|   ;
|   return 0;
| }
configure:12089: result: no
configure:11965: checking whether pthreads work with -pthread
configure:12059: gcc -o conftest -pedantic -ansi -g -O2 -O0 -pthread -D_REENTRANT -D_THREAD_SAFE  -D_GNU_SOURCE  conftest.c -pthread  >&5
configure:12066: $? = 0
configure:12089: result: yes
configure:12108: checking for joinable pthread attribute
configure:12133: gcc -o conftest -pedantic -ansi -g -O2 -O0 -pthread -D_REENTRANT -D_THREAD_SAFE  -D_GNU_SOURCE  conftest.c -pthread  >&5
configure:12140: $? = 0
configure:12160: result: PTHREAD_CREATE_JOINABLE
configure:12170: checking if more special flags are required for pthreads
configure:12177: result: no
configure:12227: checking for SLURM
configure:12230: checking for SLURM compile flags
configure:12246: result: -I/opt/slurm/include/
configure:12249: checking for SLURM library dir
configure:12264: result: /opt/slurm/lib64/
configure:12281: checking for usable SLURM libraries/headers
configure:12312: gcc -o conftest -pedantic -ansi -g -O2 -O0 -pthread -D_REENTRANT -D_THREAD_SAFE  -D_GNU_SOURCE -I/opt/slurm/include/  -L/opt/slurm/lib64/ conftest.c -pthread  -lslurm  >&5
In file included from conftest.c:23:
/opt/slurm/include/slurm/slurm.h:339: warning: comma at end of enumerator list
/opt/slurm/include/slurm/slurm.h:402: warning: comma at end of enumerator list
/opt/slurm/include/slurm/slurm.h:418: warning: comma at end of enumerator list
/opt/slurm/include/slurm/slurm.h:438: warning: comma at end of enumerator list
/opt/slurm/include/slurm/slurm.h:504: warning: comma at end of enumerator list
/opt/slurm/include/slurm/slurm.h:529: warning: comma at end of enumerator list
configure:12316: $? = 0
configure:12322: ./conftest
configure:12326: $? = 0
configure:12347: result: yes
configure:12372: checking for ANSI C header files
configure:12540: result: yes
configure:12550: checking whether time.h and sys/time.h may both be included
configure:12580: gcc -c -pedantic -ansi -g -O2 -O0 -pthread -D_REENTRANT -D_THREAD_SAFE  -D_GNU_SOURCE -DCONFDIR=${prefix}/etc conftest.c >&5
<command-line>: warning: '$' in identifier or number
configure:12587: $? = 0
configure:12602: result: yes
configure:12612: checking for stdbool.h that conforms to C99
configure:12707: gcc -c -pedantic -ansi -g -O2 -O0 -pthread -D_REENTRANT -D_THREAD_SAFE  -D_GNU_SOURCE -DCONFDIR=${prefix}/etc conftest.c >&5
<command-line>: warning: '$' in identifier or number
configure:12714: $? = 0
configure:12729: result: yes
configure:12731: checking for _Bool
configure:12759: gcc -c -pedantic -ansi -g -O2 -O0 -pthread -D_REENTRANT -D_THREAD_SAFE  -D_GNU_SOURCE -DCONFDIR=${prefix}/etc conftest.c >&5
<command-line>: warning: '$' in identifier or number
configure:12766: $? = 0
configure:12793: gcc -c -pedantic -ansi -g -O2 -O0 -pthread -D_REENTRANT -D_THREAD_SAFE  -D_GNU_SOURCE -DCONFDIR=${prefix}/etc conftest.c >&5
<command-line>: warning: '$' in identifier or number
conftest.c: In function 'main':
conftest.c:61: error: expected expression before ')' token
configure:12800: $? = 1
configure: failed program was:
| /* confdefs.h.  */
| #define PACKAGE_NAME "PSNC DRMAA for SLURM"
| #define PACKAGE_TARNAME "slurm-drmaa"
| #define PACKAGE_VERSION "1.0.6"
| #define PACKAGE_STRING "PSNC DRMAA for SLURM 1.0.6"
| #define PACKAGE_BUGREPORT "mamonski@man.poznan.pl"
| #define PACKAGE "slurm-drmaa"
| #define VERSION "1.0.6"
| #define STDC_HEADERS 1
| #define HAVE_SYS_TYPES_H 1
| #define HAVE_SYS_STAT_H 1
| #define HAVE_STDLIB_H 1
| #define HAVE_STRING_H 1
| #define HAVE_MEMORY_H 1
| #define HAVE_STRINGS_H 1
| #define HAVE_INTTYPES_H 1
| #define HAVE_STDINT_H 1
| #define HAVE_UNISTD_H 1
| #define HAVE_DLFCN_H 1
| #define LT_OBJDIR ".libs/"
| #define DEBUGGING 1
| #define STDC_HEADERS 1
| #define TIME_WITH_SYS_TIME 1
| /* end confdefs.h.  */
| #include <stdio.h>
| #ifdef HAVE_SYS_TYPES_H
| # include <sys/types.h>
| #endif
| #ifdef HAVE_SYS_STAT_H
| # include <sys/stat.h>
| #endif
| #ifdef STDC_HEADERS
| # include <stdlib.h>
| # include <stddef.h>
| #else
| # ifdef HAVE_STDLIB_H
| #  include <stdlib.h>
| # endif
| #endif
| #ifdef HAVE_STRING_H
| # if !defined STDC_HEADERS && defined HAVE_MEMORY_H
| #  include <memory.h>
| # endif
| # include <string.h>
| #endif
| #ifdef HAVE_STRINGS_H
| # include <strings.h>
| #endif
| #ifdef HAVE_INTTYPES_H
| # include <inttypes.h>
| #endif
| #ifdef HAVE_STDINT_H
| # include <stdint.h>
| #endif
| #ifdef HAVE_UNISTD_H
| # include <unistd.h>
| #endif
| int
| main ()
| {
| if (sizeof ((_Bool)))
| 	  return 0;
|   ;
|   return 0;
| }
configure:12823: result: yes
configure:12863: checking stddef.h usability
configure:12880: gcc -c -pedantic -ansi -g -O2 -O0 -pthread -D_REENTRANT -D_THREAD_SAFE  -D_GNU_SOURCE -DCONFDIR=${prefix}/etc conftest.c >&5
<command-line>: warning: '$' in identifier or number
configure:12887: $? = 0
configure:12901: result: yes
configure:12905: checking stddef.h presence
configure:12920: gcc -E -D_REENTRANT -D_THREAD_SAFE  -D_GNU_SOURCE -DCONFDIR=${prefix}/etc conftest.c
configure:12927: $? = 0
configure:12941: result: yes
configure:12974: checking for stddef.h
configure:12983: result: yes
configure:12852: checking for stdlib.h
configure:12859: result: yes
configure:12852: checking for string.h
configure:12859: result: yes
configure:12852: checking for strings.h
configure:12859: result: yes
configure:12863: checking sys/time.h usability
configure:12880: gcc -c -pedantic -ansi -g -O2 -O0 -pthread -D_REENTRANT -D_THREAD_SAFE  -D_GNU_SOURCE -DCONFDIR=${prefix}/etc conftest.c >&5
<command-line>: warning: '$' in identifier or number
configure:12887: $? = 0
configure:12901: result: yes
configure:12905: checking sys/time.h presence
configure:12920: gcc -E -D_REENTRANT -D_THREAD_SAFE  -D_GNU_SOURCE -DCONFDIR=${prefix}/etc conftest.c
configure:12927: $? = 0
configure:12941: result: yes
configure:12974: checking for sys/time.h
configure:12983: result: yes
configure:12852: checking for unistd.h
configure:12859: result: yes
configure:13000: checking for size_t
configure:13028: gcc -c -pedantic -ansi -g -O2 -O0 -pthread -D_REENTRANT -D_THREAD_SAFE  -D_GNU_SOURCE -DCONFDIR=${prefix}/etc conftest.c >&5
<command-line>: warning: '$' in identifier or number
configure:13035: $? = 0
configure:13062: gcc -c -pedantic -ansi -g -O2 -O0 -pthread -D_REENTRANT -D_THREAD_SAFE  -D_GNU_SOURCE -DCONFDIR=${prefix}/etc conftest.c >&5
<command-line>: warning: '$' in identifier or number
conftest.c: In function 'main':
conftest.c:69: error: expected expression before ')' token
configure:13069: $? = 1
configure: failed program was:
| /* confdefs.h.  */
| #define PACKAGE_NAME "PSNC DRMAA for SLURM"
| #define PACKAGE_TARNAME "slurm-drmaa"
| #define PACKAGE_VERSION "1.0.6"
| #define PACKAGE_STRING "PSNC DRMAA for SLURM 1.0.6"
| #define PACKAGE_BUGREPORT "mamonski@man.poznan.pl"
| #define PACKAGE "slurm-drmaa"
| #define VERSION "1.0.6"
| #define STDC_HEADERS 1
| #define HAVE_SYS_TYPES_H 1
| #define HAVE_SYS_STAT_H 1
| #define HAVE_STDLIB_H 1
| #define HAVE_STRING_H 1
| #define HAVE_MEMORY_H 1
| #define HAVE_STRINGS_H 1
| #define HAVE_INTTYPES_H 1
| #define HAVE_STDINT_H 1
| #define HAVE_UNISTD_H 1
| #define HAVE_DLFCN_H 1
| #define LT_OBJDIR ".libs/"
| #define DEBUGGING 1
| #define STDC_HEADERS 1
| #define TIME_WITH_SYS_TIME 1
| #define HAVE__BOOL 1
| #define HAVE_STDBOOL_H 1
| #define HAVE_STDDEF_H 1
| #define HAVE_STDLIB_H 1
| #define HAVE_STRING_H 1
| #define HAVE_STRINGS_H 1
| #define HAVE_SYS_TIME_H 1
| #define HAVE_UNISTD_H 1
| /* end confdefs.h.  */
| #include <stdio.h>
| #ifdef HAVE_SYS_TYPES_H
| # include <sys/types.h>
| #endif
| #ifdef HAVE_SYS_STAT_H
| # include <sys/stat.h>
| #endif
| #ifdef STDC_HEADERS
| # include <stdlib.h>
| # include <stddef.h>
| #else
| # ifdef HAVE_STDLIB_H
| #  include <stdlib.h>
| # endif
| #endif
| #ifdef HAVE_STRING_H
| # if !defined STDC_HEADERS && defined HAVE_MEMORY_H
| #  include <memory.h>
| # endif
| # include <string.h>
| #endif
| #ifdef HAVE_STRINGS_H
| # include <strings.h>
| #endif
| #ifdef HAVE_INTTYPES_H
| # include <inttypes.h>
| #endif
| #ifdef HAVE_STDINT_H
| # include <stdint.h>
| #endif
| #ifdef HAVE_UNISTD_H
| # include <unistd.h>
| #endif
| int
| main ()
| {
| if (sizeof ((size_t)))
| 	  return 0;
|   ;
|   return 0;
| }
configure:13092: result: yes
configure:13104: checking whether struct tm is in sys/time.h or time.h
configure:13134: gcc -c -pedantic -ansi -g -O2 -O0 -pthread -D_REENTRANT -D_THREAD_SAFE  -D_GNU_SOURCE -DCONFDIR=${prefix}/etc conftest.c >&5
<command-line>: warning: '$' in identifier or number
configure:13141: $? = 0
configure:13156: result: time.h
configure:13168: checking for an ANSI C-conforming const
configure:13243: gcc -c -pedantic -ansi -g -O2 -O0 -pthread -D_REENTRANT -D_THREAD_SAFE  -D_GNU_SOURCE -DCONFDIR=${prefix}/etc conftest.c >&5
<command-line>: warning: '$' in identifier or number
configure:13250: $? = 0
configure:13265: result: yes
configure:13275: checking for inline
configure:13301: gcc -c -pedantic -ansi -g -O2 -O0 -pthread -D_REENTRANT -D_THREAD_SAFE  -D_GNU_SOURCE -DCONFDIR=${prefix}/etc conftest.c >&5
<command-line>: warning: '$' in identifier or number
conftest.c:35: error: expected '=', ',', ';', 'asm' or '__attribute__' before 'foo_t'
conftest.c:36: error: expected '=', ',', ';', 'asm' or '__attribute__' before 'foo_t'
configure:13308: $? = 1
configure: failed program was:
| /* confdefs.h.  */
| #define PACKAGE_NAME "PSNC DRMAA for SLURM"
| #define PACKAGE_TARNAME "slurm-drmaa"
| #define PACKAGE_VERSION "1.0.6"
| #define PACKAGE_STRING "PSNC DRMAA for SLURM 1.0.6"
| #define PACKAGE_BUGREPORT "mamonski@man.poznan.pl"
| #define PACKAGE "slurm-drmaa"
| #define VERSION "1.0.6"
| #define STDC_HEADERS 1
| #define HAVE_SYS_TYPES_H 1
| #define HAVE_SYS_STAT_H 1
| #define HAVE_STDLIB_H 1
| #define HAVE_STRING_H 1
| #define HAVE_MEMORY_H 1
| #define HAVE_STRINGS_H 1
| #define HAVE_INTTYPES_H 1
| #define HAVE_STDINT_H 1
| #define HAVE_UNISTD_H 1
| #define HAVE_DLFCN_H 1
| #define LT_OBJDIR ".libs/"
| #define DEBUGGING 1
| #define STDC_HEADERS 1
| #define TIME_WITH_SYS_TIME 1
| #define HAVE__BOOL 1
| #define HAVE_STDBOOL_H 1
| #define HAVE_STDDEF_H 1
| #define HAVE_STDLIB_H 1
| #define HAVE_STRING_H 1
| #define HAVE_STRINGS_H 1
| #define HAVE_SYS_TIME_H 1
| #define HAVE_UNISTD_H 1
| /* end confdefs.h.  */
| #ifndef __cplusplus
| typedef int foo_t;
| static inline foo_t static_foo () {return 0; }
| inline foo_t foo () {return 0; }
| #endif
| 
configure:13301: gcc -c -pedantic -ansi -g -O2 -O0 -pthread -D_REENTRANT -D_THREAD_SAFE  -D_GNU_SOURCE -DCONFDIR=${prefix}/etc conftest.c >&5
<command-line>: warning: '$' in identifier or number
configure:13308: $? = 0
configure:13326: result: __inline__
configure:13345: checking for working volatile
configure:13374: gcc -c -pedantic -ansi -g -O2 -O0 -pthread -D_REENTRANT -D_THREAD_SAFE  -D_GNU_SOURCE -DCONFDIR=${prefix}/etc conftest.c >&5
<command-line>: warning: '$' in identifier or number
configure:13381: $? = 0
configure:13396: result: yes
configure:13413: checking for stdlib.h
configure:13420: result: yes
configure:13559: checking for GNU libc compatible malloc
configure:13593: gcc -o conftest -pedantic -ansi -g -O2 -O0 -pthread -D_REENTRANT -D_THREAD_SAFE  -D_GNU_SOURCE -DCONFDIR=${prefix}/etc  conftest.c -pthread  >&5
<command-line>: warning: '$' in identifier or number
configure:13597: $? = 0
configure:13603: ./conftest
configure:13607: $? = 0
configure:13624: result: yes
configure:13656: checking for strftime
configure:13712: gcc -o conftest -pedantic -ansi -g -O2 -O0 -pthread -D_REENTRANT -D_THREAD_SAFE  -D_GNU_SOURCE -DCONFDIR=${prefix}/etc  conftest.c -pthread  >&5
<command-line>: warning: '$' in identifier or number
conftest.c:61: warning: conflicting types for built-in function 'strftime'
configure:13719: $? = 0
configure:13741: result: yes
configure:13832: checking for vprintf
configure:13888: gcc -o conftest -pedantic -ansi -g -O2 -O0 -pthread -D_REENTRANT -D_THREAD_SAFE  -D_GNU_SOURCE -DCONFDIR=${prefix}/etc  conftest.c -pthread  >&5
<command-line>: warning: '$' in identifier or number
conftest.c:62: warning: conflicting types for built-in function 'vprintf'
configure:13895: $? = 0
configure:13917: result: yes
configure:13926: checking for _doprnt
configure:13982: gcc -o conftest -pedantic -ansi -g -O2 -O0 -pthread -D_REENTRANT -D_THREAD_SAFE  -D_GNU_SOURCE -DCONFDIR=${prefix}/etc  conftest.c -pthread  >&5
<command-line>: warning: '$' in identifier or number
/tmp/ccAaw59M.o: In function `main':
/site/drmaa/slurm-drmaa-1.0.6/conftest.c:74: undefined reference to `_doprnt'
collect2: ld returned 1 exit status
configure:13989: $? = 1
configure: failed program was:
| /* confdefs.h.  */
| #define PACKAGE_NAME "PSNC DRMAA for SLURM"
| #define PACKAGE_TARNAME "slurm-drmaa"
| #define PACKAGE_VERSION "1.0.6"
| #define PACKAGE_STRING "PSNC DRMAA for SLURM 1.0.6"
| #define PACKAGE_BUGREPORT "mamonski@man.poznan.pl"
| #define PACKAGE "slurm-drmaa"
| #define VERSION "1.0.6"
| #define STDC_HEADERS 1
| #define HAVE_SYS_TYPES_H 1
| #define HAVE_SYS_STAT_H 1
| #define HAVE_STDLIB_H 1
| #define HAVE_STRING_H 1
| #define HAVE_MEMORY_H 1
| #define HAVE_STRINGS_H 1
| #define HAVE_INTTYPES_H 1
| #define HAVE_STDINT_H 1
| #define HAVE_UNISTD_H 1
| #define HAVE_DLFCN_H 1
| #define LT_OBJDIR ".libs/"
| #define DEBUGGING 1
| #define STDC_HEADERS 1
| #define TIME_WITH_SYS_TIME 1
| #define HAVE__BOOL 1
| #define HAVE_STDBOOL_H 1
| #define HAVE_STDDEF_H 1
| #define HAVE_STDLIB_H 1
| #define HAVE_STRING_H 1
| #define HAVE_STRINGS_H 1
| #define HAVE_SYS_TIME_H 1
| #define HAVE_UNISTD_H 1
| #ifndef __cplusplus
| #define inline __inline__
| #endif
| #define HAVE_STDLIB_H 1
| #define HAVE_MALLOC 1
| #define HAVE_STRFTIME 1
| #define HAVE_VPRINTF 1
| /* end confdefs.h.  */
| /* Define _doprnt to an innocuous variant, in case <limits.h> declares _doprnt.
|    For example, HP-UX 11i <limits.h> declares gettimeofday.  */
| #define _doprnt innocuous__doprnt
| 
| /* System header to define __stub macros and hopefully few prototypes,
|     which can conflict with char _doprnt (); below.
|     Prefer <limits.h> to <assert.h> if __STDC__ is defined, since
|     <limits.h> exists even on freestanding compilers.  */
| 
| #ifdef __STDC__
| # include <limits.h>
| #else
| # include <assert.h>
| #endif
| 
| #undef _doprnt
| 
| /* Override any GCC internal prototype to avoid an error.
|    Use char because int might match the return type of a GCC
|    builtin and then its argument prototype would still apply.  */
| #ifdef __cplusplus
| extern "C"
| #endif
| char _doprnt ();
| /* The GNU C library defines this for functions which it implements
|     to always fail with ENOSYS.  Some functions are actually named
|     something starting with __ and the normal name is an alias.  */
| #if defined __stub__doprnt || defined __stub____doprnt
| choke me
| #endif
| 
| int
| main ()
| {
| return _doprnt ();
|   ;
|   return 0;
| }
configure:14009: result: no
configure:14061: checking for asprintf
configure:14117: gcc -o conftest -pedantic -ansi -g -O2 -O0 -pthread -D_REENTRANT -D_THREAD_SAFE  -D_GNU_SOURCE -DCONFDIR=${prefix}/etc  conftest.c -pthread  >&5
<command-line>: warning: '$' in identifier or number
configure:14124: $? = 0
configure:14146: result: yes
configure:14061: checking for fstat
configure:14117: gcc -o conftest -pedantic -ansi -g -O2 -O0 -pthread -D_REENTRANT -D_THREAD_SAFE  -D_GNU_SOURCE -DCONFDIR=${prefix}/etc  conftest.c -pthread  >&5
<command-line>: warning: '$' in identifier or number
configure:14124: $? = 0
configure:14146: result: yes
configure:14061: checking for getcwd
configure:14117: gcc -o conftest -pedantic -ansi -g -O2 -O0 -pthread -D_REENTRANT -D_THREAD_SAFE  -D_GNU_SOURCE -DCONFDIR=${prefix}/etc  conftest.c -pthread  >&5
<command-line>: warning: '$' in identifier or number
configure:14124: $? = 0
configure:14146: result: yes
configure:14061: checking for gettimeofday
configure:14117: gcc -o conftest -pedantic -ansi -g -O2 -O0 -pthread -D_REENTRANT -D_THREAD_SAFE  -D_GNU_SOURCE -DCONFDIR=${prefix}/etc  conftest.c -pthread  >&5
<command-line>: warning: '$' in identifier or number
configure:14124: $? = 0
configure:14146: result: yes
configure:14061: checking for localtime_r
configure:14117: gcc -o conftest -pedantic -ansi -g -O2 -O0 -pthread -D_REENTRANT -D_THREAD_SAFE  -D_GNU_SOURCE -DCONFDIR=${prefix}/etc  conftest.c -pthread  >&5
<command-line>: warning: '$' in identifier or number
configure:14124: $? = 0
configure:14146: result: yes
configure:14061: checking for memset
configure:14117: gcc -o conftest -pedantic -ansi -g -O2 -O0 -pthread -D_REENTRANT -D_THREAD_SAFE  -D_GNU_SOURCE -DCONFDIR=${prefix}/etc  conftest.c -pthread  >&5
<command-line>: warning: '$' in identifier or number
conftest.c:68: warning: conflicting types for built-in function 'memset'
configure:14124: $? = 0
configure:14146: result: yes
configure:14061: checking for mkstemp
configure:14117: gcc -o conftest -pedantic -ansi -g -O2 -O0 -pthread -D_REENTRANT -D_THREAD_SAFE  -D_GNU_SOURCE -DCONFDIR=${prefix}/etc  conftest.c -pthread  >&5
<command-line>: warning: '$' in identifier or number
configure:14124: $? = 0
configure:14146: result: yes
configure:14061: checking for setenv
configure:14117: gcc -o conftest -pedantic -ansi -g -O2 -O0 -pthread -D_REENTRANT -D_THREAD_SAFE  -D_GNU_SOURCE -DCONFDIR=${prefix}/etc  conftest.c -pthread  >&5
<command-line>: warning: '$' in identifier or number
configure:14124: $? = 0
configure:14146: result: yes
configure:14061: checking for strcasecmp
configure:14117: gcc -o conftest -pedantic -ansi -g -O2 -O0 -pthread -D_REENTRANT -D_THREAD_SAFE  -D_GNU_SOURCE -DCONFDIR=${prefix}/etc  conftest.c -pthread  >&5
<command-line>: warning: '$' in identifier or number
configure:14124: $? = 0
configure:14146: result: yes
configure:14061: checking for strchr
configure:14117: gcc -o conftest -pedantic -ansi -g -O2 -O0 -pthread -D_REENTRANT -D_THREAD_SAFE  -D_GNU_SOURCE -DCONFDIR=${prefix}/etc  conftest.c -pthread  >&5
<command-line>: warning: '$' in identifier or number
conftest.c:72: warning: conflicting types for built-in function 'strchr'
configure:14124: $? = 0
configure:14146: result: yes
configure:14061: checking for strdup
configure:14117: gcc -o conftest -pedantic -ansi -g -O2 -O0 -pthread -D_REENTRANT -D_THREAD_SAFE  -D_GNU_SOURCE -DCONFDIR=${prefix}/etc  conftest.c -pthread  >&5
<command-line>: warning: '$' in identifier or number
configure:14124: $? = 0
configure:14146: result: yes
configure:14061: checking for strerror
configure:14117: gcc -o conftest -pedantic -ansi -g -O2 -O0 -pthread -D_REENTRANT -D_THREAD_SAFE  -D_GNU_SOURCE -DCONFDIR=${prefix}/etc  conftest.c -pthread  >&5
<command-line>: warning: '$' in identifier or number
configure:14124: $? = 0
configure:14146: result: yes
configure:14061: checking for strlcpy
configure:14117: gcc -o conftest -pedantic -ansi -g -O2 -O0 -pthread -D_REENTRANT -D_THREAD_SAFE  -D_GNU_SOURCE -DCONFDIR=${prefix}/etc  conftest.c -pthread  >&5
<command-line>: warning: '$' in identifier or number
/tmp/ccHXUD2e.o: In function `main':
/site/drmaa/slurm-drmaa-1.0.6/conftest.c:86: undefined reference to `strlcpy'
collect2: ld returned 1 exit status
configure:14124: $? = 1
configure: failed program was:
| /* confdefs.h.  */
| #define PACKAGE_NAME "PSNC DRMAA for SLURM"
| #define PACKAGE_TARNAME "slurm-drmaa"
| #define PACKAGE_VERSION "1.0.6"
| #define PACKAGE_STRING "PSNC DRMAA for SLURM 1.0.6"
| #define PACKAGE_BUGREPORT "mamonski@man.poznan.pl"
| #define PACKAGE "slurm-drmaa"
| #define VERSION "1.0.6"
| #define STDC_HEADERS 1
| #define HAVE_SYS_TYPES_H 1
| #define HAVE_SYS_STAT_H 1
| #define HAVE_STDLIB_H 1
| #define HAVE_STRING_H 1
| #define HAVE_MEMORY_H 1
| #define HAVE_STRINGS_H 1
| #define HAVE_INTTYPES_H 1
| #define HAVE_STDINT_H 1
| #define HAVE_UNISTD_H 1
| #define HAVE_DLFCN_H 1
| #define LT_OBJDIR ".libs/"
| #define DEBUGGING 1
| #define STDC_HEADERS 1
| #define TIME_WITH_SYS_TIME 1
| #define HAVE__BOOL 1
| #define HAVE_STDBOOL_H 1
| #define HAVE_STDDEF_H 1
| #define HAVE_STDLIB_H 1
| #define HAVE_STRING_H 1
| #define HAVE_STRINGS_H 1
| #define HAVE_SYS_TIME_H 1
| #define HAVE_UNISTD_H 1
| #ifndef __cplusplus
| #define inline __inline__
| #endif
| #define HAVE_STDLIB_H 1
| #define HAVE_MALLOC 1
| #define HAVE_STRFTIME 1
| #define HAVE_VPRINTF 1
| #define HAVE_ASPRINTF 1
| #define HAVE_FSTAT 1
| #define HAVE_GETCWD 1
| #define HAVE_GETTIMEOFDAY 1
| #define HAVE_LOCALTIME_R 1
| #define HAVE_MEMSET 1
| #define HAVE_MKSTEMP 1
| #define HAVE_SETENV 1
| #define HAVE_STRCASECMP 1
| #define HAVE_STRCHR 1
| #define HAVE_STRDUP 1
| #define HAVE_STRERROR 1
| /* end confdefs.h.  */
| /* Define strlcpy to an innocuous variant, in case <limits.h> declares strlcpy.
|    For example, HP-UX 11i <limits.h> declares gettimeofday.  */
| #define strlcpy innocuous_strlcpy
| 
| /* System header to define __stub macros and hopefully few prototypes,
|     which can conflict with char strlcpy (); below.
|     Prefer <limits.h> to <assert.h> if __STDC__ is defined, since
|     <limits.h> exists even on freestanding compilers.  */
| 
| #ifdef __STDC__
| # include <limits.h>
| #else
| # include <assert.h>
| #endif
| 
| #undef strlcpy
| 
| /* Override any GCC internal prototype to avoid an error.
|    Use char because int might match the return type of a GCC
|    builtin and then its argument prototype would still apply.  */
| #ifdef __cplusplus
| extern "C"
| #endif
| char strlcpy ();
| /* The GNU C library defines this for functions which it implements
|     to always fail with ENOSYS.  Some functions are actually named
|     something starting with __ and the normal name is an alias.  */
| #if defined __stub_strlcpy || defined __stub___strlcpy
| choke me
| #endif
| 
| int
| main ()
| {
| return strlcpy ();
|   ;
|   return 0;
| }
configure:14146: result: no
configure:14061: checking for strndup
configure:14117: gcc -o conftest -pedantic -ansi -g -O2 -O0 -pthread -D_REENTRANT -D_THREAD_SAFE  -D_GNU_SOURCE -DCONFDIR=${prefix}/etc  conftest.c -pthread  >&5
<command-line>: warning: '$' in identifier or number
configure:14124: $? = 0
configure:14146: result: yes
configure:14061: checking for strstr
configure:14117: gcc -o conftest -pedantic -ansi -g -O2 -O0 -pthread -D_REENTRANT -D_THREAD_SAFE  -D_GNU_SOURCE -DCONFDIR=${prefix}/etc  conftest.c -pthread  >&5
<command-line>: warning: '$' in identifier or number
conftest.c:76: warning: conflicting types for built-in function 'strstr'
configure:14124: $? = 0
configure:14146: result: yes
configure:14061: checking for strtol
configure:14117: gcc -o conftest -pedantic -ansi -g -O2 -O0 -pthread -D_REENTRANT -D_THREAD_SAFE  -D_GNU_SOURCE -DCONFDIR=${prefix}/etc  conftest.c -pthread  >&5
<command-line>: warning: '$' in identifier or number
configure:14124: $? = 0
configure:14146: result: yes
configure:14061: checking for vasprintf
configure:14117: gcc -o conftest -pedantic -ansi -g -O2 -O0 -pthread -D_REENTRANT -D_THREAD_SAFE  -D_GNU_SOURCE -DCONFDIR=${prefix}/etc  conftest.c -pthread  >&5
<command-line>: warning: '$' in identifier or number
configure:14124: $? = 0
configure:14146: result: yes
configure:14308: creating ./config.status

## ---------------------- ##
## Running config.status. ##
## ---------------------- ##

This file was extended by PSNC DRMAA for SLURM config.status 1.0.6, which was
generated by GNU Autoconf 2.63.  Invocation command line was

  CONFIG_FILES    = 
  CONFIG_HEADERS  = 
  CONFIG_LINKS    = 
  CONFIG_COMMANDS = 
  $ ./config.status 

on geoportal-dev.hpc.uio.no

config.status:1036: creating Makefile
config.status:1036: creating slurm_drmaa/Makefile
config.status:1036: creating config.h
config.status:1258: config.h is unchanged
config.status:1310: executing depfiles commands
config.status:1310: executing libtool commands
configure:16612: === configuring in drmaa_utils (/site/drmaa/slurm-drmaa-1.0.6/drmaa_utils)
configure:16715: running /bin/sh ./configure --disable-option-checking '--prefix=/site/drmaa'  '--with-slurm-inc=/opt/slurm/include/' '--with-slurm-lib=/opt/slurm/lib64/' '--enable-debug' --cache-file=/dev/null --srcdir=.

## ---------------- ##
## Cache variables. ##
## ---------------- ##

ac_cv_build=x86_64-unknown-linux-gnu
ac_cv_c_compiler_gnu=yes
ac_cv_c_const=yes
ac_cv_c_inline=__inline__
ac_cv_c_volatile=yes
ac_cv_env_CC_set=
ac_cv_env_CC_value=
ac_cv_env_CFLAGS_set=
ac_cv_env_CFLAGS_value=
ac_cv_env_CPPFLAGS_set=
ac_cv_env_CPPFLAGS_value=
ac_cv_env_CPP_set=
ac_cv_env_CPP_value=
ac_cv_env_LDFLAGS_set=
ac_cv_env_LDFLAGS_value=
ac_cv_env_LIBS_set=
ac_cv_env_LIBS_value=
ac_cv_env_build_alias_set=
ac_cv_env_build_alias_value=
ac_cv_env_host_alias_set=
ac_cv_env_host_alias_value=
ac_cv_env_target_alias_set=
ac_cv_env_target_alias_value=
ac_cv_func__doprnt=no
ac_cv_func_asprintf=yes
ac_cv_func_fstat=yes
ac_cv_func_getcwd=yes
ac_cv_func_gettimeofday=yes
ac_cv_func_localtime_r=yes
ac_cv_func_malloc_0_nonnull=yes
ac_cv_func_memset=yes
ac_cv_func_mkstemp=yes
ac_cv_func_setenv=yes
ac_cv_func_strcasecmp=yes
ac_cv_func_strchr=yes
ac_cv_func_strdup=yes
ac_cv_func_strerror=yes
ac_cv_func_strftime=yes
ac_cv_func_strlcpy=no
ac_cv_func_strndup=yes
ac_cv_func_strstr=yes
ac_cv_func_strtol=yes
ac_cv_func_vasprintf=yes
ac_cv_func_vprintf=yes
ac_cv_header_dlfcn_h=yes
ac_cv_header_inttypes_h=yes
ac_cv_header_memory_h=yes
ac_cv_header_stdbool_h=yes
ac_cv_header_stdc=yes
ac_cv_header_stddef_h=yes
ac_cv_header_stdint_h=yes
ac_cv_header_stdlib_h=yes
ac_cv_header_string_h=yes
ac_cv_header_strings_h=yes
ac_cv_header_sys_stat_h=yes
ac_cv_header_sys_time_h=yes
ac_cv_header_sys_types_h=yes
ac_cv_header_time=yes
ac_cv_header_unistd_h=yes
ac_cv_host=x86_64-unknown-linux-gnu
ac_cv_objext=o
ac_cv_path_EGREP='/bin/grep -E'
ac_cv_path_FGREP='/bin/grep -F'
ac_cv_path_GREP=/bin/grep
ac_cv_path_SED=/bin/sed
ac_cv_path_install='/usr/bin/install -c'
ac_cv_path_mkdir=/bin/mkdir
ac_cv_prog_AWK=gawk
ac_cv_prog_CPP='gcc -E'
ac_cv_prog_ac_ct_AR=ar
ac_cv_prog_ac_ct_CC=gcc
ac_cv_prog_ac_ct_OBJDUMP=objdump
ac_cv_prog_ac_ct_RANLIB=ranlib
ac_cv_prog_ac_ct_STRIP=strip
ac_cv_prog_cc_c89=
ac_cv_prog_cc_g=yes
ac_cv_prog_make_make_set=yes
ac_cv_struct_tm=time.h
ac_cv_type__Bool=yes
ac_cv_type_size_t=yes
am_cv_CC_dependencies_compiler_type=gcc3
lt_cv_archive_cmds_need_lc=no
lt_cv_deplibs_check_method=pass_all
lt_cv_file_magic_cmd='$MAGIC_CMD'
lt_cv_file_magic_test_file=
lt_cv_ld_reload_flag=-r
lt_cv_nm_interface='BSD nm'
lt_cv_objdir=.libs
lt_cv_path_LD=/usr/bin/ld
lt_cv_path_NM='/usr/bin/nm -B'
lt_cv_prog_compiler_c_o=yes
lt_cv_prog_compiler_pic_works=yes
lt_cv_prog_compiler_rtti_exceptions=no
lt_cv_prog_compiler_static_works=no
lt_cv_prog_gnu_ld=yes
lt_cv_shlibpath_overrides_runpath=no
lt_cv_sys_global_symbol_pipe='sed -n -e '\''s/^.*[	 ]\([ABCDGIRSTW][ABCDGIRSTW]*\)[	 ][	 ]*\([_A-Za-z][_A-Za-z0-9]*\)$/\1 \2 \2/p'\'''
lt_cv_sys_global_symbol_to_c_name_address='sed -n -e '\''s/^: \([^ ]*\) $/  {\"\1\", (void *) 0},/p'\'' -e '\''s/^[ABCDGIRSTW]* \([^ ]*\) \([^ ]*\)$/  {"\2", (void *) \&\2},/p'\'''
lt_cv_sys_global_symbol_to_c_name_address_lib_prefix='sed -n -e '\''s/^: \([^ ]*\) $/  {\"\1\", (void *) 0},/p'\'' -e '\''s/^[ABCDGIRSTW]* \([^ ]*\) \(lib[^ ]*\)$/  {"\2", (void *) \&\2},/p'\'' -e '\''s/^[ABCDGIRSTW]* \([^ ]*\) \([^ ]*\)$/  {"lib\2", (void *) \&\2},/p'\'''
lt_cv_sys_global_symbol_to_cdecl='sed -n -e '\''s/^T .* \(.*\)$/extern int \1();/p'\'' -e '\''s/^[ABCDGIRSTW]* .* \(.*\)$/extern char \1;/p'\'''
lt_cv_sys_max_cmd_len=1966080

## ----------------- ##
## Output variables. ##
## ----------------- ##

ACLOCAL='${SHELL} /site/drmaa/slurm-drmaa-1.0.6/scripts/missing --run aclocal-1.11'
AMDEPBACKSLASH='\'
AMDEP_FALSE='#'
AMDEP_TRUE=''
AMTAR='${SHELL} /site/drmaa/slurm-drmaa-1.0.6/scripts/missing --run tar'
AR='ar'
AUTOCONF='${SHELL} /site/drmaa/slurm-drmaa-1.0.6/scripts/missing --run autoconf'
AUTOHEADER='${SHELL} /site/drmaa/slurm-drmaa-1.0.6/scripts/missing --run autoheader'
AUTOMAKE='${SHELL} /site/drmaa/slurm-drmaa-1.0.6/scripts/missing --run automake-1.11'
AWK='gawk'
CC='gcc'
CCDEPMODE='depmode=gcc3'
CFLAGS='-Wall -W -Wno-unused-parameter -Wno-format-zero-length -pedantic -ansi -g -O2 -O0 -pthread'
CPP='gcc -E'
CPPFLAGS='-D_REENTRANT -D_THREAD_SAFE  -D_GNU_SOURCE -DCONFDIR=${prefix}/etc'
CYGPATH_W='echo'
DEFS='-DHAVE_CONFIG_H'
DEPDIR='.deps'
DSYMUTIL=''
DUMPBIN=''
ECHO_C=''
ECHO_N='-n'
ECHO_T=''
EGREP='/bin/grep -E'
EXEEXT=''
FGREP='/bin/grep -F'
GCC_FALSE='#'
GCC_TRUE=''
GCC_W_NO_FORMAT_ZERO_LENGTH='-Wno-format-zero-length'
GCC_W_NO_MISSING_FIELD_INITIALIZERS='-Wno-missing-field-initializers'
GREP='/bin/grep'
INSTALL_DATA='${INSTALL} -m 644'
INSTALL_PROGRAM='${INSTALL}'
INSTALL_SCRIPT='${INSTALL}'
INSTALL_STRIP_PROGRAM='$(install_sh) -c -s'
LD='/usr/bin/ld -m elf_x86_64'
LDFLAGS=''
LIBOBJS=''
LIBS='-pthread '
LIBTOOL='$(SHELL) $(top_builddir)/libtool'
LIPO=''
LN_S='ln -s'
LTLIBOBJS=''
MAKEINFO='${SHELL} /site/drmaa/slurm-drmaa-1.0.6/scripts/missing --run makeinfo'
MKDIR_P='/bin/mkdir -p'
NM='/usr/bin/nm -B'
NMEDIT=''
OBJDUMP='objdump'
OBJEXT='o'
OTOOL64=''
OTOOL=''
PACKAGE='slurm-drmaa'
PACKAGE_BUGREPORT='mamonski@man.poznan.pl'
PACKAGE_NAME='PSNC DRMAA for SLURM'
PACKAGE_STRING='PSNC DRMAA for SLURM 1.0.6'
PACKAGE_TARNAME='slurm-drmaa'
PACKAGE_VERSION='1.0.6'
PATH_SEPARATOR=':'
PTHREAD_CFLAGS='-pthread'
PTHREAD_LIBS='-pthread'
RANLIB='ranlib'
RST2HTML='sh m4/missing-dev-prog.sh docutils'
RST2LATEX='sh m4/missing-dev-prog.sh docutils'
SED='/bin/sed'
SET_MAKE=''
SHELL='/bin/sh'
SLURM_DRMAA_MAJOR='1'
SLURM_DRMAA_MICRO='6'
SLURM_DRMAA_MINOR='0'
SLURM_DRMAA_VERSION_INFO='1:6:0'
SLURM_INCLUDES='-I/opt/slurm/include/'
SLURM_LDFLAGS='-L/opt/slurm/lib64/'
SLURM_LIBS='-lslurm '
STRIP='strip'
VERSION='1.0.6'
ac_ct_CC='gcc'
ac_ct_DUMPBIN=''
acx_pthread_config=''
am__EXEEXT_FALSE=''
am__EXEEXT_TRUE='#'
am__fastdepCC_FALSE='#'
am__fastdepCC_TRUE=''
am__include='include'
am__isrc=''
am__leading_dot='.'
am__quote=''
am__tar='${AMTAR} chof - "$$tardir"'
am__untar='${AMTAR} xf -'
bindir='${exec_prefix}/bin'
build='x86_64-unknown-linux-gnu'
build_alias=''
build_cpu='x86_64'
build_os='linux-gnu'
build_vendor='unknown'
datadir='${datarootdir}'
datarootdir='${prefix}/share'
docdir='${datarootdir}/doc/${PACKAGE_TARNAME}'
dvidir='${docdir}'
exec_prefix='${prefix}'
host='x86_64-unknown-linux-gnu'
host_alias=''
host_cpu='x86_64'
host_os='linux-gnu'
host_vendor='unknown'
htmldir='${docdir}'
includedir='${prefix}/include'
infodir='${datarootdir}/info'
install_sh='${SHELL} /site/drmaa/slurm-drmaa-1.0.6/scripts/install-sh'
libdir='${exec_prefix}/lib'
libexecdir='${exec_prefix}/libexec'
localedir='${datarootdir}/locale'
localstatedir='${prefix}/var'
mandir='${datarootdir}/man'
mkdir_p='/bin/mkdir -p'
oldincludedir='/usr/include'
pdfdir='${docdir}'
prefix='/site/drmaa'
program_transform_name='s,x,x,'
psdir='${docdir}'
sbindir='${exec_prefix}/sbin'
sharedstatedir='${prefix}/com'
subdirs=' drmaa_utils'
sysconfdir='${prefix}/etc'
target_alias=''

## ----------- ##
## confdefs.h. ##
## ----------- ##

#define PACKAGE_NAME "PSNC DRMAA for SLURM"
#define PACKAGE_TARNAME "slurm-drmaa"
#define PACKAGE_VERSION "1.0.6"
#define PACKAGE_STRING "PSNC DRMAA for SLURM 1.0.6"
#define PACKAGE_BUGREPORT "mamonski@man.poznan.pl"
#define PACKAGE "slurm-drmaa"
#define VERSION "1.0.6"
#define STDC_HEADERS 1
#define HAVE_SYS_TYPES_H 1
#define HAVE_SYS_STAT_H 1
#define HAVE_STDLIB_H 1
#define HAVE_STRING_H 1
#define HAVE_MEMORY_H 1
#define HAVE_STRINGS_H 1
#define HAVE_INTTYPES_H 1
#define HAVE_STDINT_H 1
#define HAVE_UNISTD_H 1
#define HAVE_DLFCN_H 1
#define LT_OBJDIR ".libs/"
#define DEBUGGING 1
#define STDC_HEADERS 1
#define TIME_WITH_SYS_TIME 1
#define HAVE__BOOL 1
#define HAVE_STDBOOL_H 1
#define HAVE_STDDEF_H 1
#define HAVE_STDLIB_H 1
#define HAVE_STRING_H 1
#define HAVE_STRINGS_H 1
#define HAVE_SYS_TIME_H 1
#define HAVE_UNISTD_H 1
#ifndef __cplusplus
#define inline __inline__
#endif
#define HAVE_STDLIB_H 1
#define HAVE_MALLOC 1
#define HAVE_STRFTIME 1
#define HAVE_VPRINTF 1
#define HAVE_ASPRINTF 1
#define HAVE_FSTAT 1
#define HAVE_GETCWD 1
#define HAVE_GETTIMEOFDAY 1
#define HAVE_LOCALTIME_R 1
#define HAVE_MEMSET 1
#define HAVE_MKSTEMP 1
#define HAVE_SETENV 1
#define HAVE_STRCASECMP 1
#define HAVE_STRCHR 1
#define HAVE_STRDUP 1
#define HAVE_STRERROR 1
#define HAVE_STRNDUP 1
#define HAVE_STRSTR 1
#define HAVE_STRTOL 1
#define HAVE_VASPRINTF 1

configure: exit 0
