This file contains any messages produced by compilers while
running configure, to aid debugging if configure makes a mistake.

It was created by PSNC DRMAA for SLURM configure 1.0.6, which was
generated by GNU Autoconf 2.67.  Invocation command line was

  $ ./configure --with-slurm-inc=/opt/slurm/include/ --with-slurm-lib=/opt/slurm/lib64/ --prefix=/site/drmaa --enable-debug

## --------- ##
## Platform. ##
## --------- ##

hostname = galaxy-test.uio.no
uname -m = x86_64
uname -r = 2.6.32-358.0.1.el6.x86_64
uname -s = Linux
uname -v = #1 SMP Wed Feb 20 11:05:23 EST 2013

/usr/bin/uname -p = unknown
/bin/uname -X     = unknown

/bin/arch              = x86_64
/usr/bin/arch -k       = unknown
/usr/convex/getsysinfo = unknown
/usr/bin/hostinfo      = unknown
/bin/machine           = unknown
/usr/bin/oslevel       = unknown
/bin/universe          = unknown

PATH: /site/drmaa/bin
PATH: /usr/local/sbin
PATH: /sbin
PATH: /bin
PATH: /usr/sbin
PATH: /usr/bin
PATH: /root/bin


## ----------- ##
## Core tests. ##
## ----------- ##

configure:2348: checking for a BSD-compatible install
configure:2416: result: /usr/bin/install -c
configure:2427: checking whether build environment is sane
configure:2477: result: yes
configure:2618: checking for a thread-safe mkdir -p
configure:2657: result: /bin/mkdir -p
configure:2670: checking for gawk
configure:2686: found /bin/gawk
configure:2697: result: gawk
configure:2708: checking whether make sets $(MAKE)
configure:2730: result: yes
configure:2872: checking for gcc
configure:2888: found /usr/bin/gcc
configure:2899: result: gcc
configure:3128: checking for C compiler version
configure:3137: gcc --version >&5
gcc (GCC) 4.4.7 20120313 (Red Hat 4.4.7-3)
Copyright (C) 2010 Free Software Foundation, Inc.
This is free software; see the source for copying conditions.  There is NO
warranty; not even for MERCHANTABILITY or FITNESS FOR A PARTICULAR PURPOSE.

configure:3148: $? = 0
configure:3137: gcc -v >&5
Using built-in specs.
Target: x86_64-redhat-linux
Configured with: ../configure --prefix=/usr --mandir=/usr/share/man --infodir=/usr/share/info --with-bugurl=http://bugzilla.redhat.com/bugzilla --enable-bootstrap --enable-shared --enable-threads=posix --enable-checking=release --with-system-zlib --enable-__cxa_atexit --disable-libunwind-exceptions --enable-gnu-unique-object --enable-languages=c,c++,objc,obj-c++,java,fortran,ada --enable-java-awt=gtk --disable-dssi --with-java-home=/usr/lib/jvm/java-1.5.0-gcj-1.5.0.0/jre --enable-libgcj-multifile --enable-java-maintainer-mode --with-ecj-jar=/usr/share/java/eclipse-ecj.jar --disable-libjava-multilib --with-ppl --with-cloog --with-tune=generic --with-arch_32=i686 --build=x86_64-redhat-linux
Thread model: posix
gcc version 4.4.7 20120313 (Red Hat 4.4.7-3) (GCC) 
configure:3148: $? = 0
configure:3137: gcc -V >&5
gcc: '-V' option must have argument
configure:3148: $? = 1
configure:3137: gcc -qversion >&5
gcc: unrecognized option '-qversion'
gcc: no input files
configure:3148: $? = 1
configure:3168: checking whether the C compiler works
configure:3190: gcc    conftest.c  >&5
configure:3194: $? = 0
configure:3242: result: yes
configure:3245: checking for C compiler default output file name
configure:3247: result: a.out
configure:3253: checking for suffix of executables
configure:3260: gcc -o conftest    conftest.c  >&5
configure:3264: $? = 0
configure:3286: result: 
configure:3308: checking whether we are cross compiling
configure:3316: gcc -o conftest    conftest.c  >&5
configure:3320: $? = 0
configure:3327: ./conftest
configure:3331: $? = 0
configure:3346: result: no
configure:3351: checking for suffix of object files
configure:3373: gcc -c   conftest.c >&5
configure:3377: $? = 0
configure:3398: result: o
configure:3402: checking whether we are using the GNU C compiler
configure:3421: gcc -c   conftest.c >&5
configure:3421: $? = 0
configure:3430: result: yes
configure:3439: checking whether gcc accepts -g
configure:3459: gcc -c -g  conftest.c >&5
configure:3459: $? = 0
configure:3500: result: yes
configure:3517: checking for gcc option to accept ISO C89
configure:3581: gcc  -c -g -O2  conftest.c >&5
configure:3581: $? = 0
configure:3594: result: none needed
configure:3625: checking for style of include used by make
configure:3653: result: GNU
configure:3678: checking dependency style of gcc
configure:3788: result: gcc3
configure:3808: checking how to run the C preprocessor
configure:3839: gcc -E  conftest.c
configure:3839: $? = 0
configure:3853: gcc -E  conftest.c
conftest.c:11:28: error: ac_nonexistent.h: No such file or directory
configure:3853: $? = 1
configure: failed program was:
| /* confdefs.h */
| #define PACKAGE_NAME "PSNC DRMAA for SLURM"
| #define PACKAGE_TARNAME "slurm-drmaa"
| #define PACKAGE_VERSION "1.0.6"
| #define PACKAGE_STRING "PSNC DRMAA for SLURM 1.0.6"
| #define PACKAGE_BUGREPORT "mamonski@man.poznan.pl"
| #define PACKAGE_URL ""
| #define PACKAGE "slurm-drmaa"
| #define VERSION "1.0.6"
| /* end confdefs.h.  */
| #include <ac_nonexistent.h>
configure:3878: result: gcc -E
configure:3898: gcc -E  conftest.c
configure:3898: $? = 0
configure:3912: gcc -E  conftest.c
conftest.c:11:28: error: ac_nonexistent.h: No such file or directory
configure:3912: $? = 1
configure: failed program was:
| /* confdefs.h */
| #define PACKAGE_NAME "PSNC DRMAA for SLURM"
| #define PACKAGE_TARNAME "slurm-drmaa"
| #define PACKAGE_VERSION "1.0.6"
| #define PACKAGE_STRING "PSNC DRMAA for SLURM 1.0.6"
| #define PACKAGE_BUGREPORT "mamonski@man.poznan.pl"
| #define PACKAGE_URL ""
| #define PACKAGE "slurm-drmaa"
| #define VERSION "1.0.6"
| /* end confdefs.h.  */
| #include <ac_nonexistent.h>
configure:3983: checking for ranlib
configure:3999: found /usr/bin/ranlib
configure:4010: result: ranlib
configure:4062: checking build system type
configure:4076: result: x86_64-unknown-linux-gnu
configure:4096: checking host system type
configure:4109: result: x86_64-unknown-linux-gnu
configure:4150: checking how to print strings
configure:4177: result: printf
configure:4198: checking for a sed that does not truncate output
configure:4262: result: /bin/sed
configure:4280: checking for grep that handles long lines and -e
configure:4338: result: /bin/grep
configure:4343: checking for egrep
configure:4405: result: /bin/grep -E
configure:4410: checking for fgrep
configure:4472: result: /bin/grep -F
configure:4507: checking for ld used by gcc
configure:4574: result: /usr/bin/ld
configure:4581: checking if the linker (/usr/bin/ld) is GNU ld
configure:4596: result: yes
configure:4608: checking for BSD- or MS-compatible name lister (nm)
configure:4657: result: /usr/bin/nm -B
configure:4787: checking the name lister (/usr/bin/nm -B) interface
configure:4794: gcc -c -g -O2  conftest.c >&5
configure:4797: /usr/bin/nm -B "conftest.o"
configure:4800: output
0000000000000000 B some_variable
configure:4807: result: BSD nm
configure:4810: checking whether ln -s works
configure:4814: result: yes
configure:4822: checking the maximum length of command line arguments
configure:4947: result: 1966080
configure:4964: checking whether the shell understands some XSI constructs
configure:4974: result: yes
configure:4978: checking whether the shell understands "+="
configure:4984: result: yes
configure:5019: checking for /usr/bin/ld option to reload object files
configure:5026: result: -r
configure:5095: checking for objdump
configure:5111: found /usr/bin/objdump
configure:5122: result: objdump
configure:5154: checking how to recognize dependent libraries
configure:5356: result: pass_all
configure:5416: checking for ar
configure:5432: found /usr/bin/ar
configure:5443: result: ar
configure:5521: checking for strip
configure:5537: found /usr/bin/strip
configure:5548: result: strip
configure:5620: checking for ranlib
configure:5647: result: ranlib
configure:5749: checking command to parse /usr/bin/nm -B output from gcc object
configure:5867: gcc -c -g -O2  conftest.c >&5
configure:5870: $? = 0
configure:5874: /usr/bin/nm -B conftest.o \| sed -n -e 's/^.*[ ]\([ABCDGIRSTW][ABCDGIRSTW]*\)[ ][ ]*\([_A-Za-z][_A-Za-z0-9]*\)$/\1 \2 \2/p' \> conftest.nm
configure:5877: $? = 0
configure:5931: gcc -o conftest -g -O2   conftest.c conftstm.o >&5
configure:5934: $? = 0
configure:5972: result: ok
configure:6068: gcc -c -g -O2  conftest.c >&5
configure:6071: $? = 0
configure:6809: checking for ANSI C header files
configure:6829: gcc -c -g -O2  conftest.c >&5
configure:6829: $? = 0
configure:6902: gcc -o conftest -g -O2   conftest.c  >&5
configure:6902: $? = 0
configure:6902: ./conftest
configure:6902: $? = 0
configure:6913: result: yes
configure:6926: checking for sys/types.h
configure:6926: gcc -c -g -O2  conftest.c >&5
configure:6926: $? = 0
configure:6926: result: yes
configure:6926: checking for sys/stat.h
configure:6926: gcc -c -g -O2  conftest.c >&5
configure:6926: $? = 0
configure:6926: result: yes
configure:6926: checking for stdlib.h
configure:6926: gcc -c -g -O2  conftest.c >&5
configure:6926: $? = 0
configure:6926: result: yes
configure:6926: checking for string.h
configure:6926: gcc -c -g -O2  conftest.c >&5
configure:6926: $? = 0
configure:6926: result: yes
configure:6926: checking for memory.h
configure:6926: gcc -c -g -O2  conftest.c >&5
configure:6926: $? = 0
configure:6926: result: yes
configure:6926: checking for strings.h
configure:6926: gcc -c -g -O2  conftest.c >&5
configure:6926: $? = 0
configure:6926: result: yes
configure:6926: checking for inttypes.h
configure:6926: gcc -c -g -O2  conftest.c >&5
configure:6926: $? = 0
configure:6926: result: yes
configure:6926: checking for stdint.h
configure:6926: gcc -c -g -O2  conftest.c >&5
configure:6926: $? = 0
configure:6926: result: yes
configure:6926: checking for unistd.h
configure:6926: gcc -c -g -O2  conftest.c >&5
configure:6926: $? = 0
configure:6926: result: yes
configure:6940: checking for dlfcn.h
configure:6940: gcc -c -g -O2  conftest.c >&5
configure:6940: $? = 0
configure:6940: result: yes
configure:7127: checking for objdir
configure:7142: result: .libs
configure:7413: checking if gcc supports -fno-rtti -fno-exceptions
configure:7431: gcc -c -g -O2  -fno-rtti -fno-exceptions conftest.c >&5
cc1: warning: command line option "-fno-rtti" is valid for C++/ObjC++ but not for C
configure:7435: $? = 0
configure:7448: result: no
configure:7468: checking for gcc option to produce PIC
configure:7753: result: -fPIC -DPIC
configure:7765: checking if gcc PIC flag -fPIC -DPIC works
configure:7783: gcc -c -g -O2  -fPIC -DPIC -DPIC conftest.c >&5
configure:7787: $? = 0
configure:7800: result: yes
configure:7824: checking if gcc static flag -static works
configure:7852: result: no
configure:7867: checking if gcc supports -c -o file.o
configure:7888: gcc -c -g -O2  -o out/conftest2.o conftest.c >&5
configure:7892: $? = 0
configure:7914: result: yes
configure:7922: checking if gcc supports -c -o file.o
configure:7969: result: yes
configure:8002: checking whether the gcc linker (/usr/bin/ld -m elf_x86_64) supports shared libraries
configure:9077: result: yes
configure:9114: checking whether -lc should be explicitly linked in
configure:9122: gcc -c -g -O2  conftest.c >&5
configure:9125: $? = 0
configure:9140: gcc -shared conftest.o  -v -Wl,-soname -Wl,conftest -o conftest 2\>\&1 \| /bin/grep  -lc  \>/dev/null 2\>\&1
configure:9143: $? = 0
configure:9157: result: no
configure:9322: checking dynamic linker characteristics
configure:9777: gcc -o conftest -g -O2   -Wl,-rpath -Wl,/foo conftest.c  >&5
configure:9777: $? = 0
configure:9999: result: GNU/Linux ld.so
configure:10106: checking how to hardcode library paths into programs
configure:10131: result: immediate
configure:10671: checking whether stripping libraries is possible
configure:10676: result: yes
configure:10711: checking if libtool supports shared libraries
configure:10713: result: yes
configure:10716: checking whether to build shared libraries
configure:10737: result: yes
configure:10740: checking whether to build static libraries
configure:10744: result: yes
configure:10779: checking whether make sets $(MAKE)
configure:10801: result: yes
configure:10810: checking whether ln -s works
configure:10814: result: yes
configure:10827: checking for rst2html
configure:10857: result: no
configure:10827: checking for rst2html.py
configure:10857: result: no
configure:10869: checking for rst2latex
configure:10899: result: no
configure:10869: checking for rst2latex.py
configure:10899: result: no
configure:10943: checking whether gcc accepts -Wno-missing-field-initializers
configure:10951: gcc -c -pedantic -ansi -g -O2 -Wall -Wextra -Wno-missing-field-initializers  conftest.c >&5
configure:10951: $? = 0
configure:10953: result: yes
configure:10962: checking whether gcc accepts -Wno-format-zero-length
configure:10969: gcc -c -pedantic -ansi -g -O2 -Wno-format-zero-length  conftest.c >&5
configure:10969: $? = 0
configure:10971: result: yes
configure:11195: checking for the pthreads library -lpthreads
configure:11228: gcc -o conftest -pedantic -ansi -g -O2 -O0  -D_REENTRANT -D_THREAD_SAFE  -D_GNU_SOURCE  conftest.c -lpthreads  >&5
/usr/bin/ld: cannot find -lpthreads
collect2: ld returned 1 exit status
configure:11228: $? = 1
configure: failed program was:
| /* confdefs.h */
| #define PACKAGE_NAME "PSNC DRMAA for SLURM"
| #define PACKAGE_TARNAME "slurm-drmaa"
| #define PACKAGE_VERSION "1.0.6"
| #define PACKAGE_STRING "PSNC DRMAA for SLURM 1.0.6"
| #define PACKAGE_BUGREPORT "mamonski@man.poznan.pl"
| #define PACKAGE_URL ""
| #define PACKAGE "slurm-drmaa"
| #define VERSION "1.0.6"
| #define STDC_HEADERS 1
| #define HAVE_SYS_TYPES_H 1
| #define HAVE_SYS_STAT_H 1
| #define HAVE_STDLIB_H 1
| #define HAVE_STRING_H 1
| #define HAVE_MEMORY_H 1
| #define HAVE_STRINGS_H 1
| #define HAVE_INTTYPES_H 1
| #define HAVE_STDINT_H 1
| #define HAVE_UNISTD_H 1
| #define HAVE_DLFCN_H 1
| #define LT_OBJDIR ".libs/"
| #define DEBUGGING 1
| /* end confdefs.h.  */
| #include <pthread.h>
| int
| main ()
| {
| pthread_t th; pthread_join(th, 0);
|                      pthread_attr_init(0); pthread_cleanup_push(0, 0);
|                      pthread_create(0,0,0,0); pthread_cleanup_pop(0);
|   ;
|   return 0;
| }
configure:11237: result: no
configure:11139: checking whether pthreads work without any flags
configure:11228: gcc -o conftest -pedantic -ansi -g -O2 -O0  -D_REENTRANT -D_THREAD_SAFE  -D_GNU_SOURCE  conftest.c   >&5
/tmp/ccctRudi.o: In function `main':
/site/drmaa/slurm-drmaa-1.0.6/conftest.c:28: undefined reference to `pthread_join'
/site/drmaa/slurm-drmaa-1.0.6/conftest.c:29: undefined reference to `__pthread_register_cancel'
/site/drmaa/slurm-drmaa-1.0.6/conftest.c:30: undefined reference to `pthread_create'
/site/drmaa/slurm-drmaa-1.0.6/conftest.c:30: undefined reference to `__pthread_unregister_cancel'
collect2: ld returned 1 exit status
configure:11228: $? = 1
configure: failed program was:
| /* confdefs.h */
| #define PACKAGE_NAME "PSNC DRMAA for SLURM"
| #define PACKAGE_TARNAME "slurm-drmaa"
| #define PACKAGE_VERSION "1.0.6"
| #define PACKAGE_STRING "PSNC DRMAA for SLURM 1.0.6"
| #define PACKAGE_BUGREPORT "mamonski@man.poznan.pl"
| #define PACKAGE_URL ""
| #define PACKAGE "slurm-drmaa"
| #define VERSION "1.0.6"
| #define STDC_HEADERS 1
| #define HAVE_SYS_TYPES_H 1
| #define HAVE_SYS_STAT_H 1
| #define HAVE_STDLIB_H 1
| #define HAVE_STRING_H 1
| #define HAVE_MEMORY_H 1
| #define HAVE_STRINGS_H 1
| #define HAVE_INTTYPES_H 1
| #define HAVE_STDINT_H 1
| #define HAVE_UNISTD_H 1
| #define HAVE_DLFCN_H 1
| #define LT_OBJDIR ".libs/"
| #define DEBUGGING 1
| /* end confdefs.h.  */
| #include <pthread.h>
| int
| main ()
| {
| pthread_t th; pthread_join(th, 0);
|                      pthread_attr_init(0); pthread_cleanup_push(0, 0);
|                      pthread_create(0,0,0,0); pthread_cleanup_pop(0);
|   ;
|   return 0;
| }
configure:11237: result: no
configure:11144: checking whether pthreads work with -Kthread
configure:11228: gcc -o conftest -pedantic -ansi -g -O2 -O0 -Kthread -D_REENTRANT -D_THREAD_SAFE  -D_GNU_SOURCE  conftest.c -Kthread  >&5
gcc: unrecognized option '-Kthread'
gcc: unrecognized option '-Kthread'
/tmp/ccBA8Htn.o: In function `main':
/site/drmaa/slurm-drmaa-1.0.6/conftest.c:28: undefined reference to `pthread_join'
/site/drmaa/slurm-drmaa-1.0.6/conftest.c:29: undefined reference to `__pthread_register_cancel'
/site/drmaa/slurm-drmaa-1.0.6/conftest.c:30: undefined reference to `pthread_create'
/site/drmaa/slurm-drmaa-1.0.6/conftest.c:30: undefined reference to `__pthread_unregister_cancel'
collect2: ld returned 1 exit status
configure:11228: $? = 1
configure: failed program was:
| /* confdefs.h */
| #define PACKAGE_NAME "PSNC DRMAA for SLURM"
| #define PACKAGE_TARNAME "slurm-drmaa"
| #define PACKAGE_VERSION "1.0.6"
| #define PACKAGE_STRING "PSNC DRMAA for SLURM 1.0.6"
| #define PACKAGE_BUGREPORT "mamonski@man.poznan.pl"
| #define PACKAGE_URL ""
| #define PACKAGE "slurm-drmaa"
| #define VERSION "1.0.6"
| #define STDC_HEADERS 1
| #define HAVE_SYS_TYPES_H 1
| #define HAVE_SYS_STAT_H 1
| #define HAVE_STDLIB_H 1
| #define HAVE_STRING_H 1
| #define HAVE_MEMORY_H 1
| #define HAVE_STRINGS_H 1
| #define HAVE_INTTYPES_H 1
| #define HAVE_STDINT_H 1
| #define HAVE_UNISTD_H 1
| #define HAVE_DLFCN_H 1
| #define LT_OBJDIR ".libs/"
| #define DEBUGGING 1
| /* end confdefs.h.  */
| #include <pthread.h>
| int
| main ()
| {
| pthread_t th; pthread_join(th, 0);
|                      pthread_attr_init(0); pthread_cleanup_push(0, 0);
|                      pthread_create(0,0,0,0); pthread_cleanup_pop(0);
|   ;
|   return 0;
| }
configure:11237: result: no
configure:11144: checking whether pthreads work with -kthread
configure:11228: gcc -o conftest -pedantic -ansi -g -O2 -O0 -kthread -D_REENTRANT -D_THREAD_SAFE  -D_GNU_SOURCE  conftest.c -kthread  >&5
gcc: unrecognized option '-kthread'
gcc: unrecognized option '-kthread'
/tmp/cck2K0os.o: In function `main':
/site/drmaa/slurm-drmaa-1.0.6/conftest.c:28: undefined reference to `pthread_join'
/site/drmaa/slurm-drmaa-1.0.6/conftest.c:29: undefined reference to `__pthread_register_cancel'
/site/drmaa/slurm-drmaa-1.0.6/conftest.c:30: undefined reference to `pthread_create'
/site/drmaa/slurm-drmaa-1.0.6/conftest.c:30: undefined reference to `__pthread_unregister_cancel'
collect2: ld returned 1 exit status
configure:11228: $? = 1
configure: failed program was:
| /* confdefs.h */
| #define PACKAGE_NAME "PSNC DRMAA for SLURM"
| #define PACKAGE_TARNAME "slurm-drmaa"
| #define PACKAGE_VERSION "1.0.6"
| #define PACKAGE_STRING "PSNC DRMAA for SLURM 1.0.6"
| #define PACKAGE_BUGREPORT "mamonski@man.poznan.pl"
| #define PACKAGE_URL ""
| #define PACKAGE "slurm-drmaa"
| #define VERSION "1.0.6"
| #define STDC_HEADERS 1
| #define HAVE_SYS_TYPES_H 1
| #define HAVE_SYS_STAT_H 1
| #define HAVE_STDLIB_H 1
| #define HAVE_STRING_H 1
| #define HAVE_MEMORY_H 1
| #define HAVE_STRINGS_H 1
| #define HAVE_INTTYPES_H 1
| #define HAVE_STDINT_H 1
| #define HAVE_UNISTD_H 1
| #define HAVE_DLFCN_H 1
| #define LT_OBJDIR ".libs/"
| #define DEBUGGING 1
| /* end confdefs.h.  */
| #include <pthread.h>
| int
| main ()
| {
| pthread_t th; pthread_join(th, 0);
|                      pthread_attr_init(0); pthread_cleanup_push(0, 0);
|                      pthread_create(0,0,0,0); pthread_cleanup_pop(0);
|   ;
|   return 0;
| }
configure:11237: result: no
configure:11195: checking for the pthreads library -llthread
configure:11228: gcc -o conftest -pedantic -ansi -g -O2 -O0  -D_REENTRANT -D_THREAD_SAFE  -D_GNU_SOURCE  conftest.c -llthread  >&5
/usr/bin/ld: cannot find -llthread
collect2: ld returned 1 exit status
configure:11228: $? = 1
configure: failed program was:
| /* confdefs.h */
| #define PACKAGE_NAME "PSNC DRMAA for SLURM"
| #define PACKAGE_TARNAME "slurm-drmaa"
| #define PACKAGE_VERSION "1.0.6"
| #define PACKAGE_STRING "PSNC DRMAA for SLURM 1.0.6"
| #define PACKAGE_BUGREPORT "mamonski@man.poznan.pl"
| #define PACKAGE_URL ""
| #define PACKAGE "slurm-drmaa"
| #define VERSION "1.0.6"
| #define STDC_HEADERS 1
| #define HAVE_SYS_TYPES_H 1
| #define HAVE_SYS_STAT_H 1
| #define HAVE_STDLIB_H 1
| #define HAVE_STRING_H 1
| #define HAVE_MEMORY_H 1
| #define HAVE_STRINGS_H 1
| #define HAVE_INTTYPES_H 1
| #define HAVE_STDINT_H 1
| #define HAVE_UNISTD_H 1
| #define HAVE_DLFCN_H 1
| #define LT_OBJDIR ".libs/"
| #define DEBUGGING 1
| /* end confdefs.h.  */
| #include <pthread.h>
| int
| main ()
| {
| pthread_t th; pthread_join(th, 0);
|                      pthread_attr_init(0); pthread_cleanup_push(0, 0);
|                      pthread_create(0,0,0,0); pthread_cleanup_pop(0);
|   ;
|   return 0;
| }
configure:11237: result: no
configure:11144: checking whether pthreads work with -pthread
configure:11228: gcc -o conftest -pedantic -ansi -g -O2 -O0 -pthread -D_REENTRANT -D_THREAD_SAFE  -D_GNU_SOURCE  conftest.c -pthread  >&5
configure:11228: $? = 0
configure:11237: result: yes
configure:11256: checking for joinable pthread attribute
configure:11271: gcc -o conftest -pedantic -ansi -g -O2 -O0 -pthread -D_REENTRANT -D_THREAD_SAFE  -D_GNU_SOURCE  conftest.c -pthread  >&5
configure:11271: $? = 0
configure:11277: result: PTHREAD_CREATE_JOINABLE
configure:11287: checking if more special flags are required for pthreads
configure:11294: result: no
configure:11342: checking for SLURM
configure:11345: checking for SLURM compile flags
configure:11361: result: -I/opt/slurm/include/
configure:11364: checking for SLURM library dir
configure:11379: result: /opt/slurm/lib64/
configure:11396: checking for usable SLURM libraries/headers
configure:11417: gcc -o conftest -pedantic -ansi -g -O2 -O0 -pthread -D_REENTRANT -D_THREAD_SAFE  -D_GNU_SOURCE -I/opt/slurm/include/  -L/opt/slurm/lib64/ conftest.c -pthread  -lslurm  >&5
In file included from conftest.c:24:
/opt/slurm/include/slurm/slurm.h:359: warning: comma at end of enumerator list
/opt/slurm/include/slurm/slurm.h:373: warning: comma at end of enumerator list
/opt/slurm/include/slurm/slurm.h:394: warning: comma at end of enumerator list
configure:11417: $? = 0
configure:11417: ./conftest
configure:11417: $? = 0
configure:11431: result: yes
configure:11452: checking for ANSI C header files
configure:11556: result: yes
configure:11564: checking whether time.h and sys/time.h may both be included
configure:11584: gcc -c -pedantic -ansi -g -O2 -O0 -pthread -D_REENTRANT -D_THREAD_SAFE  -D_GNU_SOURCE -DCONFDIR=${prefix}/etc conftest.c >&5
<command-line>: warning: '$' in identifier or number
configure:11584: $? = 0
configure:11591: result: yes
configure:11599: checking for stdbool.h that conforms to C99
configure:11684: gcc -c -pedantic -ansi -g -O2 -O0 -pthread -D_REENTRANT -D_THREAD_SAFE  -D_GNU_SOURCE -DCONFDIR=${prefix}/etc conftest.c >&5
<command-line>: warning: '$' in identifier or number
configure:11684: $? = 0
configure:11691: result: yes
configure:11693: checking for _Bool
configure:11693: gcc -c -pedantic -ansi -g -O2 -O0 -pthread -D_REENTRANT -D_THREAD_SAFE  -D_GNU_SOURCE -DCONFDIR=${prefix}/etc conftest.c >&5
<command-line>: warning: '$' in identifier or number
configure:11693: $? = 0
configure:11693: gcc -c -pedantic -ansi -g -O2 -O0 -pthread -D_REENTRANT -D_THREAD_SAFE  -D_GNU_SOURCE -DCONFDIR=${prefix}/etc conftest.c >&5
<command-line>: warning: '$' in identifier or number
conftest.c: In function 'main':
conftest.c:62: error: expected expression before ')' token
configure:11693: $? = 1
configure: failed program was:
| /* confdefs.h */
| #define PACKAGE_NAME "PSNC DRMAA for SLURM"
| #define PACKAGE_TARNAME "slurm-drmaa"
| #define PACKAGE_VERSION "1.0.6"
| #define PACKAGE_STRING "PSNC DRMAA for SLURM 1.0.6"
| #define PACKAGE_BUGREPORT "mamonski@man.poznan.pl"
| #define PACKAGE_URL ""
| #define PACKAGE "slurm-drmaa"
| #define VERSION "1.0.6"
| #define STDC_HEADERS 1
| #define HAVE_SYS_TYPES_H 1
| #define HAVE_SYS_STAT_H 1
| #define HAVE_STDLIB_H 1
| #define HAVE_STRING_H 1
| #define HAVE_MEMORY_H 1
| #define HAVE_STRINGS_H 1
| #define HAVE_INTTYPES_H 1
| #define HAVE_STDINT_H 1
| #define HAVE_UNISTD_H 1
| #define HAVE_DLFCN_H 1
| #define LT_OBJDIR ".libs/"
| #define DEBUGGING 1
| #define STDC_HEADERS 1
| #define TIME_WITH_SYS_TIME 1
| /* end confdefs.h.  */
| #include <stdio.h>
| #ifdef HAVE_SYS_TYPES_H
| # include <sys/types.h>
| #endif
| #ifdef HAVE_SYS_STAT_H
| # include <sys/stat.h>
| #endif
| #ifdef STDC_HEADERS
| # include <stdlib.h>
| # include <stddef.h>
| #else
| # ifdef HAVE_STDLIB_H
| #  include <stdlib.h>
| # endif
| #endif
| #ifdef HAVE_STRING_H
| # if !defined STDC_HEADERS && defined HAVE_MEMORY_H
| #  include <memory.h>
| # endif
| # include <string.h>
| #endif
| #ifdef HAVE_STRINGS_H
| # include <strings.h>
| #endif
| #ifdef HAVE_INTTYPES_H
| # include <inttypes.h>
| #endif
| #ifdef HAVE_STDINT_H
| # include <stdint.h>
| #endif
| #ifdef HAVE_UNISTD_H
| # include <unistd.h>
| #endif
| int
| main ()
| {
| if (sizeof ((_Bool)))
| 	    return 0;
|   ;
|   return 0;
| }
configure:11693: result: yes
configure:11712: checking stddef.h usability
configure:11712: gcc -c -pedantic -ansi -g -O2 -O0 -pthread -D_REENTRANT -D_THREAD_SAFE  -D_GNU_SOURCE -DCONFDIR=${prefix}/etc conftest.c >&5
<command-line>: warning: '$' in identifier or number
configure:11712: $? = 0
configure:11712: result: yes
configure:11712: checking stddef.h presence
configure:11712: gcc -E -D_REENTRANT -D_THREAD_SAFE  -D_GNU_SOURCE -DCONFDIR=${prefix}/etc conftest.c
configure:11712: $? = 0
configure:11712: result: yes
configure:11712: checking for stddef.h
configure:11712: result: yes
configure:11712: checking for stdlib.h
configure:11712: result: yes
configure:11712: checking for string.h
configure:11712: result: yes
configure:11712: checking for strings.h
configure:11712: result: yes
configure:11712: checking sys/time.h usability
configure:11712: gcc -c -pedantic -ansi -g -O2 -O0 -pthread -D_REENTRANT -D_THREAD_SAFE  -D_GNU_SOURCE -DCONFDIR=${prefix}/etc conftest.c >&5
<command-line>: warning: '$' in identifier or number
configure:11712: $? = 0
configure:11712: result: yes
configure:11712: checking sys/time.h presence
configure:11712: gcc -E -D_REENTRANT -D_THREAD_SAFE  -D_GNU_SOURCE -DCONFDIR=${prefix}/etc conftest.c
configure:11712: $? = 0
configure:11712: result: yes
configure:11712: checking for sys/time.h
configure:11712: result: yes
configure:11712: checking for unistd.h
configure:11712: result: yes
configure:11724: checking for size_t
configure:11724: gcc -c -pedantic -ansi -g -O2 -O0 -pthread -D_REENTRANT -D_THREAD_SAFE  -D_GNU_SOURCE -DCONFDIR=${prefix}/etc conftest.c >&5
<command-line>: warning: '$' in identifier or number
configure:11724: $? = 0
configure:11724: gcc -c -pedantic -ansi -g -O2 -O0 -pthread -D_REENTRANT -D_THREAD_SAFE  -D_GNU_SOURCE -DCONFDIR=${prefix}/etc conftest.c >&5
<command-line>: warning: '$' in identifier or number
conftest.c: In function 'main':
conftest.c:70: error: expected expression before ')' token
configure:11724: $? = 1
configure: failed program was:
| /* confdefs.h */
| #define PACKAGE_NAME "PSNC DRMAA for SLURM"
| #define PACKAGE_TARNAME "slurm-drmaa"
| #define PACKAGE_VERSION "1.0.6"
| #define PACKAGE_STRING "PSNC DRMAA for SLURM 1.0.6"
| #define PACKAGE_BUGREPORT "mamonski@man.poznan.pl"
| #define PACKAGE_URL ""
| #define PACKAGE "slurm-drmaa"
| #define VERSION "1.0.6"
| #define STDC_HEADERS 1
| #define HAVE_SYS_TYPES_H 1
| #define HAVE_SYS_STAT_H 1
| #define HAVE_STDLIB_H 1
| #define HAVE_STRING_H 1
| #define HAVE_MEMORY_H 1
| #define HAVE_STRINGS_H 1
| #define HAVE_INTTYPES_H 1
| #define HAVE_STDINT_H 1
| #define HAVE_UNISTD_H 1
| #define HAVE_DLFCN_H 1
| #define LT_OBJDIR ".libs/"
| #define DEBUGGING 1
| #define STDC_HEADERS 1
| #define TIME_WITH_SYS_TIME 1
| #define HAVE__BOOL 1
| #define HAVE_STDBOOL_H 1
| #define HAVE_STDDEF_H 1
| #define HAVE_STDLIB_H 1
| #define HAVE_STRING_H 1
| #define HAVE_STRINGS_H 1
| #define HAVE_SYS_TIME_H 1
| #define HAVE_UNISTD_H 1
| /* end confdefs.h.  */
| #include <stdio.h>
| #ifdef HAVE_SYS_TYPES_H
| # include <sys/types.h>
| #endif
| #ifdef HAVE_SYS_STAT_H
| # include <sys/stat.h>
| #endif
| #ifdef STDC_HEADERS
| # include <stdlib.h>
| # include <stddef.h>
| #else
| # ifdef HAVE_STDLIB_H
| #  include <stdlib.h>
| # endif
| #endif
| #ifdef HAVE_STRING_H
| # if !defined STDC_HEADERS && defined HAVE_MEMORY_H
| #  include <memory.h>
| # endif
| # include <string.h>
| #endif
| #ifdef HAVE_STRINGS_H
| # include <strings.h>
| #endif
| #ifdef HAVE_INTTYPES_H
| # include <inttypes.h>
| #endif
| #ifdef HAVE_STDINT_H
| # include <stdint.h>
| #endif
| #ifdef HAVE_UNISTD_H
| # include <unistd.h>
| #endif
| int
| main ()
| {
| if (sizeof ((size_t)))
| 	    return 0;
|   ;
|   return 0;
| }
configure:11724: result: yes
configure:11735: checking whether struct tm is in sys/time.h or time.h
configure:11755: gcc -c -pedantic -ansi -g -O2 -O0 -pthread -D_REENTRANT -D_THREAD_SAFE  -D_GNU_SOURCE -DCONFDIR=${prefix}/etc conftest.c >&5
<command-line>: warning: '$' in identifier or number
configure:11755: $? = 0
configure:11762: result: time.h
configure:11772: checking for an ANSI C-conforming const
configure:11837: gcc -c -pedantic -ansi -g -O2 -O0 -pthread -D_REENTRANT -D_THREAD_SAFE  -D_GNU_SOURCE -DCONFDIR=${prefix}/etc conftest.c >&5
<command-line>: warning: '$' in identifier or number
configure:11837: $? = 0
configure:11844: result: yes
configure:11852: checking for inline
configure:11868: gcc -c -pedantic -ansi -g -O2 -O0 -pthread -D_REENTRANT -D_THREAD_SAFE  -D_GNU_SOURCE -DCONFDIR=${prefix}/etc conftest.c >&5
<command-line>: warning: '$' in identifier or number
conftest.c:36: error: expected '=', ',', ';', 'asm' or '__attribute__' before 'foo_t'
conftest.c:37: error: expected '=', ',', ';', 'asm' or '__attribute__' before 'foo_t'
configure:11868: $? = 1
configure: failed program was:
| /* confdefs.h */
| #define PACKAGE_NAME "PSNC DRMAA for SLURM"
| #define PACKAGE_TARNAME "slurm-drmaa"
| #define PACKAGE_VERSION "1.0.6"
| #define PACKAGE_STRING "PSNC DRMAA for SLURM 1.0.6"
| #define PACKAGE_BUGREPORT "mamonski@man.poznan.pl"
| #define PACKAGE_URL ""
| #define PACKAGE "slurm-drmaa"
| #define VERSION "1.0.6"
| #define STDC_HEADERS 1
| #define HAVE_SYS_TYPES_H 1
| #define HAVE_SYS_STAT_H 1
| #define HAVE_STDLIB_H 1
| #define HAVE_STRING_H 1
| #define HAVE_MEMORY_H 1
| #define HAVE_STRINGS_H 1
| #define HAVE_INTTYPES_H 1
| #define HAVE_STDINT_H 1
| #define HAVE_UNISTD_H 1
| #define HAVE_DLFCN_H 1
| #define LT_OBJDIR ".libs/"
| #define DEBUGGING 1
| #define STDC_HEADERS 1
| #define TIME_WITH_SYS_TIME 1
| #define HAVE__BOOL 1
| #define HAVE_STDBOOL_H 1
| #define HAVE_STDDEF_H 1
| #define HAVE_STDLIB_H 1
| #define HAVE_STRING_H 1
| #define HAVE_STRINGS_H 1
| #define HAVE_SYS_TIME_H 1
| #define HAVE_UNISTD_H 1
| /* end confdefs.h.  */
| #ifndef __cplusplus
| typedef int foo_t;
| static inline foo_t static_foo () {return 0; }
| inline foo_t foo () {return 0; }
| #endif
| 
configure:11868: gcc -c -pedantic -ansi -g -O2 -O0 -pthread -D_REENTRANT -D_THREAD_SAFE  -D_GNU_SOURCE -DCONFDIR=${prefix}/etc conftest.c >&5
<command-line>: warning: '$' in identifier or number
configure:11868: $? = 0
configure:11876: result: __inline__
configure:11894: checking for working volatile
configure:11913: gcc -c -pedantic -ansi -g -O2 -O0 -pthread -D_REENTRANT -D_THREAD_SAFE  -D_GNU_SOURCE -DCONFDIR=${prefix}/etc conftest.c >&5
<command-line>: warning: '$' in identifier or number
configure:11913: $? = 0
configure:11920: result: yes
configure:11932: checking for stdlib.h
configure:11932: result: yes
configure:11942: checking for GNU libc compatible malloc
configure:11966: gcc -o conftest -pedantic -ansi -g -O2 -O0 -pthread -D_REENTRANT -D_THREAD_SAFE  -D_GNU_SOURCE -DCONFDIR=${prefix}/etc  conftest.c -pthread  >&5
<command-line>: warning: '$' in identifier or number
configure:11966: $? = 0
configure:11966: ./conftest
configure:11966: $? = 0
configure:11976: result: yes
configure:11999: checking for strftime
configure:11999: gcc -o conftest -pedantic -ansi -g -O2 -O0 -pthread -D_REENTRANT -D_THREAD_SAFE  -D_GNU_SOURCE -DCONFDIR=${prefix}/etc  conftest.c -pthread  >&5
<command-line>: warning: '$' in identifier or number
conftest.c:62: warning: conflicting types for built-in function 'strftime'
configure:11999: $? = 0
configure:11999: result: yes
configure:12054: checking for vprintf
configure:12054: gcc -o conftest -pedantic -ansi -g -O2 -O0 -pthread -D_REENTRANT -D_THREAD_SAFE  -D_GNU_SOURCE -DCONFDIR=${prefix}/etc  conftest.c -pthread  >&5
<command-line>: warning: '$' in identifier or number
conftest.c:63: warning: conflicting types for built-in function 'vprintf'
configure:12054: $? = 0
configure:12054: result: yes
configure:12060: checking for _doprnt
configure:12060: gcc -o conftest -pedantic -ansi -g -O2 -O0 -pthread -D_REENTRANT -D_THREAD_SAFE  -D_GNU_SOURCE -DCONFDIR=${prefix}/etc  conftest.c -pthread  >&5
<command-line>: warning: '$' in identifier or number
/tmp/ccxGEUCj.o: In function `main':
/site/drmaa/slurm-drmaa-1.0.6/conftest.c:75: undefined reference to `_doprnt'
collect2: ld returned 1 exit status
configure:12060: $? = 1
configure: failed program was:
| /* confdefs.h */
| #define PACKAGE_NAME "PSNC DRMAA for SLURM"
| #define PACKAGE_TARNAME "slurm-drmaa"
| #define PACKAGE_VERSION "1.0.6"
| #define PACKAGE_STRING "PSNC DRMAA for SLURM 1.0.6"
| #define PACKAGE_BUGREPORT "mamonski@man.poznan.pl"
| #define PACKAGE_URL ""
| #define PACKAGE "slurm-drmaa"
| #define VERSION "1.0.6"
| #define STDC_HEADERS 1
| #define HAVE_SYS_TYPES_H 1
| #define HAVE_SYS_STAT_H 1
| #define HAVE_STDLIB_H 1
| #define HAVE_STRING_H 1
| #define HAVE_MEMORY_H 1
| #define HAVE_STRINGS_H 1
| #define HAVE_INTTYPES_H 1
| #define HAVE_STDINT_H 1
| #define HAVE_UNISTD_H 1
| #define HAVE_DLFCN_H 1
| #define LT_OBJDIR ".libs/"
| #define DEBUGGING 1
| #define STDC_HEADERS 1
| #define TIME_WITH_SYS_TIME 1
| #define HAVE__BOOL 1
| #define HAVE_STDBOOL_H 1
| #define HAVE_STDDEF_H 1
| #define HAVE_STDLIB_H 1
| #define HAVE_STRING_H 1
| #define HAVE_STRINGS_H 1
| #define HAVE_SYS_TIME_H 1
| #define HAVE_UNISTD_H 1
| #ifndef __cplusplus
| #define inline __inline__
| #endif
| #define HAVE_STDLIB_H 1
| #define HAVE_MALLOC 1
| #define HAVE_STRFTIME 1
| #define HAVE_VPRINTF 1
| /* end confdefs.h.  */
| /* Define _doprnt to an innocuous variant, in case <limits.h> declares _doprnt.
|    For example, HP-UX 11i <limits.h> declares gettimeofday.  */
| #define _doprnt innocuous__doprnt
| 
| /* System header to define __stub macros and hopefully few prototypes,
|     which can conflict with char _doprnt (); below.
|     Prefer <limits.h> to <assert.h> if __STDC__ is defined, since
|     <limits.h> exists even on freestanding compilers.  */
| 
| #ifdef __STDC__
| # include <limits.h>
| #else
| # include <assert.h>
| #endif
| 
| #undef _doprnt
| 
| /* Override any GCC internal prototype to avoid an error.
|    Use char because int might match the return type of a GCC
|    builtin and then its argument prototype would still apply.  */
| #ifdef __cplusplus
| extern "C"
| #endif
| char _doprnt ();
| /* The GNU C library defines this for functions which it implements
|     to always fail with ENOSYS.  Some functions are actually named
|     something starting with __ and the normal name is an alias.  */
| #if defined __stub__doprnt || defined __stub____doprnt
| choke me
| #endif
| 
| int
| main ()
| {
| return _doprnt ();
|   ;
|   return 0;
| }
configure:12060: result: no
configure:12092: checking for asprintf
configure:12092: gcc -o conftest -pedantic -ansi -g -O2 -O0 -pthread -D_REENTRANT -D_THREAD_SAFE  -D_GNU_SOURCE -DCONFDIR=${prefix}/etc  conftest.c -pthread  >&5
<command-line>: warning: '$' in identifier or number
configure:12092: $? = 0
configure:12092: result: yes
configure:12092: checking for fstat
configure:12092: gcc -o conftest -pedantic -ansi -g -O2 -O0 -pthread -D_REENTRANT -D_THREAD_SAFE  -D_GNU_SOURCE -DCONFDIR=${prefix}/etc  conftest.c -pthread  >&5
<command-line>: warning: '$' in identifier or number
configure:12092: $? = 0
configure:12092: result: yes
configure:12092: checking for getcwd
configure:12092: gcc -o conftest -pedantic -ansi -g -O2 -O0 -pthread -D_REENTRANT -D_THREAD_SAFE  -D_GNU_SOURCE -DCONFDIR=${prefix}/etc  conftest.c -pthread  >&5
<command-line>: warning: '$' in identifier or number
configure:12092: $? = 0
configure:12092: result: yes
configure:12092: checking for gettimeofday
configure:12092: gcc -o conftest -pedantic -ansi -g -O2 -O0 -pthread -D_REENTRANT -D_THREAD_SAFE  -D_GNU_SOURCE -DCONFDIR=${prefix}/etc  conftest.c -pthread  >&5
<command-line>: warning: '$' in identifier or number
configure:12092: $? = 0
configure:12092: result: yes
configure:12092: checking for localtime_r
configure:12092: gcc -o conftest -pedantic -ansi -g -O2 -O0 -pthread -D_REENTRANT -D_THREAD_SAFE  -D_GNU_SOURCE -DCONFDIR=${prefix}/etc  conftest.c -pthread  >&5
<command-line>: warning: '$' in identifier or number
configure:12092: $? = 0
configure:12092: result: yes
configure:12092: checking for memset
configure:12092: gcc -o conftest -pedantic -ansi -g -O2 -O0 -pthread -D_REENTRANT -D_THREAD_SAFE  -D_GNU_SOURCE -DCONFDIR=${prefix}/etc  conftest.c -pthread  >&5
<command-line>: warning: '$' in identifier or number
conftest.c:69: warning: conflicting types for built-in function 'memset'
configure:12092: $? = 0
configure:12092: result: yes
configure:12092: checking for mkstemp
configure:12092: gcc -o conftest -pedantic -ansi -g -O2 -O0 -pthread -D_REENTRANT -D_THREAD_SAFE  -D_GNU_SOURCE -DCONFDIR=${prefix}/etc  conftest.c -pthread  >&5
<command-line>: warning: '$' in identifier or number
configure:12092: $? = 0
configure:12092: result: yes
configure:12092: checking for setenv
configure:12092: gcc -o conftest -pedantic -ansi -g -O2 -O0 -pthread -D_REENTRANT -D_THREAD_SAFE  -D_GNU_SOURCE -DCONFDIR=${prefix}/etc  conftest.c -pthread  >&5
<command-line>: warning: '$' in identifier or number
configure:12092: $? = 0
configure:12092: result: yes
configure:12092: checking for strcasecmp
configure:12092: gcc -o conftest -pedantic -ansi -g -O2 -O0 -pthread -D_REENTRANT -D_THREAD_SAFE  -D_GNU_SOURCE -DCONFDIR=${prefix}/etc  conftest.c -pthread  >&5
<command-line>: warning: '$' in identifier or number
configure:12092: $? = 0
configure:12092: result: yes
configure:12092: checking for strchr
configure:12092: gcc -o conftest -pedantic -ansi -g -O2 -O0 -pthread -D_REENTRANT -D_THREAD_SAFE  -D_GNU_SOURCE -DCONFDIR=${prefix}/etc  conftest.c -pthread  >&5
<command-line>: warning: '$' in identifier or number
conftest.c:73: warning: conflicting types for built-in function 'strchr'
configure:12092: $? = 0
configure:12092: result: yes
configure:12092: checking for strdup
configure:12092: gcc -o conftest -pedantic -ansi -g -O2 -O0 -pthread -D_REENTRANT -D_THREAD_SAFE  -D_GNU_SOURCE -DCONFDIR=${prefix}/etc  conftest.c -pthread  >&5
<command-line>: warning: '$' in identifier or number
configure:12092: $? = 0
configure:12092: result: yes
configure:12092: checking for strerror
configure:12092: gcc -o conftest -pedantic -ansi -g -O2 -O0 -pthread -D_REENTRANT -D_THREAD_SAFE  -D_GNU_SOURCE -DCONFDIR=${prefix}/etc  conftest.c -pthread  >&5
<command-line>: warning: '$' in identifier or number
configure:12092: $? = 0
configure:12092: result: yes
configure:12092: checking for strlcpy
configure:12092: gcc -o conftest -pedantic -ansi -g -O2 -O0 -pthread -D_REENTRANT -D_THREAD_SAFE  -D_GNU_SOURCE -DCONFDIR=${prefix}/etc  conftest.c -pthread  >&5
<command-line>: warning: '$' in identifier or number
/tmp/ccRg4mz5.o: In function `main':
/site/drmaa/slurm-drmaa-1.0.6/conftest.c:87: undefined reference to `strlcpy'
collect2: ld returned 1 exit status
configure:12092: $? = 1
configure: failed program was:
| /* confdefs.h */
| #define PACKAGE_NAME "PSNC DRMAA for SLURM"
| #define PACKAGE_TARNAME "slurm-drmaa"
| #define PACKAGE_VERSION "1.0.6"
| #define PACKAGE_STRING "PSNC DRMAA for SLURM 1.0.6"
| #define PACKAGE_BUGREPORT "mamonski@man.poznan.pl"
| #define PACKAGE_URL ""
| #define PACKAGE "slurm-drmaa"
| #define VERSION "1.0.6"
| #define STDC_HEADERS 1
| #define HAVE_SYS_TYPES_H 1
| #define HAVE_SYS_STAT_H 1
| #define HAVE_STDLIB_H 1
| #define HAVE_STRING_H 1
| #define HAVE_MEMORY_H 1
| #define HAVE_STRINGS_H 1
| #define HAVE_INTTYPES_H 1
| #define HAVE_STDINT_H 1
| #define HAVE_UNISTD_H 1
| #define HAVE_DLFCN_H 1
| #define LT_OBJDIR ".libs/"
| #define DEBUGGING 1
| #define STDC_HEADERS 1
| #define TIME_WITH_SYS_TIME 1
| #define HAVE__BOOL 1
| #define HAVE_STDBOOL_H 1
| #define HAVE_STDDEF_H 1
| #define HAVE_STDLIB_H 1
| #define HAVE_STRING_H 1
| #define HAVE_STRINGS_H 1
| #define HAVE_SYS_TIME_H 1
| #define HAVE_UNISTD_H 1
| #ifndef __cplusplus
| #define inline __inline__
| #endif
| #define HAVE_STDLIB_H 1
| #define HAVE_MALLOC 1
| #define HAVE_STRFTIME 1
| #define HAVE_VPRINTF 1
| #define HAVE_ASPRINTF 1
| #define HAVE_FSTAT 1
| #define HAVE_GETCWD 1
| #define HAVE_GETTIMEOFDAY 1
| #define HAVE_LOCALTIME_R 1
| #define HAVE_MEMSET 1
| #define HAVE_MKSTEMP 1
| #define HAVE_SETENV 1
| #define HAVE_STRCASECMP 1
| #define HAVE_STRCHR 1
| #define HAVE_STRDUP 1
| #define HAVE_STRERROR 1
| /* end confdefs.h.  */
| /* Define strlcpy to an innocuous variant, in case <limits.h> declares strlcpy.
|    For example, HP-UX 11i <limits.h> declares gettimeofday.  */
| #define strlcpy innocuous_strlcpy
| 
| /* System header to define __stub macros and hopefully few prototypes,
|     which can conflict with char strlcpy (); below.
|     Prefer <limits.h> to <assert.h> if __STDC__ is defined, since
|     <limits.h> exists even on freestanding compilers.  */
| 
| #ifdef __STDC__
| # include <limits.h>
| #else
| # include <assert.h>
| #endif
| 
| #undef strlcpy
| 
| /* Override any GCC internal prototype to avoid an error.
|    Use char because int might match the return type of a GCC
|    builtin and then its argument prototype would still apply.  */
| #ifdef __cplusplus
| extern "C"
| #endif
| char strlcpy ();
| /* The GNU C library defines this for functions which it implements
|     to always fail with ENOSYS.  Some functions are actually named
|     something starting with __ and the normal name is an alias.  */
| #if defined __stub_strlcpy || defined __stub___strlcpy
| choke me
| #endif
| 
| int
| main ()
| {
| return strlcpy ();
|   ;
|   return 0;
| }
configure:12092: result: no
configure:12092: checking for strndup
configure:12092: gcc -o conftest -pedantic -ansi -g -O2 -O0 -pthread -D_REENTRANT -D_THREAD_SAFE  -D_GNU_SOURCE -DCONFDIR=${prefix}/etc  conftest.c -pthread  >&5
<command-line>: warning: '$' in identifier or number
configure:12092: $? = 0
configure:12092: result: yes
configure:12092: checking for strstr
configure:12092: gcc -o conftest -pedantic -ansi -g -O2 -O0 -pthread -D_REENTRANT -D_THREAD_SAFE  -D_GNU_SOURCE -DCONFDIR=${prefix}/etc  conftest.c -pthread  >&5
<command-line>: warning: '$' in identifier or number
conftest.c:77: warning: conflicting types for built-in function 'strstr'
configure:12092: $? = 0
configure:12092: result: yes
configure:12092: checking for strtol
configure:12092: gcc -o conftest -pedantic -ansi -g -O2 -O0 -pthread -D_REENTRANT -D_THREAD_SAFE  -D_GNU_SOURCE -DCONFDIR=${prefix}/etc  conftest.c -pthread  >&5
<command-line>: warning: '$' in identifier or number
configure:12092: $? = 0
configure:12092: result: yes
configure:12092: checking for vasprintf
configure:12092: gcc -o conftest -pedantic -ansi -g -O2 -O0 -pthread -D_REENTRANT -D_THREAD_SAFE  -D_GNU_SOURCE -DCONFDIR=${prefix}/etc  conftest.c -pthread  >&5
<command-line>: warning: '$' in identifier or number
configure:12092: $? = 0
configure:12092: result: yes
configure:12243: creating ./config.status

## ---------------------- ##
## Running config.status. ##
## ---------------------- ##

This file was extended by PSNC DRMAA for SLURM config.status 1.0.6, which was
generated by GNU Autoconf 2.67.  Invocation command line was

  CONFIG_FILES    = 
  CONFIG_HEADERS  = 
  CONFIG_LINKS    = 
  CONFIG_COMMANDS = 
  $ ./config.status 

on galaxy-test.uio.no

config.status:1121: creating Makefile
config.status:1121: creating slurm_drmaa/Makefile
config.status:1121: creating config.h
config.status:1301: config.h is unchanged
config.status:1349: executing depfiles commands
config.status:1349: executing libtool commands
configure:14537: === configuring in drmaa_utils (/site/drmaa/slurm-drmaa-1.0.6/drmaa_utils)
configure:14600: running /bin/sh ./configure --disable-option-checking '--prefix=/site/drmaa'  '--with-slurm-inc=/opt/slurm/include/' '--with-slurm-lib=/opt/slurm/lib64/' '--enable-debug' --cache-file=/dev/null --srcdir=.

## ---------------- ##
## Cache variables. ##
## ---------------- ##

ac_cv_build=x86_64-unknown-linux-gnu
ac_cv_c_compiler_gnu=yes
ac_cv_c_const=yes
ac_cv_c_inline=__inline__
ac_cv_c_volatile=yes
ac_cv_env_CC_set=
ac_cv_env_CC_value=
ac_cv_env_CFLAGS_set=
ac_cv_env_CFLAGS_value=
ac_cv_env_CPPFLAGS_set=
ac_cv_env_CPPFLAGS_value=
ac_cv_env_CPP_set=
ac_cv_env_CPP_value=
ac_cv_env_LDFLAGS_set=
ac_cv_env_LDFLAGS_value=
ac_cv_env_LIBS_set=
ac_cv_env_LIBS_value=
ac_cv_env_build_alias_set=
ac_cv_env_build_alias_value=
ac_cv_env_host_alias_set=
ac_cv_env_host_alias_value=
ac_cv_env_target_alias_set=
ac_cv_env_target_alias_value=
ac_cv_func__doprnt=no
ac_cv_func_asprintf=yes
ac_cv_func_fstat=yes
ac_cv_func_getcwd=yes
ac_cv_func_gettimeofday=yes
ac_cv_func_localtime_r=yes
ac_cv_func_malloc_0_nonnull=yes
ac_cv_func_memset=yes
ac_cv_func_mkstemp=yes
ac_cv_func_setenv=yes
ac_cv_func_strcasecmp=yes
ac_cv_func_strchr=yes
ac_cv_func_strdup=yes
ac_cv_func_strerror=yes
ac_cv_func_strftime=yes
ac_cv_func_strlcpy=no
ac_cv_func_strndup=yes
ac_cv_func_strstr=yes
ac_cv_func_strtol=yes
ac_cv_func_vasprintf=yes
ac_cv_func_vprintf=yes
ac_cv_header_dlfcn_h=yes
ac_cv_header_inttypes_h=yes
ac_cv_header_memory_h=yes
ac_cv_header_stdbool_h=yes
ac_cv_header_stdc=yes
ac_cv_header_stddef_h=yes
ac_cv_header_stdint_h=yes
ac_cv_header_stdlib_h=yes
ac_cv_header_string_h=yes
ac_cv_header_strings_h=yes
ac_cv_header_sys_stat_h=yes
ac_cv_header_sys_time_h=yes
ac_cv_header_sys_types_h=yes
ac_cv_header_time=yes
ac_cv_header_unistd_h=yes
ac_cv_host=x86_64-unknown-linux-gnu
ac_cv_objext=o
ac_cv_path_EGREP='/bin/grep -E'
ac_cv_path_FGREP='/bin/grep -F'
ac_cv_path_GREP=/bin/grep
ac_cv_path_SED=/bin/sed
ac_cv_path_install='/usr/bin/install -c'
ac_cv_path_mkdir=/bin/mkdir
ac_cv_prog_AWK=gawk
ac_cv_prog_CPP='gcc -E'
ac_cv_prog_ac_ct_AR=ar
ac_cv_prog_ac_ct_CC=gcc
ac_cv_prog_ac_ct_OBJDUMP=objdump
ac_cv_prog_ac_ct_RANLIB=ranlib
ac_cv_prog_ac_ct_STRIP=strip
ac_cv_prog_cc_c89=
ac_cv_prog_cc_g=yes
ac_cv_prog_make_make_set=yes
ac_cv_struct_tm=time.h
ac_cv_type__Bool=yes
ac_cv_type_size_t=yes
am_cv_CC_dependencies_compiler_type=gcc3
lt_cv_archive_cmds_need_lc=no
lt_cv_deplibs_check_method=pass_all
lt_cv_file_magic_cmd='$MAGIC_CMD'
lt_cv_file_magic_test_file=
lt_cv_ld_reload_flag=-r
lt_cv_nm_interface='BSD nm'
lt_cv_objdir=.libs
lt_cv_path_LD=/usr/bin/ld
lt_cv_path_NM='/usr/bin/nm -B'
lt_cv_prog_compiler_c_o=yes
lt_cv_prog_compiler_pic_works=yes
lt_cv_prog_compiler_rtti_exceptions=no
lt_cv_prog_compiler_static_works=no
lt_cv_prog_gnu_ld=yes
lt_cv_shlibpath_overrides_runpath=no
lt_cv_sys_global_symbol_pipe='sed -n -e '\''s/^.*[	 ]\([ABCDGIRSTW][ABCDGIRSTW]*\)[	 ][	 ]*\([_A-Za-z][_A-Za-z0-9]*\)$/\1 \2 \2/p'\'''
lt_cv_sys_global_symbol_to_c_name_address='sed -n -e '\''s/^: \([^ ]*\) $/  {\"\1\", (void *) 0},/p'\'' -e '\''s/^[ABCDGIRSTW]* \([^ ]*\) \([^ ]*\)$/  {"\2", (void *) \&\2},/p'\'''
lt_cv_sys_global_symbol_to_c_name_address_lib_prefix='sed -n -e '\''s/^: \([^ ]*\) $/  {\"\1\", (void *) 0},/p'\'' -e '\''s/^[ABCDGIRSTW]* \([^ ]*\) \(lib[^ ]*\)$/  {"\2", (void *) \&\2},/p'\'' -e '\''s/^[ABCDGIRSTW]* \([^ ]*\) \([^ ]*\)$/  {"lib\2", (void *) \&\2},/p'\'''
lt_cv_sys_global_symbol_to_cdecl='sed -n -e '\''s/^T .* \(.*\)$/extern int \1();/p'\'' -e '\''s/^[ABCDGIRSTW]* .* \(.*\)$/extern char \1;/p'\'''
lt_cv_sys_max_cmd_len=1966080

## ----------------- ##
## Output variables. ##
## ----------------- ##

ACLOCAL='${SHELL} /site/drmaa/slurm-drmaa-1.0.6/scripts/missing --run aclocal-1.11'
AMDEPBACKSLASH='\'
AMDEP_FALSE='#'
AMDEP_TRUE=''
AMTAR='${SHELL} /site/drmaa/slurm-drmaa-1.0.6/scripts/missing --run tar'
AR='ar'
AUTOCONF='${SHELL} /site/drmaa/slurm-drmaa-1.0.6/scripts/missing --run autoconf'
AUTOHEADER='${SHELL} /site/drmaa/slurm-drmaa-1.0.6/scripts/missing --run autoheader'
AUTOMAKE='${SHELL} /site/drmaa/slurm-drmaa-1.0.6/scripts/missing --run automake-1.11'
AWK='gawk'
CC='gcc'
CCDEPMODE='depmode=gcc3'
CFLAGS='-Wall -W -Wno-unused-parameter -Wno-format-zero-length -pedantic -ansi -g -O2 -O0 -pthread'
CPP='gcc -E'
CPPFLAGS='-D_REENTRANT -D_THREAD_SAFE  -D_GNU_SOURCE -DCONFDIR=${prefix}/etc'
CYGPATH_W='echo'
DEFS='-DHAVE_CONFIG_H'
DEPDIR='.deps'
DSYMUTIL=''
DUMPBIN=''
ECHO_C=''
ECHO_N='-n'
ECHO_T=''
EGREP='/bin/grep -E'
EXEEXT=''
FGREP='/bin/grep -F'
GCC_FALSE='#'
GCC_TRUE=''
GCC_W_NO_FORMAT_ZERO_LENGTH='-Wno-format-zero-length'
GCC_W_NO_MISSING_FIELD_INITIALIZERS='-Wno-missing-field-initializers'
GREP='/bin/grep'
INSTALL_DATA='${INSTALL} -m 644'
INSTALL_PROGRAM='${INSTALL}'
INSTALL_SCRIPT='${INSTALL}'
INSTALL_STRIP_PROGRAM='$(install_sh) -c -s'
LD='/usr/bin/ld -m elf_x86_64'
LDFLAGS=''
LIBOBJS=''
LIBS='-pthread '
LIBTOOL='$(SHELL) $(top_builddir)/libtool'
LIPO=''
LN_S='ln -s'
LTLIBOBJS=''
MAKEINFO='${SHELL} /site/drmaa/slurm-drmaa-1.0.6/scripts/missing --run makeinfo'
MKDIR_P='/bin/mkdir -p'
NM='/usr/bin/nm -B'
NMEDIT=''
OBJDUMP='objdump'
OBJEXT='o'
OTOOL64=''
OTOOL=''
PACKAGE='slurm-drmaa'
PACKAGE_BUGREPORT='mamonski@man.poznan.pl'
PACKAGE_NAME='PSNC DRMAA for SLURM'
PACKAGE_STRING='PSNC DRMAA for SLURM 1.0.6'
PACKAGE_TARNAME='slurm-drmaa'
PACKAGE_URL=''
PACKAGE_VERSION='1.0.6'
PATH_SEPARATOR=':'
PTHREAD_CFLAGS='-pthread'
PTHREAD_LIBS='-pthread'
RANLIB='ranlib'
RST2HTML='sh m4/missing-dev-prog.sh docutils'
RST2LATEX='sh m4/missing-dev-prog.sh docutils'
SED='/bin/sed'
SET_MAKE=''
SHELL='/bin/sh'
SLURM_DRMAA_MAJOR='1'
SLURM_DRMAA_MICRO='6'
SLURM_DRMAA_MINOR='0'
SLURM_DRMAA_VERSION_INFO='1:6:0'
SLURM_INCLUDES='-I/opt/slurm/include/'
SLURM_LDFLAGS='-L/opt/slurm/lib64/'
SLURM_LIBS='-lslurm '
STRIP='strip'
VERSION='1.0.6'
ac_ct_CC='gcc'
ac_ct_DUMPBIN=''
acx_pthread_config=''
am__EXEEXT_FALSE=''
am__EXEEXT_TRUE='#'
am__fastdepCC_FALSE='#'
am__fastdepCC_TRUE=''
am__include='include'
am__isrc=''
am__leading_dot='.'
am__quote=''
am__tar='${AMTAR} chof - "$$tardir"'
am__untar='${AMTAR} xf -'
bindir='${exec_prefix}/bin'
build='x86_64-unknown-linux-gnu'
build_alias=''
build_cpu='x86_64'
build_os='linux-gnu'
build_vendor='unknown'
datadir='${datarootdir}'
datarootdir='${prefix}/share'
docdir='${datarootdir}/doc/${PACKAGE_TARNAME}'
dvidir='${docdir}'
exec_prefix='${prefix}'
host='x86_64-unknown-linux-gnu'
host_alias=''
host_cpu='x86_64'
host_os='linux-gnu'
host_vendor='unknown'
htmldir='${docdir}'
includedir='${prefix}/include'
infodir='${datarootdir}/info'
install_sh='${SHELL} /site/drmaa/slurm-drmaa-1.0.6/scripts/install-sh'
libdir='${exec_prefix}/lib'
libexecdir='${exec_prefix}/libexec'
localedir='${datarootdir}/locale'
localstatedir='${prefix}/var'
mandir='${datarootdir}/man'
mkdir_p='/bin/mkdir -p'
oldincludedir='/usr/include'
pdfdir='${docdir}'
prefix='/site/drmaa'
program_transform_name='s,x,x,'
psdir='${docdir}'
sbindir='${exec_prefix}/sbin'
sharedstatedir='${prefix}/com'
subdirs=' drmaa_utils'
sysconfdir='${prefix}/etc'
target_alias=''

## ----------- ##
## confdefs.h. ##
## ----------- ##

/* confdefs.h */
#define PACKAGE_NAME "PSNC DRMAA for SLURM"
#define PACKAGE_TARNAME "slurm-drmaa"
#define PACKAGE_VERSION "1.0.6"
#define PACKAGE_STRING "PSNC DRMAA for SLURM 1.0.6"
#define PACKAGE_BUGREPORT "mamonski@man.poznan.pl"
#define PACKAGE_URL ""
#define PACKAGE "slurm-drmaa"
#define VERSION "1.0.6"
#define STDC_HEADERS 1
#define HAVE_SYS_TYPES_H 1
#define HAVE_SYS_STAT_H 1
#define HAVE_STDLIB_H 1
#define HAVE_STRING_H 1
#define HAVE_MEMORY_H 1
#define HAVE_STRINGS_H 1
#define HAVE_INTTYPES_H 1
#define HAVE_STDINT_H 1
#define HAVE_UNISTD_H 1
#define HAVE_DLFCN_H 1
#define LT_OBJDIR ".libs/"
#define DEBUGGING 1
#define STDC_HEADERS 1
#define TIME_WITH_SYS_TIME 1
#define HAVE__BOOL 1
#define HAVE_STDBOOL_H 1
#define HAVE_STDDEF_H 1
#define HAVE_STDLIB_H 1
#define HAVE_STRING_H 1
#define HAVE_STRINGS_H 1
#define HAVE_SYS_TIME_H 1
#define HAVE_UNISTD_H 1
#ifndef __cplusplus
#define inline __inline__
#endif
#define HAVE_STDLIB_H 1
#define HAVE_MALLOC 1
#define HAVE_STRFTIME 1
#define HAVE_VPRINTF 1
#define HAVE_ASPRINTF 1
#define HAVE_FSTAT 1
#define HAVE_GETCWD 1
#define HAVE_GETTIMEOFDAY 1
#define HAVE_LOCALTIME_R 1
#define HAVE_MEMSET 1
#define HAVE_MKSTEMP 1
#define HAVE_SETENV 1
#define HAVE_STRCASECMP 1
#define HAVE_STRCHR 1
#define HAVE_STRDUP 1
#define HAVE_STRERROR 1
#define HAVE_STRNDUP 1
#define HAVE_STRSTR 1
#define HAVE_STRTOL 1
#define HAVE_VASPRINTF 1

configure: exit 0
