This file contains any messages produced by compilers while
running configure, to aid debugging if configure makes a mistake.

It was created by FedStage DRMAA utilities library configure 2.0.1, which was
generated by GNU Autoconf 2.63.  Invocation command line was

  $ ./configure --disable-option-checking --prefix=/site/drmaa --with-slurm-inc=/opt/slurm/include/ --with-slurm-lib=/opt/slurm/lib64/ --enable-debug --cache-file=/dev/null --srcdir=.

## --------- ##
## Platform. ##
## --------- ##

hostname = geoportal-dev.hpc.uio.no
uname -m = x86_64
uname -r = 2.6.32-504.8.1.el6.x86_64
uname -s = Linux
uname -v = #1 SMP Fri Dec 19 12:09:25 EST 2014

/usr/bin/uname -p = unknown
/bin/uname -X     = unknown

/bin/arch              = x86_64
/usr/bin/arch -k       = unknown
/usr/convex/getsysinfo = unknown
/usr/bin/hostinfo      = unknown
/bin/machine           = unknown
/usr/bin/oslevel       = unknown
/bin/universe          = unknown

PATH: /opt/rh/postgresql92/root/usr/bin
PATH: /usr/local/sbin
PATH: /sbin
PATH: /bin
PATH: /usr/sbin
PATH: /usr/bin
PATH: /root/bin


## ----------- ##
## Core tests. ##
## ----------- ##

configure:2035: checking for a BSD-compatible install
configure:2103: result: /usr/bin/install -c
configure:2114: checking whether build environment is sane
configure:2174: result: yes
configure:2315: checking for a thread-safe mkdir -p
configure:2354: result: /bin/mkdir -p
configure:2367: checking for gawk
configure:2383: found /bin/gawk
configure:2394: result: gawk
configure:2405: checking whether make sets $(MAKE)
configure:2427: result: yes
configure:2595: checking for gcc
configure:2611: found /usr/bin/gcc
configure:2622: result: gcc
configure:2854: checking for C compiler version
configure:2862: gcc --version >&5
gcc (GCC) 4.4.7 20120313 (Red Hat 4.4.7-11)
Copyright (C) 2010 Free Software Foundation, Inc.
This is free software; see the source for copying conditions.  There is NO
warranty; not even for MERCHANTABILITY or FITNESS FOR A PARTICULAR PURPOSE.

configure:2866: $? = 0
configure:2873: gcc -v >&5
Using built-in specs.
Target: x86_64-redhat-linux
Configured with: ../configure --prefix=/usr --mandir=/usr/share/man --infodir=/usr/share/info --with-bugurl=http://bugzilla.redhat.com/bugzilla --enable-bootstrap --enable-shared --enable-threads=posix --enable-checking=release --with-system-zlib --enable-__cxa_atexit --disable-libunwind-exceptions --enable-gnu-unique-object --enable-languages=c,c++,objc,obj-c++,java,fortran,ada --enable-java-awt=gtk --disable-dssi --with-java-home=/usr/lib/jvm/java-1.5.0-gcj-1.5.0.0/jre --enable-libgcj-multifile --enable-java-maintainer-mode --with-ecj-jar=/usr/share/java/eclipse-ecj.jar --disable-libjava-multilib --with-ppl --with-cloog --with-tune=generic --with-arch_32=i686 --build=x86_64-redhat-linux
Thread model: posix
gcc version 4.4.7 20120313 (Red Hat 4.4.7-11) (GCC) 
configure:2877: $? = 0
configure:2884: gcc -V >&5
gcc: '-V' option must have argument
configure:2888: $? = 1
configure:2911: checking for C compiler default output file name
configure:2933: gcc    conftest.c  >&5
configure:2937: $? = 0
configure:2975: result: a.out
configure:2994: checking whether the C compiler works
configure:3004: ./a.out
configure:3008: $? = 0
configure:3027: result: yes
configure:3034: checking whether we are cross compiling
configure:3036: result: no
configure:3039: checking for suffix of executables
configure:3046: gcc -o conftest    conftest.c  >&5
configure:3050: $? = 0
configure:3076: result: 
configure:3082: checking for suffix of object files
configure:3108: gcc -c   conftest.c >&5
configure:3112: $? = 0
configure:3137: result: o
configure:3141: checking whether we are using the GNU C compiler
configure:3170: gcc -c   conftest.c >&5
configure:3177: $? = 0
configure:3194: result: yes
configure:3203: checking whether gcc accepts -g
configure:3233: gcc -c -g  conftest.c >&5
configure:3240: $? = 0
configure:3341: result: yes
configure:3358: checking for gcc option to accept ISO C89
configure:3432: gcc  -c -g -O2  conftest.c >&5
configure:3439: $? = 0
configure:3462: result: none needed
configure:3491: checking for style of include used by make
configure:3519: result: GNU
configure:3544: checking dependency style of gcc
configure:3654: result: gcc3
configure:3674: checking how to run the C preprocessor
configure:3714: gcc -E  conftest.c
configure:3721: $? = 0
configure:3752: gcc -E  conftest.c
conftest.c:10:28: error: ac_nonexistent.h: No such file or directory
configure:3759: $? = 1
configure: failed program was:
| /* confdefs.h.  */
| #define PACKAGE_NAME "FedStage DRMAA utilities library"
| #define PACKAGE_TARNAME "drmaa_utils"
| #define PACKAGE_VERSION "2.0.1"
| #define PACKAGE_STRING "FedStage DRMAA utilities library 2.0.1"
| #define PACKAGE_BUGREPORT "drmaa-pbspro-users@lists.fedstage.com"
| #define PACKAGE "drmaa_utils"
| #define VERSION "2.0.1"
| /* end confdefs.h.  */
| #include <ac_nonexistent.h>
configure:3792: result: gcc -E
configure:3821: gcc -E  conftest.c
configure:3828: $? = 0
configure:3859: gcc -E  conftest.c
conftest.c:10:28: error: ac_nonexistent.h: No such file or directory
configure:3866: $? = 1
configure: failed program was:
| /* confdefs.h.  */
| #define PACKAGE_NAME "FedStage DRMAA utilities library"
| #define PACKAGE_TARNAME "drmaa_utils"
| #define PACKAGE_VERSION "2.0.1"
| #define PACKAGE_STRING "FedStage DRMAA utilities library 2.0.1"
| #define PACKAGE_BUGREPORT "drmaa-pbspro-users@lists.fedstage.com"
| #define PACKAGE "drmaa_utils"
| #define VERSION "2.0.1"
| /* end confdefs.h.  */
| #include <ac_nonexistent.h>
configure:3948: checking for ranlib
configure:3964: found /usr/bin/ranlib
configure:3975: result: ranlib
configure:4011: checking for a BSD-compatible install
configure:4079: result: /usr/bin/install -c
configure:4121: checking build system type
configure:4139: result: x86_64-unknown-linux-gnu
configure:4161: checking host system type
configure:4176: result: x86_64-unknown-linux-gnu
configure:4219: checking how to print strings
configure:4246: result: printf
configure:4267: checking for a sed that does not truncate output
configure:4333: result: /bin/sed
configure:4351: checking for grep that handles long lines and -e
configure:4411: result: /bin/grep
configure:4416: checking for egrep
configure:4480: result: /bin/grep -E
configure:4485: checking for fgrep
configure:4549: result: /bin/grep -F
configure:4584: checking for ld used by gcc
configure:4651: result: /usr/bin/ld
configure:4660: checking if the linker (/usr/bin/ld) is GNU ld
configure:4675: result: yes
configure:4687: checking for BSD- or MS-compatible name lister (nm)
configure:4736: result: /usr/bin/nm -B
configure:4866: checking the name lister (/usr/bin/nm -B) interface
configure:4873: gcc -c -g -O2  conftest.c >&5
configure:4876: /usr/bin/nm -B "conftest.o"
configure:4879: output
0000000000000000 B some_variable
configure:4886: result: BSD nm
configure:4889: checking whether ln -s works
configure:4893: result: yes
configure:4901: checking the maximum length of command line arguments
configure:5026: result: 1966080
configure:5043: checking whether the shell understands some XSI constructs
configure:5053: result: yes
configure:5057: checking whether the shell understands "+="
configure:5063: result: yes
configure:5098: checking for /usr/bin/ld option to reload object files
configure:5105: result: -r
configure:5174: checking for objdump
configure:5190: found /usr/bin/objdump
configure:5201: result: objdump
configure:5233: checking how to recognize dependent libraries
configure:5435: result: pass_all
configure:5495: checking for ar
configure:5511: found /usr/bin/ar
configure:5522: result: ar
configure:5600: checking for strip
configure:5616: found /usr/bin/strip
configure:5627: result: strip
configure:5699: checking for ranlib
configure:5726: result: ranlib
configure:5828: checking command to parse /usr/bin/nm -B output from gcc object
configure:5946: gcc -c -g -O2  conftest.c >&5
configure:5949: $? = 0
configure:5953: /usr/bin/nm -B conftest.o \| sed -n -e 's/^.*[ ]\([ABCDGIRSTW][ABCDGIRSTW]*\)[ ][ ]*\([_A-Za-z][_A-Za-z0-9]*\)$/\1 \2 \2/p' \> conftest.nm
configure:5956: $? = 0
configure:6010: gcc -o conftest -g -O2   conftest.c conftstm.o >&5
configure:6013: $? = 0
configure:6051: result: ok
configure:6147: gcc -c -g -O2  conftest.c >&5
configure:6150: $? = 0
configure:6946: checking for ANSI C header files
configure:6976: gcc -c -g -O2  conftest.c >&5
configure:6983: $? = 0
configure:7082: gcc -o conftest -g -O2   conftest.c  >&5
configure:7086: $? = 0
configure:7092: ./conftest
configure:7096: $? = 0
configure:7114: result: yes
configure:7138: checking for sys/types.h
configure:7159: gcc -c -g -O2  conftest.c >&5
configure:7166: $? = 0
configure:7183: result: yes
configure:7138: checking for sys/stat.h
configure:7159: gcc -c -g -O2  conftest.c >&5
configure:7166: $? = 0
configure:7183: result: yes
configure:7138: checking for stdlib.h
configure:7159: gcc -c -g -O2  conftest.c >&5
configure:7166: $? = 0
configure:7183: result: yes
configure:7138: checking for string.h
configure:7159: gcc -c -g -O2  conftest.c >&5
configure:7166: $? = 0
configure:7183: result: yes
configure:7138: checking for memory.h
configure:7159: gcc -c -g -O2  conftest.c >&5
configure:7166: $? = 0
configure:7183: result: yes
configure:7138: checking for strings.h
configure:7159: gcc -c -g -O2  conftest.c >&5
configure:7166: $? = 0
configure:7183: result: yes
configure:7138: checking for inttypes.h
configure:7159: gcc -c -g -O2  conftest.c >&5
configure:7166: $? = 0
configure:7183: result: yes
configure:7138: checking for stdint.h
configure:7159: gcc -c -g -O2  conftest.c >&5
configure:7166: $? = 0
configure:7183: result: yes
configure:7138: checking for unistd.h
configure:7159: gcc -c -g -O2  conftest.c >&5
configure:7166: $? = 0
configure:7183: result: yes
configure:7201: checking for dlfcn.h
configure:7222: gcc -c -g -O2  conftest.c >&5
configure:7229: $? = 0
configure:7246: result: yes
configure:7435: checking for objdir
configure:7450: result: .libs
configure:7721: checking if gcc supports -fno-rtti -fno-exceptions
configure:7739: gcc -c -g -O2  -fno-rtti -fno-exceptions conftest.c >&5
cc1: warning: command line option "-fno-rtti" is valid for C++/ObjC++ but not for C
configure:7743: $? = 0
configure:7756: result: no
configure:7776: checking for gcc option to produce PIC
configure:8061: result: -fPIC -DPIC
configure:8073: checking if gcc PIC flag -fPIC -DPIC works
configure:8091: gcc -c -g -O2  -fPIC -DPIC -DPIC conftest.c >&5
configure:8095: $? = 0
configure:8108: result: yes
configure:8132: checking if gcc static flag -static works
configure:8160: result: no
configure:8175: checking if gcc supports -c -o file.o
configure:8196: gcc -c -g -O2  -o out/conftest2.o conftest.c >&5
configure:8200: $? = 0
configure:8222: result: yes
configure:8230: checking if gcc supports -c -o file.o
configure:8277: result: yes
configure:8310: checking whether the gcc linker (/usr/bin/ld -m elf_x86_64) supports shared libraries
configure:9473: result: yes
configure:9510: checking whether -lc should be explicitly linked in
configure:9518: gcc -c -g -O2  conftest.c >&5
configure:9521: $? = 0
configure:9536: gcc -shared conftest.o  -v -Wl,-soname -Wl,conftest -o conftest 2\>\&1 \| /bin/grep  -lc  \>/dev/null 2\>\&1
configure:9539: $? = 0
configure:9553: result: no
configure:9718: checking dynamic linker characteristics
configure:10183: gcc -o conftest -g -O2   -Wl,-rpath -Wl,/foo conftest.c  >&5
configure:10190: $? = 0
configure:10427: result: GNU/Linux ld.so
configure:10534: checking how to hardcode library paths into programs
configure:10559: result: immediate
configure:11412: checking whether stripping libraries is possible
configure:11417: result: yes
configure:11452: checking if libtool supports shared libraries
configure:11454: result: yes
configure:11457: checking whether to build shared libraries
configure:11478: result: yes
configure:11481: checking whether to build static libraries
configure:11485: result: yes
configure:11520: checking whether make sets $(MAKE)
configure:11542: result: yes
configure:11551: checking whether ln -s works
configure:11555: result: yes
configure:11566: checking for sed
configure:11596: result: /bin/sed
configure:11609: checking for tr
configure:11627: found /usr/bin/tr
configure:11639: result: /usr/bin/tr
configure:11654: checking for bison
configure:11670: found /usr/bin/bison
configure:11681: result: bison -y
configure:11694: checking for gperf
configure:11720: result: yes
configure:11732: checking for ragel
configure:11762: result: no
configure:11778: checking for rst2html
configure:11808: result: no
configure:11778: checking for rst2html.py
configure:11808: result: no
configure:11820: checking for rst2latex
configure:11850: result: no
configure:11820: checking for rst2latex.py
configure:11850: result: no
configure:11869: checking for dot
configure:11885: found /usr/bin/dot
configure:11896: result: dot
configure:11939: checking whether gcc accepts -Wno-missing-field-initializers
configure:11952: gcc -c  -ansi -g -O2 -Wall -Wextra -Wno-missing-field-initializers  conftest.c >&5
configure:11959: $? = 0
configure:11965: result: yes
configure:11978: checking whether gcc accepts -Wno-format-zero-length
configure:11990: gcc -c  -ansi -g -O2 -Wno-format-zero-length  conftest.c >&5
configure:11997: $? = 0
configure:12003: result: yes
configure:12047: checking host system type
configure:12062: result: x86_64-unknown-linux-gnu
configure:12105: checking whether byte ordering is bigendian
configure:12137: gcc -c  -ansi -g -O2 -O0 -D_REENTRANT -D_THREAD_SAFE  -D_GNU_SOURCE conftest.c >&5
configure:12144: $? = 0
configure:12175: gcc -c  -ansi -g -O2 -O0 -D_REENTRANT -D_THREAD_SAFE  -D_GNU_SOURCE conftest.c >&5
conftest.c: In function 'main':
conftest.c:30: error: 'not' undeclared (first use in this function)
conftest.c:30: error: (Each undeclared identifier is reported only once
conftest.c:30: error: for each function it appears in.)
conftest.c:30: error: expected ';' before 'big'
configure:12182: $? = 1
configure: failed program was:
| /* confdefs.h.  */
| #define PACKAGE_NAME "FedStage DRMAA utilities library"
| #define PACKAGE_TARNAME "drmaa_utils"
| #define PACKAGE_VERSION "2.0.1"
| #define PACKAGE_STRING "FedStage DRMAA utilities library 2.0.1"
| #define PACKAGE_BUGREPORT "drmaa-pbspro-users@lists.fedstage.com"
| #define PACKAGE "drmaa_utils"
| #define VERSION "2.0.1"
| #define STDC_HEADERS 1
| #define HAVE_SYS_TYPES_H 1
| #define HAVE_SYS_STAT_H 1
| #define HAVE_STDLIB_H 1
| #define HAVE_STRING_H 1
| #define HAVE_MEMORY_H 1
| #define HAVE_STRINGS_H 1
| #define HAVE_INTTYPES_H 1
| #define HAVE_STDINT_H 1
| #define HAVE_UNISTD_H 1
| #define HAVE_DLFCN_H 1
| #define LT_OBJDIR ".libs/"
| #define DEBUGGING 1
| /* end confdefs.h.  */
| #include <sys/types.h>
| #include <sys/param.h>
| int
| main ()
| {
| 
| #if BYTE_ORDER != BIG_ENDIAN
|  not big endian
| #endif
|   ;
|   return 0;
| }
configure:12263: result: no
configure:12524: checking for the pthreads library -lpthreads
configure:12567: gcc -o conftest  -ansi -g -O2 -O0  -D_REENTRANT -D_THREAD_SAFE  -D_GNU_SOURCE  conftest.c -lpthreads  >&5
/usr/bin/ld: cannot find -lpthreads
collect2: ld returned 1 exit status
configure:12574: $? = 1
configure: failed program was:
| /* confdefs.h.  */
| #define PACKAGE_NAME "FedStage DRMAA utilities library"
| #define PACKAGE_TARNAME "drmaa_utils"
| #define PACKAGE_VERSION "2.0.1"
| #define PACKAGE_STRING "FedStage DRMAA utilities library 2.0.1"
| #define PACKAGE_BUGREPORT "drmaa-pbspro-users@lists.fedstage.com"
| #define PACKAGE "drmaa_utils"
| #define VERSION "2.0.1"
| #define STDC_HEADERS 1
| #define HAVE_SYS_TYPES_H 1
| #define HAVE_SYS_STAT_H 1
| #define HAVE_STDLIB_H 1
| #define HAVE_STRING_H 1
| #define HAVE_MEMORY_H 1
| #define HAVE_STRINGS_H 1
| #define HAVE_INTTYPES_H 1
| #define HAVE_STDINT_H 1
| #define HAVE_UNISTD_H 1
| #define HAVE_DLFCN_H 1
| #define LT_OBJDIR ".libs/"
| #define DEBUGGING 1
| #define BYTEORDER 1234
| /* end confdefs.h.  */
| #include <pthread.h>
| int
| main ()
| {
| pthread_t th; pthread_join(th, 0);
|                      pthread_attr_init(0); pthread_cleanup_push(0, 0);
|                      pthread_create(0,0,0,0); pthread_cleanup_pop(0);
|   ;
|   return 0;
| }
configure:12597: result: no
configure:12468: checking whether pthreads work without any flags
configure:12567: gcc -o conftest  -ansi -g -O2 -O0  -D_REENTRANT -D_THREAD_SAFE  -D_GNU_SOURCE  conftest.c   >&5
/tmp/ccV7E0mh.o: In function `main':
/site/drmaa/slurm-drmaa-1.0.6/drmaa_utils/conftest.c:28: undefined reference to `pthread_join'
/site/drmaa/slurm-drmaa-1.0.6/drmaa_utils/conftest.c:29: undefined reference to `__pthread_register_cancel'
/site/drmaa/slurm-drmaa-1.0.6/drmaa_utils/conftest.c:30: undefined reference to `pthread_create'
/site/drmaa/slurm-drmaa-1.0.6/drmaa_utils/conftest.c:30: undefined reference to `__pthread_unregister_cancel'
collect2: ld returned 1 exit status
configure:12574: $? = 1
configure: failed program was:
| /* confdefs.h.  */
| #define PACKAGE_NAME "FedStage DRMAA utilities library"
| #define PACKAGE_TARNAME "drmaa_utils"
| #define PACKAGE_VERSION "2.0.1"
| #define PACKAGE_STRING "FedStage DRMAA utilities library 2.0.1"
| #define PACKAGE_BUGREPORT "drmaa-pbspro-users@lists.fedstage.com"
| #define PACKAGE "drmaa_utils"
| #define VERSION "2.0.1"
| #define STDC_HEADERS 1
| #define HAVE_SYS_TYPES_H 1
| #define HAVE_SYS_STAT_H 1
| #define HAVE_STDLIB_H 1
| #define HAVE_STRING_H 1
| #define HAVE_MEMORY_H 1
| #define HAVE_STRINGS_H 1
| #define HAVE_INTTYPES_H 1
| #define HAVE_STDINT_H 1
| #define HAVE_UNISTD_H 1
| #define HAVE_DLFCN_H 1
| #define LT_OBJDIR ".libs/"
| #define DEBUGGING 1
| #define BYTEORDER 1234
| /* end confdefs.h.  */
| #include <pthread.h>
| int
| main ()
| {
| pthread_t th; pthread_join(th, 0);
|                      pthread_attr_init(0); pthread_cleanup_push(0, 0);
|                      pthread_create(0,0,0,0); pthread_cleanup_pop(0);
|   ;
|   return 0;
| }
configure:12597: result: no
configure:12473: checking whether pthreads work with -Kthread
configure:12567: gcc -o conftest  -ansi -g -O2 -O0 -Kthread -D_REENTRANT -D_THREAD_SAFE  -D_GNU_SOURCE  conftest.c -Kthread  >&5
gcc: unrecognized option '-Kthread'
gcc: unrecognized option '-Kthread'
/tmp/ccik16Tk.o: In function `main':
/site/drmaa/slurm-drmaa-1.0.6/drmaa_utils/conftest.c:28: undefined reference to `pthread_join'
/site/drmaa/slurm-drmaa-1.0.6/drmaa_utils/conftest.c:29: undefined reference to `__pthread_register_cancel'
/site/drmaa/slurm-drmaa-1.0.6/drmaa_utils/conftest.c:30: undefined reference to `pthread_create'
/site/drmaa/slurm-drmaa-1.0.6/drmaa_utils/conftest.c:30: undefined reference to `__pthread_unregister_cancel'
collect2: ld returned 1 exit status
configure:12574: $? = 1
configure: failed program was:
| /* confdefs.h.  */
| #define PACKAGE_NAME "FedStage DRMAA utilities library"
| #define PACKAGE_TARNAME "drmaa_utils"
| #define PACKAGE_VERSION "2.0.1"
| #define PACKAGE_STRING "FedStage DRMAA utilities library 2.0.1"
| #define PACKAGE_BUGREPORT "drmaa-pbspro-users@lists.fedstage.com"
| #define PACKAGE "drmaa_utils"
| #define VERSION "2.0.1"
| #define STDC_HEADERS 1
| #define HAVE_SYS_TYPES_H 1
| #define HAVE_SYS_STAT_H 1
| #define HAVE_STDLIB_H 1
| #define HAVE_STRING_H 1
| #define HAVE_MEMORY_H 1
| #define HAVE_STRINGS_H 1
| #define HAVE_INTTYPES_H 1
| #define HAVE_STDINT_H 1
| #define HAVE_UNISTD_H 1
| #define HAVE_DLFCN_H 1
| #define LT_OBJDIR ".libs/"
| #define DEBUGGING 1
| #define BYTEORDER 1234
| /* end confdefs.h.  */
| #include <pthread.h>
| int
| main ()
| {
| pthread_t th; pthread_join(th, 0);
|                      pthread_attr_init(0); pthread_cleanup_push(0, 0);
|                      pthread_create(0,0,0,0); pthread_cleanup_pop(0);
|   ;
|   return 0;
| }
configure:12597: result: no
configure:12473: checking whether pthreads work with -kthread
configure:12567: gcc -o conftest  -ansi -g -O2 -O0 -kthread -D_REENTRANT -D_THREAD_SAFE  -D_GNU_SOURCE  conftest.c -kthread  >&5
gcc: unrecognized option '-kthread'
gcc: unrecognized option '-kthread'
/tmp/ccFZaRDn.o: In function `main':
/site/drmaa/slurm-drmaa-1.0.6/drmaa_utils/conftest.c:28: undefined reference to `pthread_join'
/site/drmaa/slurm-drmaa-1.0.6/drmaa_utils/conftest.c:29: undefined reference to `__pthread_register_cancel'
/site/drmaa/slurm-drmaa-1.0.6/drmaa_utils/conftest.c:30: undefined reference to `pthread_create'
/site/drmaa/slurm-drmaa-1.0.6/drmaa_utils/conftest.c:30: undefined reference to `__pthread_unregister_cancel'
collect2: ld returned 1 exit status
configure:12574: $? = 1
configure: failed program was:
| /* confdefs.h.  */
| #define PACKAGE_NAME "FedStage DRMAA utilities library"
| #define PACKAGE_TARNAME "drmaa_utils"
| #define PACKAGE_VERSION "2.0.1"
| #define PACKAGE_STRING "FedStage DRMAA utilities library 2.0.1"
| #define PACKAGE_BUGREPORT "drmaa-pbspro-users@lists.fedstage.com"
| #define PACKAGE "drmaa_utils"
| #define VERSION "2.0.1"
| #define STDC_HEADERS 1
| #define HAVE_SYS_TYPES_H 1
| #define HAVE_SYS_STAT_H 1
| #define HAVE_STDLIB_H 1
| #define HAVE_STRING_H 1
| #define HAVE_MEMORY_H 1
| #define HAVE_STRINGS_H 1
| #define HAVE_INTTYPES_H 1
| #define HAVE_STDINT_H 1
| #define HAVE_UNISTD_H 1
| #define HAVE_DLFCN_H 1
| #define LT_OBJDIR ".libs/"
| #define DEBUGGING 1
| #define BYTEORDER 1234
| /* end confdefs.h.  */
| #include <pthread.h>
| int
| main ()
| {
| pthread_t th; pthread_join(th, 0);
|                      pthread_attr_init(0); pthread_cleanup_push(0, 0);
|                      pthread_create(0,0,0,0); pthread_cleanup_pop(0);
|   ;
|   return 0;
| }
configure:12597: result: no
configure:12524: checking for the pthreads library -llthread
configure:12567: gcc -o conftest  -ansi -g -O2 -O0  -D_REENTRANT -D_THREAD_SAFE  -D_GNU_SOURCE  conftest.c -llthread  >&5
/usr/bin/ld: cannot find -llthread
collect2: ld returned 1 exit status
configure:12574: $? = 1
configure: failed program was:
| /* confdefs.h.  */
| #define PACKAGE_NAME "FedStage DRMAA utilities library"
| #define PACKAGE_TARNAME "drmaa_utils"
| #define PACKAGE_VERSION "2.0.1"
| #define PACKAGE_STRING "FedStage DRMAA utilities library 2.0.1"
| #define PACKAGE_BUGREPORT "drmaa-pbspro-users@lists.fedstage.com"
| #define PACKAGE "drmaa_utils"
| #define VERSION "2.0.1"
| #define STDC_HEADERS 1
| #define HAVE_SYS_TYPES_H 1
| #define HAVE_SYS_STAT_H 1
| #define HAVE_STDLIB_H 1
| #define HAVE_STRING_H 1
| #define HAVE_MEMORY_H 1
| #define HAVE_STRINGS_H 1
| #define HAVE_INTTYPES_H 1
| #define HAVE_STDINT_H 1
| #define HAVE_UNISTD_H 1
| #define HAVE_DLFCN_H 1
| #define LT_OBJDIR ".libs/"
| #define DEBUGGING 1
| #define BYTEORDER 1234
| /* end confdefs.h.  */
| #include <pthread.h>
| int
| main ()
| {
| pthread_t th; pthread_join(th, 0);
|                      pthread_attr_init(0); pthread_cleanup_push(0, 0);
|                      pthread_create(0,0,0,0); pthread_cleanup_pop(0);
|   ;
|   return 0;
| }
configure:12597: result: no
configure:12473: checking whether pthreads work with -pthread
configure:12567: gcc -o conftest  -ansi -g -O2 -O0 -pthread -D_REENTRANT -D_THREAD_SAFE  -D_GNU_SOURCE  conftest.c -pthread  >&5
configure:12574: $? = 0
configure:12597: result: yes
configure:12616: checking for joinable pthread attribute
configure:12641: gcc -o conftest  -ansi -g -O2 -O0 -pthread -D_REENTRANT -D_THREAD_SAFE  -D_GNU_SOURCE  conftest.c -pthread  >&5
configure:12648: $? = 0
configure:12668: result: PTHREAD_CREATE_JOINABLE
configure:12678: checking if more special flags are required for pthreads
configure:12685: result: no
configure:12745: checking execinfo.h usability
configure:12762: gcc -c  -ansi -g -O2 -O0 -pthread -D_REENTRANT -D_THREAD_SAFE  -D_GNU_SOURCE conftest.c >&5
configure:12769: $? = 0
configure:12783: result: yes
configure:12787: checking execinfo.h presence
configure:12802: gcc -E -D_REENTRANT -D_THREAD_SAFE  -D_GNU_SOURCE conftest.c
configure:12809: $? = 0
configure:12823: result: yes
configure:12856: checking for execinfo.h
configure:12865: result: yes
configure:12745: checking fcntl.h usability
configure:12762: gcc -c  -ansi -g -O2 -O0 -pthread -D_REENTRANT -D_THREAD_SAFE  -D_GNU_SOURCE conftest.c >&5
configure:12769: $? = 0
configure:12783: result: yes
configure:12787: checking fcntl.h presence
configure:12802: gcc -E -D_REENTRANT -D_THREAD_SAFE  -D_GNU_SOURCE conftest.c
configure:12809: $? = 0
configure:12823: result: yes
configure:12856: checking for fcntl.h
configure:12865: result: yes
configure:12734: checking for inttypes.h
configure:12741: result: yes
configure:12745: checking libintl.h usability
configure:12762: gcc -c  -ansi -g -O2 -O0 -pthread -D_REENTRANT -D_THREAD_SAFE  -D_GNU_SOURCE conftest.c >&5
configure:12769: $? = 0
configure:12783: result: yes
configure:12787: checking libintl.h presence
configure:12802: gcc -E -D_REENTRANT -D_THREAD_SAFE  -D_GNU_SOURCE conftest.c
configure:12809: $? = 0
configure:12823: result: yes
configure:12856: checking for libintl.h
configure:12865: result: yes
configure:12745: checking limits.h usability
configure:12762: gcc -c  -ansi -g -O2 -O0 -pthread -D_REENTRANT -D_THREAD_SAFE  -D_GNU_SOURCE conftest.c >&5
configure:12769: $? = 0
configure:12783: result: yes
configure:12787: checking limits.h presence
configure:12802: gcc -E -D_REENTRANT -D_THREAD_SAFE  -D_GNU_SOURCE conftest.c
configure:12809: $? = 0
configure:12823: result: yes
configure:12856: checking for limits.h
configure:12865: result: yes
configure:12745: checking malloc.h usability
configure:12762: gcc -c  -ansi -g -O2 -O0 -pthread -D_REENTRANT -D_THREAD_SAFE  -D_GNU_SOURCE conftest.c >&5
configure:12769: $? = 0
configure:12783: result: yes
configure:12787: checking malloc.h presence
configure:12802: gcc -E -D_REENTRANT -D_THREAD_SAFE  -D_GNU_SOURCE conftest.c
configure:12809: $? = 0
configure:12823: result: yes
configure:12856: checking for malloc.h
configure:12865: result: yes
configure:12745: checking stddef.h usability
configure:12762: gcc -c  -ansi -g -O2 -O0 -pthread -D_REENTRANT -D_THREAD_SAFE  -D_GNU_SOURCE conftest.c >&5
configure:12769: $? = 0
configure:12783: result: yes
configure:12787: checking stddef.h presence
configure:12802: gcc -E -D_REENTRANT -D_THREAD_SAFE  -D_GNU_SOURCE conftest.c
configure:12809: $? = 0
configure:12823: result: yes
configure:12856: checking for stddef.h
configure:12865: result: yes
configure:12734: checking for stdint.h
configure:12741: result: yes
configure:12734: checking for stdlib.h
configure:12741: result: yes
configure:12734: checking for string.h
configure:12741: result: yes
configure:12745: checking sys/time.h usability
configure:12762: gcc -c  -ansi -g -O2 -O0 -pthread -D_REENTRANT -D_THREAD_SAFE  -D_GNU_SOURCE conftest.c >&5
configure:12769: $? = 0
configure:12783: result: yes
configure:12787: checking sys/time.h presence
configure:12802: gcc -E -D_REENTRANT -D_THREAD_SAFE  -D_GNU_SOURCE conftest.c
configure:12809: $? = 0
configure:12823: result: yes
configure:12856: checking for sys/time.h
configure:12865: result: yes
configure:12734: checking for unistd.h
configure:12741: result: yes
configure:12880: checking for stdbool.h that conforms to C99
configure:12975: gcc -c  -ansi -g -O2 -O0 -pthread -D_REENTRANT -D_THREAD_SAFE  -D_GNU_SOURCE conftest.c >&5
configure:12982: $? = 0
configure:12997: result: yes
configure:12999: checking for _Bool
configure:13027: gcc -c  -ansi -g -O2 -O0 -pthread -D_REENTRANT -D_THREAD_SAFE  -D_GNU_SOURCE conftest.c >&5
configure:13034: $? = 0
configure:13061: gcc -c  -ansi -g -O2 -O0 -pthread -D_REENTRANT -D_THREAD_SAFE  -D_GNU_SOURCE conftest.c >&5
conftest.c: In function 'main':
conftest.c:72: error: expected expression before ')' token
configure:13068: $? = 1
configure: failed program was:
| /* confdefs.h.  */
| #define PACKAGE_NAME "FedStage DRMAA utilities library"
| #define PACKAGE_TARNAME "drmaa_utils"
| #define PACKAGE_VERSION "2.0.1"
| #define PACKAGE_STRING "FedStage DRMAA utilities library 2.0.1"
| #define PACKAGE_BUGREPORT "drmaa-pbspro-users@lists.fedstage.com"
| #define PACKAGE "drmaa_utils"
| #define VERSION "2.0.1"
| #define STDC_HEADERS 1
| #define HAVE_SYS_TYPES_H 1
| #define HAVE_SYS_STAT_H 1
| #define HAVE_STDLIB_H 1
| #define HAVE_STRING_H 1
| #define HAVE_MEMORY_H 1
| #define HAVE_STRINGS_H 1
| #define HAVE_INTTYPES_H 1
| #define HAVE_STDINT_H 1
| #define HAVE_UNISTD_H 1
| #define HAVE_DLFCN_H 1
| #define LT_OBJDIR ".libs/"
| #define DEBUGGING 1
| #define BYTEORDER 1234
| #define HAVE_EXECINFO_H 1
| #define HAVE_FCNTL_H 1
| #define HAVE_INTTYPES_H 1
| #define HAVE_LIBINTL_H 1
| #define HAVE_LIMITS_H 1
| #define HAVE_MALLOC_H 1
| #define HAVE_STDDEF_H 1
| #define HAVE_STDINT_H 1
| #define HAVE_STDLIB_H 1
| #define HAVE_STRING_H 1
| #define HAVE_SYS_TIME_H 1
| #define HAVE_UNISTD_H 1
| /* end confdefs.h.  */
| #include <stdio.h>
| #ifdef HAVE_SYS_TYPES_H
| # include <sys/types.h>
| #endif
| #ifdef HAVE_SYS_STAT_H
| # include <sys/stat.h>
| #endif
| #ifdef STDC_HEADERS
| # include <stdlib.h>
| # include <stddef.h>
| #else
| # ifdef HAVE_STDLIB_H
| #  include <stdlib.h>
| # endif
| #endif
| #ifdef HAVE_STRING_H
| # if !defined STDC_HEADERS && defined HAVE_MEMORY_H
| #  include <memory.h>
| # endif
| # include <string.h>
| #endif
| #ifdef HAVE_STRINGS_H
| # include <strings.h>
| #endif
| #ifdef HAVE_INTTYPES_H
| # include <inttypes.h>
| #endif
| #ifdef HAVE_STDINT_H
| # include <stdint.h>
| #endif
| #ifdef HAVE_UNISTD_H
| # include <unistd.h>
| #endif
| int
| main ()
| {
| if (sizeof ((_Bool)))
| 	  return 0;
|   ;
|   return 0;
| }
configure:13091: result: yes
configure:13110: checking whether time.h and sys/time.h may both be included
configure:13140: gcc -c  -ansi -g -O2 -O0 -pthread -D_REENTRANT -D_THREAD_SAFE  -D_GNU_SOURCE conftest.c >&5
configure:13147: $? = 0
configure:13162: result: yes
configure:13174: checking for pid_t
configure:13202: gcc -c  -ansi -g -O2 -O0 -pthread -D_REENTRANT -D_THREAD_SAFE  -D_GNU_SOURCE conftest.c >&5
configure:13209: $? = 0
configure:13236: gcc -c  -ansi -g -O2 -O0 -pthread -D_REENTRANT -D_THREAD_SAFE  -D_GNU_SOURCE conftest.c >&5
conftest.c: In function 'main':
conftest.c:75: error: expected expression before ')' token
configure:13243: $? = 1
configure: failed program was:
| /* confdefs.h.  */
| #define PACKAGE_NAME "FedStage DRMAA utilities library"
| #define PACKAGE_TARNAME "drmaa_utils"
| #define PACKAGE_VERSION "2.0.1"
| #define PACKAGE_STRING "FedStage DRMAA utilities library 2.0.1"
| #define PACKAGE_BUGREPORT "drmaa-pbspro-users@lists.fedstage.com"
| #define PACKAGE "drmaa_utils"
| #define VERSION "2.0.1"
| #define STDC_HEADERS 1
| #define HAVE_SYS_TYPES_H 1
| #define HAVE_SYS_STAT_H 1
| #define HAVE_STDLIB_H 1
| #define HAVE_STRING_H 1
| #define HAVE_MEMORY_H 1
| #define HAVE_STRINGS_H 1
| #define HAVE_INTTYPES_H 1
| #define HAVE_STDINT_H 1
| #define HAVE_UNISTD_H 1
| #define HAVE_DLFCN_H 1
| #define LT_OBJDIR ".libs/"
| #define DEBUGGING 1
| #define BYTEORDER 1234
| #define HAVE_EXECINFO_H 1
| #define HAVE_FCNTL_H 1
| #define HAVE_INTTYPES_H 1
| #define HAVE_LIBINTL_H 1
| #define HAVE_LIMITS_H 1
| #define HAVE_MALLOC_H 1
| #define HAVE_STDDEF_H 1
| #define HAVE_STDINT_H 1
| #define HAVE_STDLIB_H 1
| #define HAVE_STRING_H 1
| #define HAVE_SYS_TIME_H 1
| #define HAVE_UNISTD_H 1
| #define HAVE__BOOL 1
| #define HAVE_STDBOOL_H 1
| #define TIME_WITH_SYS_TIME 1
| /* end confdefs.h.  */
| #include <stdio.h>
| #ifdef HAVE_SYS_TYPES_H
| # include <sys/types.h>
| #endif
| #ifdef HAVE_SYS_STAT_H
| # include <sys/stat.h>
| #endif
| #ifdef STDC_HEADERS
| # include <stdlib.h>
| # include <stddef.h>
| #else
| # ifdef HAVE_STDLIB_H
| #  include <stdlib.h>
| # endif
| #endif
| #ifdef HAVE_STRING_H
| # if !defined STDC_HEADERS && defined HAVE_MEMORY_H
| #  include <memory.h>
| # endif
| # include <string.h>
| #endif
| #ifdef HAVE_STRINGS_H
| # include <strings.h>
| #endif
| #ifdef HAVE_INTTYPES_H
| # include <inttypes.h>
| #endif
| #ifdef HAVE_STDINT_H
| # include <stdint.h>
| #endif
| #ifdef HAVE_UNISTD_H
| # include <unistd.h>
| #endif
| int
| main ()
| {
| if (sizeof ((pid_t)))
| 	  return 0;
|   ;
|   return 0;
| }
configure:13266: result: yes
configure:13278: checking for size_t
configure:13306: gcc -c  -ansi -g -O2 -O0 -pthread -D_REENTRANT -D_THREAD_SAFE  -D_GNU_SOURCE conftest.c >&5
configure:13313: $? = 0
configure:13340: gcc -c  -ansi -g -O2 -O0 -pthread -D_REENTRANT -D_THREAD_SAFE  -D_GNU_SOURCE conftest.c >&5
conftest.c: In function 'main':
conftest.c:75: error: expected expression before ')' token
configure:13347: $? = 1
configure: failed program was:
| /* confdefs.h.  */
| #define PACKAGE_NAME "FedStage DRMAA utilities library"
| #define PACKAGE_TARNAME "drmaa_utils"
| #define PACKAGE_VERSION "2.0.1"
| #define PACKAGE_STRING "FedStage DRMAA utilities library 2.0.1"
| #define PACKAGE_BUGREPORT "drmaa-pbspro-users@lists.fedstage.com"
| #define PACKAGE "drmaa_utils"
| #define VERSION "2.0.1"
| #define STDC_HEADERS 1
| #define HAVE_SYS_TYPES_H 1
| #define HAVE_SYS_STAT_H 1
| #define HAVE_STDLIB_H 1
| #define HAVE_STRING_H 1
| #define HAVE_MEMORY_H 1
| #define HAVE_STRINGS_H 1
| #define HAVE_INTTYPES_H 1
| #define HAVE_STDINT_H 1
| #define HAVE_UNISTD_H 1
| #define HAVE_DLFCN_H 1
| #define LT_OBJDIR ".libs/"
| #define DEBUGGING 1
| #define BYTEORDER 1234
| #define HAVE_EXECINFO_H 1
| #define HAVE_FCNTL_H 1
| #define HAVE_INTTYPES_H 1
| #define HAVE_LIBINTL_H 1
| #define HAVE_LIMITS_H 1
| #define HAVE_MALLOC_H 1
| #define HAVE_STDDEF_H 1
| #define HAVE_STDINT_H 1
| #define HAVE_STDLIB_H 1
| #define HAVE_STRING_H 1
| #define HAVE_SYS_TIME_H 1
| #define HAVE_UNISTD_H 1
| #define HAVE__BOOL 1
| #define HAVE_STDBOOL_H 1
| #define TIME_WITH_SYS_TIME 1
| /* end confdefs.h.  */
| #include <stdio.h>
| #ifdef HAVE_SYS_TYPES_H
| # include <sys/types.h>
| #endif
| #ifdef HAVE_SYS_STAT_H
| # include <sys/stat.h>
| #endif
| #ifdef STDC_HEADERS
| # include <stdlib.h>
| # include <stddef.h>
| #else
| # ifdef HAVE_STDLIB_H
| #  include <stdlib.h>
| # endif
| #endif
| #ifdef HAVE_STRING_H
| # if !defined STDC_HEADERS && defined HAVE_MEMORY_H
| #  include <memory.h>
| # endif
| # include <string.h>
| #endif
| #ifdef HAVE_STRINGS_H
| # include <strings.h>
| #endif
| #ifdef HAVE_INTTYPES_H
| # include <inttypes.h>
| #endif
| #ifdef HAVE_STDINT_H
| # include <stdint.h>
| #endif
| #ifdef HAVE_UNISTD_H
| # include <unistd.h>
| #endif
| int
| main ()
| {
| if (sizeof ((size_t)))
| 	  return 0;
|   ;
|   return 0;
| }
configure:13370: result: yes
configure:13382: checking for ssize_t
configure:13410: gcc -c  -ansi -g -O2 -O0 -pthread -D_REENTRANT -D_THREAD_SAFE  -D_GNU_SOURCE conftest.c >&5
configure:13417: $? = 0
configure:13444: gcc -c  -ansi -g -O2 -O0 -pthread -D_REENTRANT -D_THREAD_SAFE  -D_GNU_SOURCE conftest.c >&5
conftest.c: In function 'main':
conftest.c:75: error: expected expression before ')' token
configure:13451: $? = 1
configure: failed program was:
| /* confdefs.h.  */
| #define PACKAGE_NAME "FedStage DRMAA utilities library"
| #define PACKAGE_TARNAME "drmaa_utils"
| #define PACKAGE_VERSION "2.0.1"
| #define PACKAGE_STRING "FedStage DRMAA utilities library 2.0.1"
| #define PACKAGE_BUGREPORT "drmaa-pbspro-users@lists.fedstage.com"
| #define PACKAGE "drmaa_utils"
| #define VERSION "2.0.1"
| #define STDC_HEADERS 1
| #define HAVE_SYS_TYPES_H 1
| #define HAVE_SYS_STAT_H 1
| #define HAVE_STDLIB_H 1
| #define HAVE_STRING_H 1
| #define HAVE_MEMORY_H 1
| #define HAVE_STRINGS_H 1
| #define HAVE_INTTYPES_H 1
| #define HAVE_STDINT_H 1
| #define HAVE_UNISTD_H 1
| #define HAVE_DLFCN_H 1
| #define LT_OBJDIR ".libs/"
| #define DEBUGGING 1
| #define BYTEORDER 1234
| #define HAVE_EXECINFO_H 1
| #define HAVE_FCNTL_H 1
| #define HAVE_INTTYPES_H 1
| #define HAVE_LIBINTL_H 1
| #define HAVE_LIMITS_H 1
| #define HAVE_MALLOC_H 1
| #define HAVE_STDDEF_H 1
| #define HAVE_STDINT_H 1
| #define HAVE_STDLIB_H 1
| #define HAVE_STRING_H 1
| #define HAVE_SYS_TIME_H 1
| #define HAVE_UNISTD_H 1
| #define HAVE__BOOL 1
| #define HAVE_STDBOOL_H 1
| #define TIME_WITH_SYS_TIME 1
| /* end confdefs.h.  */
| #include <stdio.h>
| #ifdef HAVE_SYS_TYPES_H
| # include <sys/types.h>
| #endif
| #ifdef HAVE_SYS_STAT_H
| # include <sys/stat.h>
| #endif
| #ifdef STDC_HEADERS
| # include <stdlib.h>
| # include <stddef.h>
| #else
| # ifdef HAVE_STDLIB_H
| #  include <stdlib.h>
| # endif
| #endif
| #ifdef HAVE_STRING_H
| # if !defined STDC_HEADERS && defined HAVE_MEMORY_H
| #  include <memory.h>
| # endif
| # include <string.h>
| #endif
| #ifdef HAVE_STRINGS_H
| # include <strings.h>
| #endif
| #ifdef HAVE_INTTYPES_H
| # include <inttypes.h>
| #endif
| #ifdef HAVE_STDINT_H
| # include <stdint.h>
| #endif
| #ifdef HAVE_UNISTD_H
| # include <unistd.h>
| #endif
| int
| main ()
| {
| if (sizeof ((ssize_t)))
| 	  return 0;
|   ;
|   return 0;
| }
configure:13474: result: yes
configure:13486: checking for mode_t
configure:13514: gcc -c  -ansi -g -O2 -O0 -pthread -D_REENTRANT -D_THREAD_SAFE  -D_GNU_SOURCE conftest.c >&5
configure:13521: $? = 0
configure:13548: gcc -c  -ansi -g -O2 -O0 -pthread -D_REENTRANT -D_THREAD_SAFE  -D_GNU_SOURCE conftest.c >&5
conftest.c: In function 'main':
conftest.c:75: error: expected expression before ')' token
configure:13555: $? = 1
configure: failed program was:
| /* confdefs.h.  */
| #define PACKAGE_NAME "FedStage DRMAA utilities library"
| #define PACKAGE_TARNAME "drmaa_utils"
| #define PACKAGE_VERSION "2.0.1"
| #define PACKAGE_STRING "FedStage DRMAA utilities library 2.0.1"
| #define PACKAGE_BUGREPORT "drmaa-pbspro-users@lists.fedstage.com"
| #define PACKAGE "drmaa_utils"
| #define VERSION "2.0.1"
| #define STDC_HEADERS 1
| #define HAVE_SYS_TYPES_H 1
| #define HAVE_SYS_STAT_H 1
| #define HAVE_STDLIB_H 1
| #define HAVE_STRING_H 1
| #define HAVE_MEMORY_H 1
| #define HAVE_STRINGS_H 1
| #define HAVE_INTTYPES_H 1
| #define HAVE_STDINT_H 1
| #define HAVE_UNISTD_H 1
| #define HAVE_DLFCN_H 1
| #define LT_OBJDIR ".libs/"
| #define DEBUGGING 1
| #define BYTEORDER 1234
| #define HAVE_EXECINFO_H 1
| #define HAVE_FCNTL_H 1
| #define HAVE_INTTYPES_H 1
| #define HAVE_LIBINTL_H 1
| #define HAVE_LIMITS_H 1
| #define HAVE_MALLOC_H 1
| #define HAVE_STDDEF_H 1
| #define HAVE_STDINT_H 1
| #define HAVE_STDLIB_H 1
| #define HAVE_STRING_H 1
| #define HAVE_SYS_TIME_H 1
| #define HAVE_UNISTD_H 1
| #define HAVE__BOOL 1
| #define HAVE_STDBOOL_H 1
| #define TIME_WITH_SYS_TIME 1
| /* end confdefs.h.  */
| #include <stdio.h>
| #ifdef HAVE_SYS_TYPES_H
| # include <sys/types.h>
| #endif
| #ifdef HAVE_SYS_STAT_H
| # include <sys/stat.h>
| #endif
| #ifdef STDC_HEADERS
| # include <stdlib.h>
| # include <stddef.h>
| #else
| # ifdef HAVE_STDLIB_H
| #  include <stdlib.h>
| # endif
| #endif
| #ifdef HAVE_STRING_H
| # if !defined STDC_HEADERS && defined HAVE_MEMORY_H
| #  include <memory.h>
| # endif
| # include <string.h>
| #endif
| #ifdef HAVE_STRINGS_H
| # include <strings.h>
| #endif
| #ifdef HAVE_INTTYPES_H
| # include <inttypes.h>
| #endif
| #ifdef HAVE_STDINT_H
| # include <stdint.h>
| #endif
| #ifdef HAVE_UNISTD_H
| # include <unistd.h>
| #endif
| int
| main ()
| {
| if (sizeof ((mode_t)))
| 	  return 0;
|   ;
|   return 0;
| }
configure:13578: result: yes
configure:13591: checking for uint16_t
configure:13622: gcc -c  -ansi -g -O2 -O0 -pthread -D_REENTRANT -D_THREAD_SAFE  -D_GNU_SOURCE conftest.c >&5
configure:13629: $? = 0
configure:13650: result: yes
configure:13664: checking for uint32_t
configure:13695: gcc -c  -ansi -g -O2 -O0 -pthread -D_REENTRANT -D_THREAD_SAFE  -D_GNU_SOURCE conftest.c >&5
configure:13702: $? = 0
configure:13723: result: yes
configure:13741: checking for uint8_t
configure:13772: gcc -c  -ansi -g -O2 -O0 -pthread -D_REENTRANT -D_THREAD_SAFE  -D_GNU_SOURCE conftest.c >&5
configure:13779: $? = 0
configure:13800: result: yes
configure:13817: checking whether struct tm is in sys/time.h or time.h
configure:13847: gcc -c  -ansi -g -O2 -O0 -pthread -D_REENTRANT -D_THREAD_SAFE  -D_GNU_SOURCE conftest.c >&5
configure:13854: $? = 0
configure:13869: result: time.h
configure:13879: checking for struct tm.tm_gmtoff
configure:13908: gcc -c  -ansi -g -O2 -O0 -pthread -D_REENTRANT -D_THREAD_SAFE  -D_GNU_SOURCE conftest.c >&5
configure:13915: $? = 0
configure:13974: result: yes
configure:13986: checking for an ANSI C-conforming const
configure:14061: gcc -c  -ansi -g -O2 -O0 -pthread -D_REENTRANT -D_THREAD_SAFE  -D_GNU_SOURCE conftest.c >&5
configure:14068: $? = 0
configure:14083: result: yes
configure:14093: checking for inline
configure:14119: gcc -c  -ansi -g -O2 -O0 -pthread -D_REENTRANT -D_THREAD_SAFE  -D_GNU_SOURCE conftest.c >&5
conftest.c:42: error: expected '=', ',', ';', 'asm' or '__attribute__' before 'foo_t'
conftest.c:43: error: expected '=', ',', ';', 'asm' or '__attribute__' before 'foo_t'
configure:14126: $? = 1
configure: failed program was:
| /* confdefs.h.  */
| #define PACKAGE_NAME "FedStage DRMAA utilities library"
| #define PACKAGE_TARNAME "drmaa_utils"
| #define PACKAGE_VERSION "2.0.1"
| #define PACKAGE_STRING "FedStage DRMAA utilities library 2.0.1"
| #define PACKAGE_BUGREPORT "drmaa-pbspro-users@lists.fedstage.com"
| #define PACKAGE "drmaa_utils"
| #define VERSION "2.0.1"
| #define STDC_HEADERS 1
| #define HAVE_SYS_TYPES_H 1
| #define HAVE_SYS_STAT_H 1
| #define HAVE_STDLIB_H 1
| #define HAVE_STRING_H 1
| #define HAVE_MEMORY_H 1
| #define HAVE_STRINGS_H 1
| #define HAVE_INTTYPES_H 1
| #define HAVE_STDINT_H 1
| #define HAVE_UNISTD_H 1
| #define HAVE_DLFCN_H 1
| #define LT_OBJDIR ".libs/"
| #define DEBUGGING 1
| #define BYTEORDER 1234
| #define HAVE_EXECINFO_H 1
| #define HAVE_FCNTL_H 1
| #define HAVE_INTTYPES_H 1
| #define HAVE_LIBINTL_H 1
| #define HAVE_LIMITS_H 1
| #define HAVE_MALLOC_H 1
| #define HAVE_STDDEF_H 1
| #define HAVE_STDINT_H 1
| #define HAVE_STDLIB_H 1
| #define HAVE_STRING_H 1
| #define HAVE_SYS_TIME_H 1
| #define HAVE_UNISTD_H 1
| #define HAVE__BOOL 1
| #define HAVE_STDBOOL_H 1
| #define TIME_WITH_SYS_TIME 1
| #define HAVE_STRUCT_TM_GMTOFF 1
| /* end confdefs.h.  */
| #ifndef __cplusplus
| typedef int foo_t;
| static inline foo_t static_foo () {return 0; }
| inline foo_t foo () {return 0; }
| #endif
| 
configure:14119: gcc -c  -ansi -g -O2 -O0 -pthread -D_REENTRANT -D_THREAD_SAFE  -D_GNU_SOURCE conftest.c >&5
configure:14126: $? = 0
configure:14144: result: __inline__
configure:14163: checking for working volatile
configure:14192: gcc -c  -ansi -g -O2 -O0 -pthread -D_REENTRANT -D_THREAD_SAFE  -D_GNU_SOURCE conftest.c >&5
configure:14199: $? = 0
configure:14214: result: yes
configure:14228: checking for working alloca.h
configure:14255: gcc -o conftest  -ansi -g -O2 -O0 -pthread -D_REENTRANT -D_THREAD_SAFE  -D_GNU_SOURCE  conftest.c -pthread  >&5
configure:14262: $? = 0
configure:14282: result: yes
configure:14292: checking for alloca
configure:14339: gcc -o conftest  -ansi -g -O2 -O0 -pthread -D_REENTRANT -D_THREAD_SAFE  -D_GNU_SOURCE  conftest.c -pthread  >&5
configure:14346: $? = 0
configure:14366: result: yes
configure:14603: checking whether strerror_r is declared
configure:14632: gcc -c  -ansi -g -O2 -O0 -pthread -D_REENTRANT -D_THREAD_SAFE  -D_GNU_SOURCE conftest.c >&5
configure:14639: $? = 0
configure:14654: result: yes
configure:14676: checking for strerror_r
configure:14732: gcc -o conftest  -ansi -g -O2 -O0 -pthread -D_REENTRANT -D_THREAD_SAFE  -D_GNU_SOURCE  conftest.c -pthread  >&5
configure:14739: $? = 0
configure:14761: result: yes
configure:14773: checking whether strerror_r returns char *
configure:14807: gcc -c  -ansi -g -O2 -O0 -pthread -D_REENTRANT -D_THREAD_SAFE  -D_GNU_SOURCE conftest.c >&5
configure:14814: $? = 0
configure:14893: result: yes
configure:14907: checking for strftime
configure:14963: gcc -o conftest  -ansi -g -O2 -O0 -pthread -D_REENTRANT -D_THREAD_SAFE  -D_GNU_SOURCE  conftest.c -pthread  >&5
conftest.c:71: warning: conflicting types for built-in function 'strftime'
configure:14970: $? = 0
configure:14992: result: yes
configure:15108: checking for asprintf
configure:15164: gcc -o conftest  -ansi -g -O2 -O0 -pthread -D_REENTRANT -D_THREAD_SAFE  -D_GNU_SOURCE  conftest.c -pthread  >&5
configure:15171: $? = 0
configure:15193: result: yes
configure:15108: checking for fstat
configure:15164: gcc -o conftest  -ansi -g -O2 -O0 -pthread -D_REENTRANT -D_THREAD_SAFE  -D_GNU_SOURCE  conftest.c -pthread  >&5
configure:15171: $? = 0
configure:15193: result: yes
configure:15108: checking for getcwd
configure:15164: gcc -o conftest  -ansi -g -O2 -O0 -pthread -D_REENTRANT -D_THREAD_SAFE  -D_GNU_SOURCE  conftest.c -pthread  >&5
configure:15171: $? = 0
configure:15193: result: yes
configure:15108: checking for gettimeofday
configure:15164: gcc -o conftest  -ansi -g -O2 -O0 -pthread -D_REENTRANT -D_THREAD_SAFE  -D_GNU_SOURCE  conftest.c -pthread  >&5
configure:15171: $? = 0
configure:15193: result: yes
configure:15108: checking for localtime_r
configure:15164: gcc -o conftest  -ansi -g -O2 -O0 -pthread -D_REENTRANT -D_THREAD_SAFE  -D_GNU_SOURCE  conftest.c -pthread  >&5
configure:15171: $? = 0
configure:15193: result: yes
configure:15108: checking for memset
configure:15164: gcc -o conftest  -ansi -g -O2 -O0 -pthread -D_REENTRANT -D_THREAD_SAFE  -D_GNU_SOURCE  conftest.c -pthread  >&5
conftest.c:77: warning: conflicting types for built-in function 'memset'
configure:15171: $? = 0
configure:15193: result: yes
configure:15108: checking for strchr
configure:15164: gcc -o conftest  -ansi -g -O2 -O0 -pthread -D_REENTRANT -D_THREAD_SAFE  -D_GNU_SOURCE  conftest.c -pthread  >&5
conftest.c:78: warning: conflicting types for built-in function 'strchr'
configure:15171: $? = 0
configure:15193: result: yes
configure:15108: checking for strdup
configure:15164: gcc -o conftest  -ansi -g -O2 -O0 -pthread -D_REENTRANT -D_THREAD_SAFE  -D_GNU_SOURCE  conftest.c -pthread  >&5
configure:15171: $? = 0
configure:15193: result: yes
configure:15108: checking for strerror
configure:15164: gcc -o conftest  -ansi -g -O2 -O0 -pthread -D_REENTRANT -D_THREAD_SAFE  -D_GNU_SOURCE  conftest.c -pthread  >&5
configure:15171: $? = 0
configure:15193: result: yes
configure:15108: checking for strlcpy
configure:15164: gcc -o conftest  -ansi -g -O2 -O0 -pthread -D_REENTRANT -D_THREAD_SAFE  -D_GNU_SOURCE  conftest.c -pthread  >&5
/tmp/cctSJFDV.o: In function `main':
/site/drmaa/slurm-drmaa-1.0.6/drmaa_utils/conftest.c:92: undefined reference to `strlcpy'
collect2: ld returned 1 exit status
configure:15171: $? = 1
configure: failed program was:
| /* confdefs.h.  */
| #define PACKAGE_NAME "FedStage DRMAA utilities library"
| #define PACKAGE_TARNAME "drmaa_utils"
| #define PACKAGE_VERSION "2.0.1"
| #define PACKAGE_STRING "FedStage DRMAA utilities library 2.0.1"
| #define PACKAGE_BUGREPORT "drmaa-pbspro-users@lists.fedstage.com"
| #define PACKAGE "drmaa_utils"
| #define VERSION "2.0.1"
| #define STDC_HEADERS 1
| #define HAVE_SYS_TYPES_H 1
| #define HAVE_SYS_STAT_H 1
| #define HAVE_STDLIB_H 1
| #define HAVE_STRING_H 1
| #define HAVE_MEMORY_H 1
| #define HAVE_STRINGS_H 1
| #define HAVE_INTTYPES_H 1
| #define HAVE_STDINT_H 1
| #define HAVE_UNISTD_H 1
| #define HAVE_DLFCN_H 1
| #define LT_OBJDIR ".libs/"
| #define DEBUGGING 1
| #define BYTEORDER 1234
| #define HAVE_EXECINFO_H 1
| #define HAVE_FCNTL_H 1
| #define HAVE_INTTYPES_H 1
| #define HAVE_LIBINTL_H 1
| #define HAVE_LIMITS_H 1
| #define HAVE_MALLOC_H 1
| #define HAVE_STDDEF_H 1
| #define HAVE_STDINT_H 1
| #define HAVE_STDLIB_H 1
| #define HAVE_STRING_H 1
| #define HAVE_SYS_TIME_H 1
| #define HAVE_UNISTD_H 1
| #define HAVE__BOOL 1
| #define HAVE_STDBOOL_H 1
| #define TIME_WITH_SYS_TIME 1
| #define HAVE_STRUCT_TM_GMTOFF 1
| #ifndef __cplusplus
| #define inline __inline__
| #endif
| #define HAVE_ALLOCA_H 1
| #define HAVE_ALLOCA 1
| #define HAVE_DECL_STRERROR_R 1
| #define HAVE_STRERROR_R 1
| #define STRERROR_R_CHAR_P 1
| #define HAVE_STRFTIME 1
| #define HAVE_ASPRINTF 1
| #define HAVE_FSTAT 1
| #define HAVE_GETCWD 1
| #define HAVE_GETTIMEOFDAY 1
| #define HAVE_LOCALTIME_R 1
| #define HAVE_MEMSET 1
| #define HAVE_STRCHR 1
| #define HAVE_STRDUP 1
| #define HAVE_STRERROR 1
| /* end confdefs.h.  */
| /* Define strlcpy to an innocuous variant, in case <limits.h> declares strlcpy.
|    For example, HP-UX 11i <limits.h> declares gettimeofday.  */
| #define strlcpy innocuous_strlcpy
| 
| /* System header to define __stub macros and hopefully few prototypes,
|     which can conflict with char strlcpy (); below.
|     Prefer <limits.h> to <assert.h> if __STDC__ is defined, since
|     <limits.h> exists even on freestanding compilers.  */
| 
| #ifdef __STDC__
| # include <limits.h>
| #else
| # include <assert.h>
| #endif
| 
| #undef strlcpy
| 
| /* Override any GCC internal prototype to avoid an error.
|    Use char because int might match the return type of a GCC
|    builtin and then its argument prototype would still apply.  */
| #ifdef __cplusplus
| extern "C"
| #endif
| char strlcpy ();
| /* The GNU C library defines this for functions which it implements
|     to always fail with ENOSYS.  Some functions are actually named
|     something starting with __ and the normal name is an alias.  */
| #if defined __stub_strlcpy || defined __stub___strlcpy
| choke me
| #endif
| 
| int
| main ()
| {
| return strlcpy ();
|   ;
|   return 0;
| }
configure:15193: result: no
configure:15108: checking for strndup
configure:15164: gcc -o conftest  -ansi -g -O2 -O0 -pthread -D_REENTRANT -D_THREAD_SAFE  -D_GNU_SOURCE  conftest.c -pthread  >&5
configure:15171: $? = 0
configure:15193: result: yes
configure:15108: checking for strstr
configure:15164: gcc -o conftest  -ansi -g -O2 -O0 -pthread -D_REENTRANT -D_THREAD_SAFE  -D_GNU_SOURCE  conftest.c -pthread  >&5
conftest.c:82: warning: conflicting types for built-in function 'strstr'
configure:15171: $? = 0
configure:15193: result: yes
configure:15108: checking for vasprintf
configure:15164: gcc -o conftest  -ansi -g -O2 -O0 -pthread -D_REENTRANT -D_THREAD_SAFE  -D_GNU_SOURCE  conftest.c -pthread  >&5
configure:15171: $? = 0
configure:15193: result: yes
configure:15206: checking for gettid
configure:15243: gcc -c  -ansi -g -O2 -O0 -pthread -D_REENTRANT -D_THREAD_SAFE  -D_GNU_SOURCE conftest.c >&5
configure:15250: $? = 0
configure:15271: result: yes
configure:15289: checking for va_copy
configure:15312: gcc -o conftest  -ansi -g -O2 -O0 -pthread -D_REENTRANT -D_THREAD_SAFE  -D_GNU_SOURCE  conftest.c -pthread  >&5
/tmp/cc1Mnsp8.o: In function `main':
/site/drmaa/slurm-drmaa-1.0.6/drmaa_utils/conftest.c:66: undefined reference to `va_copy'
collect2: ld returned 1 exit status
configure:15319: $? = 1
configure: failed program was:
| /* confdefs.h.  */
| #define PACKAGE_NAME "FedStage DRMAA utilities library"
| #define PACKAGE_TARNAME "drmaa_utils"
| #define PACKAGE_VERSION "2.0.1"
| #define PACKAGE_STRING "FedStage DRMAA utilities library 2.0.1"
| #define PACKAGE_BUGREPORT "drmaa-pbspro-users@lists.fedstage.com"
| #define PACKAGE "drmaa_utils"
| #define VERSION "2.0.1"
| #define STDC_HEADERS 1
| #define HAVE_SYS_TYPES_H 1
| #define HAVE_SYS_STAT_H 1
| #define HAVE_STDLIB_H 1
| #define HAVE_STRING_H 1
| #define HAVE_MEMORY_H 1
| #define HAVE_STRINGS_H 1
| #define HAVE_INTTYPES_H 1
| #define HAVE_STDINT_H 1
| #define HAVE_UNISTD_H 1
| #define HAVE_DLFCN_H 1
| #define LT_OBJDIR ".libs/"
| #define DEBUGGING 1
| #define BYTEORDER 1234
| #define HAVE_EXECINFO_H 1
| #define HAVE_FCNTL_H 1
| #define HAVE_INTTYPES_H 1
| #define HAVE_LIBINTL_H 1
| #define HAVE_LIMITS_H 1
| #define HAVE_MALLOC_H 1
| #define HAVE_STDDEF_H 1
| #define HAVE_STDINT_H 1
| #define HAVE_STDLIB_H 1
| #define HAVE_STRING_H 1
| #define HAVE_SYS_TIME_H 1
| #define HAVE_UNISTD_H 1
| #define HAVE__BOOL 1
| #define HAVE_STDBOOL_H 1
| #define TIME_WITH_SYS_TIME 1
| #define HAVE_STRUCT_TM_GMTOFF 1
| #ifndef __cplusplus
| #define inline __inline__
| #endif
| #define HAVE_ALLOCA_H 1
| #define HAVE_ALLOCA 1
| #define HAVE_DECL_STRERROR_R 1
| #define HAVE_STRERROR_R 1
| #define STRERROR_R_CHAR_P 1
| #define HAVE_STRFTIME 1
| #define HAVE_ASPRINTF 1
| #define HAVE_FSTAT 1
| #define HAVE_GETCWD 1
| #define HAVE_GETTIMEOFDAY 1
| #define HAVE_LOCALTIME_R 1
| #define HAVE_MEMSET 1
| #define HAVE_STRCHR 1
| #define HAVE_STRDUP 1
| #define HAVE_STRERROR 1
| #define HAVE_STRNDUP 1
| #define HAVE_STRSTR 1
| #define HAVE_VASPRINTF 1
| #define HAVE_GETTID 1
| /* end confdefs.h.  */
| #include <stdarg.h>
| int
| main ()
| {
| va_list a, b; va_copy(a, b);
|   ;
|   return 0;
| }
configure:15341: result: no
configure:15352: checking for __va_copy
configure:15375: gcc -o conftest  -ansi -g -O2 -O0 -pthread -D_REENTRANT -D_THREAD_SAFE  -D_GNU_SOURCE  conftest.c -pthread  >&5
configure:15382: $? = 0
configure:15392: result: yes
configure:15421: checking for library containing backtrace
configure:15462: gcc -o conftest  -ansi -g -O2 -O0 -pthread -D_REENTRANT -D_THREAD_SAFE  -D_GNU_SOURCE  conftest.c -pthread  >&5
configure:15469: $? = 0
configure:15500: result: none required
configure:15698: creating ./config.status

## ---------------------- ##
## Running config.status. ##
## ---------------------- ##

This file was extended by FedStage DRMAA utilities library config.status 2.0.1, which was
generated by GNU Autoconf 2.63.  Invocation command line was

  CONFIG_FILES    = 
  CONFIG_HEADERS  = 
  CONFIG_LINKS    = 
  CONFIG_COMMANDS = 
  $ ./config.status 

on geoportal-dev.hpc.uio.no

config.status:1058: creating Makefile
config.status:1058: creating drmaa_utils/Makefile
config.status:1058: creating test/Makefile
config.status:1058: creating Doxyfile
config.status:1058: creating config.h
config.status:1280: config.h is unchanged
config.status:1332: executing depfiles commands
config.status:1332: executing libtool commands

## ---------------- ##
## Cache variables. ##
## ---------------- ##

ac_cv_build=x86_64-unknown-linux-gnu
ac_cv_c_bigendian=no
ac_cv_c_compiler_gnu=yes
ac_cv_c_const=yes
ac_cv_c_inline=__inline__
ac_cv_c_uint16_t=yes
ac_cv_c_uint32_t=yes
ac_cv_c_uint8_t=yes
ac_cv_c_volatile=yes
ac_cv_env_CC_set=
ac_cv_env_CC_value=
ac_cv_env_CFLAGS_set=
ac_cv_env_CFLAGS_value=
ac_cv_env_CPPFLAGS_set=
ac_cv_env_CPPFLAGS_value=
ac_cv_env_CPP_set=
ac_cv_env_CPP_value=
ac_cv_env_LDFLAGS_set=
ac_cv_env_LDFLAGS_value=
ac_cv_env_LIBS_set=
ac_cv_env_LIBS_value=
ac_cv_env_SED_set=
ac_cv_env_SED_value=
ac_cv_env_TR_set=
ac_cv_env_TR_value=
ac_cv_env_YACC_set=
ac_cv_env_YACC_value=
ac_cv_env_YFLAGS_set=
ac_cv_env_YFLAGS_value=
ac_cv_env_build_alias_set=
ac_cv_env_build_alias_value=
ac_cv_env_host_alias_set=
ac_cv_env_host_alias_value=
ac_cv_env_target_alias_set=
ac_cv_env_target_alias_value=
ac_cv_func_alloca_works=yes
ac_cv_func_asprintf=yes
ac_cv_func_fstat=yes
ac_cv_func_getcwd=yes
ac_cv_func_gettimeofday=yes
ac_cv_func_localtime_r=yes
ac_cv_func_memset=yes
ac_cv_func_strchr=yes
ac_cv_func_strdup=yes
ac_cv_func_strerror=yes
ac_cv_func_strerror_r=yes
ac_cv_func_strerror_r_char_p=yes
ac_cv_func_strftime=yes
ac_cv_func_strlcpy=no
ac_cv_func_strndup=yes
ac_cv_func_strstr=yes
ac_cv_func_vasprintf=yes
ac_cv_have_decl_strerror_r=yes
ac_cv_header_dlfcn_h=yes
ac_cv_header_execinfo_h=yes
ac_cv_header_fcntl_h=yes
ac_cv_header_inttypes_h=yes
ac_cv_header_libintl_h=yes
ac_cv_header_limits_h=yes
ac_cv_header_malloc_h=yes
ac_cv_header_memory_h=yes
ac_cv_header_stdbool_h=yes
ac_cv_header_stdc=yes
ac_cv_header_stddef_h=yes
ac_cv_header_stdint_h=yes
ac_cv_header_stdlib_h=yes
ac_cv_header_string_h=yes
ac_cv_header_strings_h=yes
ac_cv_header_sys_stat_h=yes
ac_cv_header_sys_time_h=yes
ac_cv_header_sys_types_h=yes
ac_cv_header_time=yes
ac_cv_header_unistd_h=yes
ac_cv_host=x86_64-unknown-linux-gnu
ac_cv_member_struct_tm_tm_gmtoff=yes
ac_cv_objext=o
ac_cv_path_EGREP='/bin/grep -E'
ac_cv_path_FGREP='/bin/grep -F'
ac_cv_path_GREP=/bin/grep
ac_cv_path_SED=/bin/sed
ac_cv_path_TR=/usr/bin/tr
ac_cv_path_install='/usr/bin/install -c'
ac_cv_path_mkdir=/bin/mkdir
ac_cv_prog_AWK=gawk
ac_cv_prog_CPP='gcc -E'
ac_cv_prog_DOT=dot
ac_cv_prog_YACC='bison -y'
ac_cv_prog_ac_ct_AR=ar
ac_cv_prog_ac_ct_CC=gcc
ac_cv_prog_ac_ct_OBJDUMP=objdump
ac_cv_prog_ac_ct_RANLIB=ranlib
ac_cv_prog_ac_ct_STRIP=strip
ac_cv_prog_cc_c89=
ac_cv_prog_cc_g=yes
ac_cv_prog_make_make_set=yes
ac_cv_search_backtrace='none required'
ac_cv_struct_tm=time.h
ac_cv_type__Bool=yes
ac_cv_type_mode_t=yes
ac_cv_type_pid_t=yes
ac_cv_type_size_t=yes
ac_cv_type_ssize_t=yes
ac_cv_working_alloca_h=yes
am_cv_CC_dependencies_compiler_type=gcc3
lt_cv_archive_cmds_need_lc=no
lt_cv_deplibs_check_method=pass_all
lt_cv_file_magic_cmd='$MAGIC_CMD'
lt_cv_file_magic_test_file=
lt_cv_ld_reload_flag=-r
lt_cv_nm_interface='BSD nm'
lt_cv_objdir=.libs
lt_cv_path_LD=/usr/bin/ld
lt_cv_path_NM='/usr/bin/nm -B'
lt_cv_prog_compiler_c_o=yes
lt_cv_prog_compiler_pic_works=yes
lt_cv_prog_compiler_rtti_exceptions=no
lt_cv_prog_compiler_static_works=no
lt_cv_prog_gnu_ld=yes
lt_cv_shlibpath_overrides_runpath=no
lt_cv_sys_global_symbol_pipe='sed -n -e '\''s/^.*[	 ]\([ABCDGIRSTW][ABCDGIRSTW]*\)[	 ][	 ]*\([_A-Za-z][_A-Za-z0-9]*\)$/\1 \2 \2/p'\'''
lt_cv_sys_global_symbol_to_c_name_address='sed -n -e '\''s/^: \([^ ]*\) $/  {\"\1\", (void *) 0},/p'\'' -e '\''s/^[ABCDGIRSTW]* \([^ ]*\) \([^ ]*\)$/  {"\2", (void *) \&\2},/p'\'''
lt_cv_sys_global_symbol_to_c_name_address_lib_prefix='sed -n -e '\''s/^: \([^ ]*\) $/  {\"\1\", (void *) 0},/p'\'' -e '\''s/^[ABCDGIRSTW]* \([^ ]*\) \(lib[^ ]*\)$/  {"\2", (void *) \&\2},/p'\'' -e '\''s/^[ABCDGIRSTW]* \([^ ]*\) \([^ ]*\)$/  {"lib\2", (void *) \&\2},/p'\'''
lt_cv_sys_global_symbol_to_cdecl='sed -n -e '\''s/^T .* \(.*\)$/extern int \1();/p'\'' -e '\''s/^[ABCDGIRSTW]* .* \(.*\)$/extern char \1;/p'\'''
lt_cv_sys_max_cmd_len=1966080

## ----------------- ##
## Output variables. ##
## ----------------- ##

ACLOCAL='${SHELL} /site/drmaa/slurm-drmaa-1.0.6/drmaa_utils/scripts/missing --run aclocal-1.11'
ALLOCA=''
AMDEPBACKSLASH='\'
AMDEP_FALSE='#'
AMDEP_TRUE=''
AMTAR='${SHELL} /site/drmaa/slurm-drmaa-1.0.6/drmaa_utils/scripts/missing --run tar'
AR='ar'
AUTOCONF='${SHELL} /site/drmaa/slurm-drmaa-1.0.6/drmaa_utils/scripts/missing --run autoconf'
AUTOHEADER='${SHELL} /site/drmaa/slurm-drmaa-1.0.6/drmaa_utils/scripts/missing --run autoheader'
AUTOMAKE='${SHELL} /site/drmaa/slurm-drmaa-1.0.6/drmaa_utils/scripts/missing --run automake-1.11'
AWK='gawk'
CC='gcc'
CCDEPMODE='depmode=gcc3'
CFLAGS='-Wall -W -Wno-unused  -Wno-format-zero-length  -Wno-missing-field-initializers  -ansi -g -O2 -O0 -pthread'
CPP='gcc -E'
CPPFLAGS='-D_REENTRANT -D_THREAD_SAFE  -D_GNU_SOURCE'
CYGPATH_W='echo'
DEFS='-DHAVE_CONFIG_H'
DEPDIR='.deps'
DEVELOPER_MODE_FALSE=''
DEVELOPER_MODE_TRUE='#'
DOT='dot'
DRMAA_UTILS_MAJOR='2'
DRMAA_UTILS_MICRO='1'
DRMAA_UTILS_MINOR='0'
DRMAA_UTILS_STANDALONE_FALSE='#'
DRMAA_UTILS_STANDALONE_TRUE=''
DRMAA_UTILS_VERSION_INFO='2:1:0'
DSYMUTIL=''
DUMPBIN=''
ECHO_C=''
ECHO_N='-n'
ECHO_T=''
EGREP='/bin/grep -E'
EXEEXT=''
FGREP='/bin/grep -F'
GCC_FALSE='#'
GCC_TRUE=''
GCC_W_NO_FORMAT_ZERO_LENGTH='-Wno-format-zero-length'
GCC_W_NO_MISSING_FIELD_INITIALIZERS='-Wno-missing-field-initializers'
GPERF='gperf'
GREP='/bin/grep'
HAVE_DOT='yes'
INSTALL_DATA='${INSTALL} -m 644'
INSTALL_PROGRAM='${INSTALL}'
INSTALL_SCRIPT='${INSTALL}'
INSTALL_STRIP_PROGRAM='$(install_sh) -c -s'
LD='/usr/bin/ld -m elf_x86_64'
LDFLAGS=''
LIBOBJS=''
LIBS='-pthread '
LIBTOOL='$(SHELL) $(top_builddir)/libtool'
LIPO=''
LN_S='ln -s'
LTLIBOBJS=''
MAKEINFO='${SHELL} /site/drmaa/slurm-drmaa-1.0.6/drmaa_utils/scripts/missing --run makeinfo'
MKDIR_P='/bin/mkdir -p'
NM='/usr/bin/nm -B'
NMEDIT=''
OBJDUMP='objdump'
OBJEXT='o'
OTOOL64=''
OTOOL=''
PACKAGE='drmaa_utils'
PACKAGE_BUGREPORT='drmaa-pbspro-users@lists.fedstage.com'
PACKAGE_NAME='FedStage DRMAA utilities library'
PACKAGE_STRING='FedStage DRMAA utilities library 2.0.1'
PACKAGE_TARNAME='drmaa_utils'
PACKAGE_VERSION='2.0.1'
PATH_SEPARATOR=':'
PTHREAD_CFLAGS='-pthread'
PTHREAD_LIBS='-pthread'
RAGEL='sh m4/missing-dev-prog.sh ragel'
RANLIB='ranlib'
RST2HTML=''
RST2LATEX=''
SED='/bin/sed'
SET_MAKE=''
SHELL='/bin/sh'
STRIP='strip'
TR='/usr/bin/tr'
VERSION='2.0.1'
YACC='bison -y'
YFLAGS=''
ac_ct_CC='gcc'
ac_ct_DUMPBIN=''
acx_pthread_config=''
am__EXEEXT_FALSE=''
am__EXEEXT_TRUE='#'
am__fastdepCC_FALSE='#'
am__fastdepCC_TRUE=''
am__include='include'
am__isrc=''
am__leading_dot='.'
am__quote=''
am__tar='${AMTAR} chof - "$$tardir"'
am__untar='${AMTAR} xf -'
bindir='${exec_prefix}/bin'
build='x86_64-unknown-linux-gnu'
build_alias=''
build_cpu='x86_64'
build_os='linux-gnu'
build_vendor='unknown'
datadir='${datarootdir}'
datarootdir='${prefix}/share'
docdir='${datarootdir}/doc/${PACKAGE_TARNAME}'
dvidir='${docdir}'
exec_prefix='${prefix}'
host='x86_64-unknown-linux-gnu'
host_alias=''
host_cpu='x86_64'
host_os='linux-gnu'
host_vendor='unknown'
htmldir='${docdir}'
includedir='${prefix}/include'
infodir='${datarootdir}/info'
install_sh='${SHELL} /site/drmaa/slurm-drmaa-1.0.6/drmaa_utils/scripts/install-sh'
libdir='${exec_prefix}/lib'
libexecdir='${exec_prefix}/libexec'
localedir='${datarootdir}/locale'
localstatedir='${prefix}/var'
mandir='${datarootdir}/man'
mkdir_p='/bin/mkdir -p'
oldincludedir='/usr/include'
pdfdir='${docdir}'
prefix='/site/drmaa'
program_transform_name='s,x,x,'
psdir='${docdir}'
sbindir='${exec_prefix}/sbin'
sharedstatedir='${prefix}/com'
sysconfdir='${prefix}/etc'
target_alias=''

## ----------- ##
## confdefs.h. ##
## ----------- ##

#define PACKAGE_NAME "FedStage DRMAA utilities library"
#define PACKAGE_TARNAME "drmaa_utils"
#define PACKAGE_VERSION "2.0.1"
#define PACKAGE_STRING "FedStage DRMAA utilities library 2.0.1"
#define PACKAGE_BUGREPORT "drmaa-pbspro-users@lists.fedstage.com"
#define PACKAGE "drmaa_utils"
#define VERSION "2.0.1"
#define STDC_HEADERS 1
#define HAVE_SYS_TYPES_H 1
#define HAVE_SYS_STAT_H 1
#define HAVE_STDLIB_H 1
#define HAVE_STRING_H 1
#define HAVE_MEMORY_H 1
#define HAVE_STRINGS_H 1
#define HAVE_INTTYPES_H 1
#define HAVE_STDINT_H 1
#define HAVE_UNISTD_H 1
#define HAVE_DLFCN_H 1
#define LT_OBJDIR ".libs/"
#define DEBUGGING 1
#define BYTEORDER 1234
#define HAVE_EXECINFO_H 1
#define HAVE_FCNTL_H 1
#define HAVE_INTTYPES_H 1
#define HAVE_LIBINTL_H 1
#define HAVE_LIMITS_H 1
#define HAVE_MALLOC_H 1
#define HAVE_STDDEF_H 1
#define HAVE_STDINT_H 1
#define HAVE_STDLIB_H 1
#define HAVE_STRING_H 1
#define HAVE_SYS_TIME_H 1
#define HAVE_UNISTD_H 1
#define HAVE__BOOL 1
#define HAVE_STDBOOL_H 1
#define TIME_WITH_SYS_TIME 1
#define HAVE_STRUCT_TM_GMTOFF 1
#ifndef __cplusplus
#define inline __inline__
#endif
#define HAVE_ALLOCA_H 1
#define HAVE_ALLOCA 1
#define HAVE_DECL_STRERROR_R 1
#define HAVE_STRERROR_R 1
#define STRERROR_R_CHAR_P 1
#define HAVE_STRFTIME 1
#define HAVE_ASPRINTF 1
#define HAVE_FSTAT 1
#define HAVE_GETCWD 1
#define HAVE_GETTIMEOFDAY 1
#define HAVE_LOCALTIME_R 1
#define HAVE_MEMSET 1
#define HAVE_STRCHR 1
#define HAVE_STRDUP 1
#define HAVE_STRERROR 1
#define HAVE_STRNDUP 1
#define HAVE_STRSTR 1
#define HAVE_VASPRINTF 1
#define HAVE_GETTID 1
#define HAVE___VA_COPY 1
#define DRMAA_DIR_BIN "/site/drmaa/bin"
#define DRMAA_DIR_PREFIX "/site/drmaa"
#define DRMAA_DIR_LOCALSTATE "/site/drmaa/var"
#define DRMAA_DIR_SYSCONF "/site/drmaa/etc"
#define DRMAA_DIR_DATA "/site/drmaa/share"

configure: exit 0
