This file contains any messages produced by compilers while
running configure, to aid debugging if configure makes a mistake.

It was created by FedStage DRMAA utilities library configure 2.0.1, which was
generated by GNU Autoconf 2.67.  Invocation command line was

  $ ./configure --disable-option-checking --prefix=/site/drmaa --with-slurm-inc=/opt/slurm/include/ --with-slurm-lib=/opt/slurm/lib64/ --enable-debug --cache-file=/dev/null --srcdir=.

## --------- ##
## Platform. ##
## --------- ##

hostname = galaxy-test.uio.no
uname -m = x86_64
uname -r = 2.6.32-358.0.1.el6.x86_64
uname -s = Linux
uname -v = #1 SMP Wed Feb 20 11:05:23 EST 2013

/usr/bin/uname -p = unknown
/bin/uname -X     = unknown

/bin/arch              = x86_64
/usr/bin/arch -k       = unknown
/usr/convex/getsysinfo = unknown
/usr/bin/hostinfo      = unknown
/bin/machine           = unknown
/usr/bin/oslevel       = unknown
/bin/universe          = unknown

PATH: /site/drmaa/bin
PATH: /usr/local/sbin
PATH: /sbin
PATH: /bin
PATH: /usr/sbin
PATH: /usr/bin
PATH: /root/bin


## ----------- ##
## Core tests. ##
## ----------- ##

configure:2516: checking for a BSD-compatible install
configure:2584: result: /usr/bin/install -c
configure:2595: checking whether build environment is sane
configure:2645: result: yes
configure:2786: checking for a thread-safe mkdir -p
configure:2825: result: /bin/mkdir -p
configure:2838: checking for gawk
configure:2854: found /bin/gawk
configure:2865: result: gawk
configure:2876: checking whether make sets $(MAKE)
configure:2898: result: yes
configure:3064: checking for gcc
configure:3080: found /usr/bin/gcc
configure:3091: result: gcc
configure:3320: checking for C compiler version
configure:3329: gcc --version >&5
gcc (GCC) 4.4.7 20120313 (Red Hat 4.4.7-3)
Copyright (C) 2010 Free Software Foundation, Inc.
This is free software; see the source for copying conditions.  There is NO
warranty; not even for MERCHANTABILITY or FITNESS FOR A PARTICULAR PURPOSE.

configure:3340: $? = 0
configure:3329: gcc -v >&5
Using built-in specs.
Target: x86_64-redhat-linux
Configured with: ../configure --prefix=/usr --mandir=/usr/share/man --infodir=/usr/share/info --with-bugurl=http://bugzilla.redhat.com/bugzilla --enable-bootstrap --enable-shared --enable-threads=posix --enable-checking=release --with-system-zlib --enable-__cxa_atexit --disable-libunwind-exceptions --enable-gnu-unique-object --enable-languages=c,c++,objc,obj-c++,java,fortran,ada --enable-java-awt=gtk --disable-dssi --with-java-home=/usr/lib/jvm/java-1.5.0-gcj-1.5.0.0/jre --enable-libgcj-multifile --enable-java-maintainer-mode --with-ecj-jar=/usr/share/java/eclipse-ecj.jar --disable-libjava-multilib --with-ppl --with-cloog --with-tune=generic --with-arch_32=i686 --build=x86_64-redhat-linux
Thread model: posix
gcc version 4.4.7 20120313 (Red Hat 4.4.7-3) (GCC) 
configure:3340: $? = 0
configure:3329: gcc -V >&5
gcc: '-V' option must have argument
configure:3340: $? = 1
configure:3329: gcc -qversion >&5
gcc: unrecognized option '-qversion'
gcc: no input files
configure:3340: $? = 1
configure:3360: checking whether the C compiler works
configure:3382: gcc    conftest.c  >&5
configure:3386: $? = 0
configure:3434: result: yes
configure:3437: checking for C compiler default output file name
configure:3439: result: a.out
configure:3445: checking for suffix of executables
configure:3452: gcc -o conftest    conftest.c  >&5
configure:3456: $? = 0
configure:3478: result: 
configure:3500: checking whether we are cross compiling
configure:3508: gcc -o conftest    conftest.c  >&5
configure:3512: $? = 0
configure:3519: ./conftest
configure:3523: $? = 0
configure:3538: result: no
configure:3543: checking for suffix of object files
configure:3565: gcc -c   conftest.c >&5
configure:3569: $? = 0
configure:3590: result: o
configure:3594: checking whether we are using the GNU C compiler
configure:3613: gcc -c   conftest.c >&5
configure:3613: $? = 0
configure:3622: result: yes
configure:3631: checking whether gcc accepts -g
configure:3651: gcc -c -g  conftest.c >&5
configure:3651: $? = 0
configure:3692: result: yes
configure:3709: checking for gcc option to accept ISO C89
configure:3773: gcc  -c -g -O2  conftest.c >&5
configure:3773: $? = 0
configure:3786: result: none needed
configure:3817: checking for style of include used by make
configure:3845: result: GNU
configure:3870: checking dependency style of gcc
configure:3980: result: gcc3
configure:4000: checking how to run the C preprocessor
configure:4031: gcc -E  conftest.c
configure:4031: $? = 0
configure:4045: gcc -E  conftest.c
conftest.c:11:28: error: ac_nonexistent.h: No such file or directory
configure:4045: $? = 1
configure: failed program was:
| /* confdefs.h */
| #define PACKAGE_NAME "FedStage DRMAA utilities library"
| #define PACKAGE_TARNAME "drmaa_utils"
| #define PACKAGE_VERSION "2.0.1"
| #define PACKAGE_STRING "FedStage DRMAA utilities library 2.0.1"
| #define PACKAGE_BUGREPORT "drmaa-pbspro-users@lists.fedstage.com"
| #define PACKAGE_URL ""
| #define PACKAGE "drmaa_utils"
| #define VERSION "2.0.1"
| /* end confdefs.h.  */
| #include <ac_nonexistent.h>
configure:4070: result: gcc -E
configure:4090: gcc -E  conftest.c
configure:4090: $? = 0
configure:4104: gcc -E  conftest.c
conftest.c:11:28: error: ac_nonexistent.h: No such file or directory
configure:4104: $? = 1
configure: failed program was:
| /* confdefs.h */
| #define PACKAGE_NAME "FedStage DRMAA utilities library"
| #define PACKAGE_TARNAME "drmaa_utils"
| #define PACKAGE_VERSION "2.0.1"
| #define PACKAGE_STRING "FedStage DRMAA utilities library 2.0.1"
| #define PACKAGE_BUGREPORT "drmaa-pbspro-users@lists.fedstage.com"
| #define PACKAGE_URL ""
| #define PACKAGE "drmaa_utils"
| #define VERSION "2.0.1"
| /* end confdefs.h.  */
| #include <ac_nonexistent.h>
configure:4175: checking for ranlib
configure:4191: found /usr/bin/ranlib
configure:4202: result: ranlib
configure:4254: checking build system type
configure:4268: result: x86_64-unknown-linux-gnu
configure:4288: checking host system type
configure:4301: result: x86_64-unknown-linux-gnu
configure:4342: checking how to print strings
configure:4369: result: printf
configure:4390: checking for a sed that does not truncate output
configure:4454: result: /bin/sed
configure:4472: checking for grep that handles long lines and -e
configure:4530: result: /bin/grep
configure:4535: checking for egrep
configure:4597: result: /bin/grep -E
configure:4602: checking for fgrep
configure:4664: result: /bin/grep -F
configure:4699: checking for ld used by gcc
configure:4766: result: /usr/bin/ld
configure:4773: checking if the linker (/usr/bin/ld) is GNU ld
configure:4788: result: yes
configure:4800: checking for BSD- or MS-compatible name lister (nm)
configure:4849: result: /usr/bin/nm -B
configure:4979: checking the name lister (/usr/bin/nm -B) interface
configure:4986: gcc -c -g -O2  conftest.c >&5
configure:4989: /usr/bin/nm -B "conftest.o"
configure:4992: output
0000000000000000 B some_variable
configure:4999: result: BSD nm
configure:5002: checking whether ln -s works
configure:5006: result: yes
configure:5014: checking the maximum length of command line arguments
configure:5139: result: 1966080
configure:5156: checking whether the shell understands some XSI constructs
configure:5166: result: yes
configure:5170: checking whether the shell understands "+="
configure:5176: result: yes
configure:5211: checking for /usr/bin/ld option to reload object files
configure:5218: result: -r
configure:5287: checking for objdump
configure:5303: found /usr/bin/objdump
configure:5314: result: objdump
configure:5346: checking how to recognize dependent libraries
configure:5548: result: pass_all
configure:5608: checking for ar
configure:5624: found /usr/bin/ar
configure:5635: result: ar
configure:5713: checking for strip
configure:5729: found /usr/bin/strip
configure:5740: result: strip
configure:5812: checking for ranlib
configure:5839: result: ranlib
configure:5941: checking command to parse /usr/bin/nm -B output from gcc object
configure:6059: gcc -c -g -O2  conftest.c >&5
configure:6062: $? = 0
configure:6066: /usr/bin/nm -B conftest.o \| sed -n -e 's/^.*[ ]\([ABCDGIRSTW][ABCDGIRSTW]*\)[ ][ ]*\([_A-Za-z][_A-Za-z0-9]*\)$/\1 \2 \2/p' \> conftest.nm
configure:6069: $? = 0
configure:6123: gcc -o conftest -g -O2   conftest.c conftstm.o >&5
configure:6126: $? = 0
configure:6164: result: ok
configure:6260: gcc -c -g -O2  conftest.c >&5
configure:6263: $? = 0
configure:7001: checking for ANSI C header files
configure:7021: gcc -c -g -O2  conftest.c >&5
configure:7021: $? = 0
configure:7094: gcc -o conftest -g -O2   conftest.c  >&5
configure:7094: $? = 0
configure:7094: ./conftest
configure:7094: $? = 0
configure:7105: result: yes
configure:7118: checking for sys/types.h
configure:7118: gcc -c -g -O2  conftest.c >&5
configure:7118: $? = 0
configure:7118: result: yes
configure:7118: checking for sys/stat.h
configure:7118: gcc -c -g -O2  conftest.c >&5
configure:7118: $? = 0
configure:7118: result: yes
configure:7118: checking for stdlib.h
configure:7118: gcc -c -g -O2  conftest.c >&5
configure:7118: $? = 0
configure:7118: result: yes
configure:7118: checking for string.h
configure:7118: gcc -c -g -O2  conftest.c >&5
configure:7118: $? = 0
configure:7118: result: yes
configure:7118: checking for memory.h
configure:7118: gcc -c -g -O2  conftest.c >&5
configure:7118: $? = 0
configure:7118: result: yes
configure:7118: checking for strings.h
configure:7118: gcc -c -g -O2  conftest.c >&5
configure:7118: $? = 0
configure:7118: result: yes
configure:7118: checking for inttypes.h
configure:7118: gcc -c -g -O2  conftest.c >&5
configure:7118: $? = 0
configure:7118: result: yes
configure:7118: checking for stdint.h
configure:7118: gcc -c -g -O2  conftest.c >&5
configure:7118: $? = 0
configure:7118: result: yes
configure:7118: checking for unistd.h
configure:7118: gcc -c -g -O2  conftest.c >&5
configure:7118: $? = 0
configure:7118: result: yes
configure:7132: checking for dlfcn.h
configure:7132: gcc -c -g -O2  conftest.c >&5
configure:7132: $? = 0
configure:7132: result: yes
configure:7319: checking for objdir
configure:7334: result: .libs
configure:7605: checking if gcc supports -fno-rtti -fno-exceptions
configure:7623: gcc -c -g -O2  -fno-rtti -fno-exceptions conftest.c >&5
cc1: warning: command line option "-fno-rtti" is valid for C++/ObjC++ but not for C
configure:7627: $? = 0
configure:7640: result: no
configure:7660: checking for gcc option to produce PIC
configure:7945: result: -fPIC -DPIC
configure:7957: checking if gcc PIC flag -fPIC -DPIC works
configure:7975: gcc -c -g -O2  -fPIC -DPIC -DPIC conftest.c >&5
configure:7979: $? = 0
configure:7992: result: yes
configure:8016: checking if gcc static flag -static works
configure:8044: result: no
configure:8059: checking if gcc supports -c -o file.o
configure:8080: gcc -c -g -O2  -o out/conftest2.o conftest.c >&5
configure:8084: $? = 0
configure:8106: result: yes
configure:8114: checking if gcc supports -c -o file.o
configure:8161: result: yes
configure:8194: checking whether the gcc linker (/usr/bin/ld -m elf_x86_64) supports shared libraries
configure:9269: result: yes
configure:9306: checking whether -lc should be explicitly linked in
configure:9314: gcc -c -g -O2  conftest.c >&5
configure:9317: $? = 0
configure:9332: gcc -shared conftest.o  -v -Wl,-soname -Wl,conftest -o conftest 2\>\&1 \| /bin/grep  -lc  \>/dev/null 2\>\&1
configure:9335: $? = 0
configure:9349: result: no
configure:9514: checking dynamic linker characteristics
configure:9969: gcc -o conftest -g -O2   -Wl,-rpath -Wl,/foo conftest.c  >&5
configure:9969: $? = 0
configure:10191: result: GNU/Linux ld.so
configure:10298: checking how to hardcode library paths into programs
configure:10323: result: immediate
configure:10863: checking whether stripping libraries is possible
configure:10868: result: yes
configure:10903: checking if libtool supports shared libraries
configure:10905: result: yes
configure:10908: checking whether to build shared libraries
configure:10929: result: yes
configure:10932: checking whether to build static libraries
configure:10936: result: yes
configure:10971: checking whether make sets $(MAKE)
configure:10993: result: yes
configure:11002: checking whether ln -s works
configure:11006: result: yes
configure:11017: checking for sed
configure:11047: result: /bin/sed
configure:11060: checking for tr
configure:11078: found /usr/bin/tr
configure:11090: result: /usr/bin/tr
configure:11105: checking for bison
configure:11135: result: no
configure:11105: checking for byacc
configure:11135: result: no
configure:11145: checking for gperf
configure:11171: result: no
configure:11183: checking for ragel
configure:11213: result: no
configure:11229: checking for rst2html
configure:11259: result: no
configure:11229: checking for rst2html.py
configure:11259: result: no
configure:11271: checking for rst2latex
configure:11301: result: no
configure:11271: checking for rst2latex.py
configure:11301: result: no
configure:11320: checking for dot
configure:11350: result: no
configure:11388: checking whether gcc accepts -Wno-missing-field-initializers
configure:11396: gcc -c  -ansi -g -O2 -Wall -Wextra -Wno-missing-field-initializers  conftest.c >&5
configure:11396: $? = 0
configure:11398: result: yes
configure:11407: checking whether gcc accepts -Wno-format-zero-length
configure:11414: gcc -c  -ansi -g -O2 -Wno-format-zero-length  conftest.c >&5
configure:11414: $? = 0
configure:11416: result: yes
configure:11471: checking whether byte ordering is bigendian
configure:11493: gcc -c  -ansi -g -O2 -O0 -D_REENTRANT -D_THREAD_SAFE  -D_GNU_SOURCE conftest.c >&5
configure:11493: $? = 0
configure:11510: gcc -c  -ansi -g -O2 -O0 -D_REENTRANT -D_THREAD_SAFE  -D_GNU_SOURCE conftest.c >&5
conftest.c: In function 'main':
conftest.c:31: error: 'not' undeclared (first use in this function)
conftest.c:31: error: (Each undeclared identifier is reported only once
conftest.c:31: error: for each function it appears in.)
conftest.c:31: error: expected ';' before 'big'
configure:11510: $? = 1
configure: failed program was:
| /* confdefs.h */
| #define PACKAGE_NAME "FedStage DRMAA utilities library"
| #define PACKAGE_TARNAME "drmaa_utils"
| #define PACKAGE_VERSION "2.0.1"
| #define PACKAGE_STRING "FedStage DRMAA utilities library 2.0.1"
| #define PACKAGE_BUGREPORT "drmaa-pbspro-users@lists.fedstage.com"
| #define PACKAGE_URL ""
| #define PACKAGE "drmaa_utils"
| #define VERSION "2.0.1"
| #define STDC_HEADERS 1
| #define HAVE_SYS_TYPES_H 1
| #define HAVE_SYS_STAT_H 1
| #define HAVE_STDLIB_H 1
| #define HAVE_STRING_H 1
| #define HAVE_MEMORY_H 1
| #define HAVE_STRINGS_H 1
| #define HAVE_INTTYPES_H 1
| #define HAVE_STDINT_H 1
| #define HAVE_UNISTD_H 1
| #define HAVE_DLFCN_H 1
| #define LT_OBJDIR ".libs/"
| #define DEBUGGING 1
| /* end confdefs.h.  */
| #include <sys/types.h>
| #include <sys/param.h>
| int
| main ()
| {
| 
| #if BYTE_ORDER != BIG_ENDIAN
|  not big endian
| #endif
|   ;
|   return 0;
| }
configure:11546: result: no
configure:11772: checking for the pthreads library -lpthreads
configure:11805: gcc -o conftest  -ansi -g -O2 -O0  -D_REENTRANT -D_THREAD_SAFE  -D_GNU_SOURCE  conftest.c -lpthreads  >&5
/usr/bin/ld: cannot find -lpthreads
collect2: ld returned 1 exit status
configure:11805: $? = 1
configure: failed program was:
| /* confdefs.h */
| #define PACKAGE_NAME "FedStage DRMAA utilities library"
| #define PACKAGE_TARNAME "drmaa_utils"
| #define PACKAGE_VERSION "2.0.1"
| #define PACKAGE_STRING "FedStage DRMAA utilities library 2.0.1"
| #define PACKAGE_BUGREPORT "drmaa-pbspro-users@lists.fedstage.com"
| #define PACKAGE_URL ""
| #define PACKAGE "drmaa_utils"
| #define VERSION "2.0.1"
| #define STDC_HEADERS 1
| #define HAVE_SYS_TYPES_H 1
| #define HAVE_SYS_STAT_H 1
| #define HAVE_STDLIB_H 1
| #define HAVE_STRING_H 1
| #define HAVE_MEMORY_H 1
| #define HAVE_STRINGS_H 1
| #define HAVE_INTTYPES_H 1
| #define HAVE_STDINT_H 1
| #define HAVE_UNISTD_H 1
| #define HAVE_DLFCN_H 1
| #define LT_OBJDIR ".libs/"
| #define DEBUGGING 1
| #define BYTEORDER 1234
| /* end confdefs.h.  */
| #include <pthread.h>
| int
| main ()
| {
| pthread_t th; pthread_join(th, 0);
|                      pthread_attr_init(0); pthread_cleanup_push(0, 0);
|                      pthread_create(0,0,0,0); pthread_cleanup_pop(0);
|   ;
|   return 0;
| }
configure:11814: result: no
configure:11716: checking whether pthreads work without any flags
configure:11805: gcc -o conftest  -ansi -g -O2 -O0  -D_REENTRANT -D_THREAD_SAFE  -D_GNU_SOURCE  conftest.c   >&5
/tmp/ccwy2Vlz.o: In function `main':
/site/drmaa/slurm-drmaa-1.0.6/drmaa_utils/conftest.c:29: undefined reference to `pthread_join'
/site/drmaa/slurm-drmaa-1.0.6/drmaa_utils/conftest.c:30: undefined reference to `__pthread_register_cancel'
/site/drmaa/slurm-drmaa-1.0.6/drmaa_utils/conftest.c:31: undefined reference to `pthread_create'
/site/drmaa/slurm-drmaa-1.0.6/drmaa_utils/conftest.c:31: undefined reference to `__pthread_unregister_cancel'
collect2: ld returned 1 exit status
configure:11805: $? = 1
configure: failed program was:
| /* confdefs.h */
| #define PACKAGE_NAME "FedStage DRMAA utilities library"
| #define PACKAGE_TARNAME "drmaa_utils"
| #define PACKAGE_VERSION "2.0.1"
| #define PACKAGE_STRING "FedStage DRMAA utilities library 2.0.1"
| #define PACKAGE_BUGREPORT "drmaa-pbspro-users@lists.fedstage.com"
| #define PACKAGE_URL ""
| #define PACKAGE "drmaa_utils"
| #define VERSION "2.0.1"
| #define STDC_HEADERS 1
| #define HAVE_SYS_TYPES_H 1
| #define HAVE_SYS_STAT_H 1
| #define HAVE_STDLIB_H 1
| #define HAVE_STRING_H 1
| #define HAVE_MEMORY_H 1
| #define HAVE_STRINGS_H 1
| #define HAVE_INTTYPES_H 1
| #define HAVE_STDINT_H 1
| #define HAVE_UNISTD_H 1
| #define HAVE_DLFCN_H 1
| #define LT_OBJDIR ".libs/"
| #define DEBUGGING 1
| #define BYTEORDER 1234
| /* end confdefs.h.  */
| #include <pthread.h>
| int
| main ()
| {
| pthread_t th; pthread_join(th, 0);
|                      pthread_attr_init(0); pthread_cleanup_push(0, 0);
|                      pthread_create(0,0,0,0); pthread_cleanup_pop(0);
|   ;
|   return 0;
| }
configure:11814: result: no
configure:11721: checking whether pthreads work with -Kthread
configure:11805: gcc -o conftest  -ansi -g -O2 -O0 -Kthread -D_REENTRANT -D_THREAD_SAFE  -D_GNU_SOURCE  conftest.c -Kthread  >&5
gcc: unrecognized option '-Kthread'
gcc: unrecognized option '-Kthread'
/tmp/cc9rGemq.o: In function `main':
/site/drmaa/slurm-drmaa-1.0.6/drmaa_utils/conftest.c:29: undefined reference to `pthread_join'
/site/drmaa/slurm-drmaa-1.0.6/drmaa_utils/conftest.c:30: undefined reference to `__pthread_register_cancel'
/site/drmaa/slurm-drmaa-1.0.6/drmaa_utils/conftest.c:31: undefined reference to `pthread_create'
/site/drmaa/slurm-drmaa-1.0.6/drmaa_utils/conftest.c:31: undefined reference to `__pthread_unregister_cancel'
collect2: ld returned 1 exit status
configure:11805: $? = 1
configure: failed program was:
| /* confdefs.h */
| #define PACKAGE_NAME "FedStage DRMAA utilities library"
| #define PACKAGE_TARNAME "drmaa_utils"
| #define PACKAGE_VERSION "2.0.1"
| #define PACKAGE_STRING "FedStage DRMAA utilities library 2.0.1"
| #define PACKAGE_BUGREPORT "drmaa-pbspro-users@lists.fedstage.com"
| #define PACKAGE_URL ""
| #define PACKAGE "drmaa_utils"
| #define VERSION "2.0.1"
| #define STDC_HEADERS 1
| #define HAVE_SYS_TYPES_H 1
| #define HAVE_SYS_STAT_H 1
| #define HAVE_STDLIB_H 1
| #define HAVE_STRING_H 1
| #define HAVE_MEMORY_H 1
| #define HAVE_STRINGS_H 1
| #define HAVE_INTTYPES_H 1
| #define HAVE_STDINT_H 1
| #define HAVE_UNISTD_H 1
| #define HAVE_DLFCN_H 1
| #define LT_OBJDIR ".libs/"
| #define DEBUGGING 1
| #define BYTEORDER 1234
| /* end confdefs.h.  */
| #include <pthread.h>
| int
| main ()
| {
| pthread_t th; pthread_join(th, 0);
|                      pthread_attr_init(0); pthread_cleanup_push(0, 0);
|                      pthread_create(0,0,0,0); pthread_cleanup_pop(0);
|   ;
|   return 0;
| }
configure:11814: result: no
configure:11721: checking whether pthreads work with -kthread
configure:11805: gcc -o conftest  -ansi -g -O2 -O0 -kthread -D_REENTRANT -D_THREAD_SAFE  -D_GNU_SOURCE  conftest.c -kthread  >&5
gcc: unrecognized option '-kthread'
gcc: unrecognized option '-kthread'
/tmp/cc29guMw.o: In function `main':
/site/drmaa/slurm-drmaa-1.0.6/drmaa_utils/conftest.c:29: undefined reference to `pthread_join'
/site/drmaa/slurm-drmaa-1.0.6/drmaa_utils/conftest.c:30: undefined reference to `__pthread_register_cancel'
/site/drmaa/slurm-drmaa-1.0.6/drmaa_utils/conftest.c:31: undefined reference to `pthread_create'
/site/drmaa/slurm-drmaa-1.0.6/drmaa_utils/conftest.c:31: undefined reference to `__pthread_unregister_cancel'
collect2: ld returned 1 exit status
configure:11805: $? = 1
configure: failed program was:
| /* confdefs.h */
| #define PACKAGE_NAME "FedStage DRMAA utilities library"
| #define PACKAGE_TARNAME "drmaa_utils"
| #define PACKAGE_VERSION "2.0.1"
| #define PACKAGE_STRING "FedStage DRMAA utilities library 2.0.1"
| #define PACKAGE_BUGREPORT "drmaa-pbspro-users@lists.fedstage.com"
| #define PACKAGE_URL ""
| #define PACKAGE "drmaa_utils"
| #define VERSION "2.0.1"
| #define STDC_HEADERS 1
| #define HAVE_SYS_TYPES_H 1
| #define HAVE_SYS_STAT_H 1
| #define HAVE_STDLIB_H 1
| #define HAVE_STRING_H 1
| #define HAVE_MEMORY_H 1
| #define HAVE_STRINGS_H 1
| #define HAVE_INTTYPES_H 1
| #define HAVE_STDINT_H 1
| #define HAVE_UNISTD_H 1
| #define HAVE_DLFCN_H 1
| #define LT_OBJDIR ".libs/"
| #define DEBUGGING 1
| #define BYTEORDER 1234
| /* end confdefs.h.  */
| #include <pthread.h>
| int
| main ()
| {
| pthread_t th; pthread_join(th, 0);
|                      pthread_attr_init(0); pthread_cleanup_push(0, 0);
|                      pthread_create(0,0,0,0); pthread_cleanup_pop(0);
|   ;
|   return 0;
| }
configure:11814: result: no
configure:11772: checking for the pthreads library -llthread
configure:11805: gcc -o conftest  -ansi -g -O2 -O0  -D_REENTRANT -D_THREAD_SAFE  -D_GNU_SOURCE  conftest.c -llthread  >&5
/usr/bin/ld: cannot find -llthread
collect2: ld returned 1 exit status
configure:11805: $? = 1
configure: failed program was:
| /* confdefs.h */
| #define PACKAGE_NAME "FedStage DRMAA utilities library"
| #define PACKAGE_TARNAME "drmaa_utils"
| #define PACKAGE_VERSION "2.0.1"
| #define PACKAGE_STRING "FedStage DRMAA utilities library 2.0.1"
| #define PACKAGE_BUGREPORT "drmaa-pbspro-users@lists.fedstage.com"
| #define PACKAGE_URL ""
| #define PACKAGE "drmaa_utils"
| #define VERSION "2.0.1"
| #define STDC_HEADERS 1
| #define HAVE_SYS_TYPES_H 1
| #define HAVE_SYS_STAT_H 1
| #define HAVE_STDLIB_H 1
| #define HAVE_STRING_H 1
| #define HAVE_MEMORY_H 1
| #define HAVE_STRINGS_H 1
| #define HAVE_INTTYPES_H 1
| #define HAVE_STDINT_H 1
| #define HAVE_UNISTD_H 1
| #define HAVE_DLFCN_H 1
| #define LT_OBJDIR ".libs/"
| #define DEBUGGING 1
| #define BYTEORDER 1234
| /* end confdefs.h.  */
| #include <pthread.h>
| int
| main ()
| {
| pthread_t th; pthread_join(th, 0);
|                      pthread_attr_init(0); pthread_cleanup_push(0, 0);
|                      pthread_create(0,0,0,0); pthread_cleanup_pop(0);
|   ;
|   return 0;
| }
configure:11814: result: no
configure:11721: checking whether pthreads work with -pthread
configure:11805: gcc -o conftest  -ansi -g -O2 -O0 -pthread -D_REENTRANT -D_THREAD_SAFE  -D_GNU_SOURCE  conftest.c -pthread  >&5
configure:11805: $? = 0
configure:11814: result: yes
configure:11833: checking for joinable pthread attribute
configure:11848: gcc -o conftest  -ansi -g -O2 -O0 -pthread -D_REENTRANT -D_THREAD_SAFE  -D_GNU_SOURCE  conftest.c -pthread  >&5
configure:11848: $? = 0
configure:11854: result: PTHREAD_CREATE_JOINABLE
configure:11864: checking if more special flags are required for pthreads
configure:11871: result: no
configure:11905: checking execinfo.h usability
configure:11905: gcc -c  -ansi -g -O2 -O0 -pthread -D_REENTRANT -D_THREAD_SAFE  -D_GNU_SOURCE conftest.c >&5
configure:11905: $? = 0
configure:11905: result: yes
configure:11905: checking execinfo.h presence
configure:11905: gcc -E -D_REENTRANT -D_THREAD_SAFE  -D_GNU_SOURCE conftest.c
configure:11905: $? = 0
configure:11905: result: yes
configure:11905: checking for execinfo.h
configure:11905: result: yes
configure:11905: checking fcntl.h usability
configure:11905: gcc -c  -ansi -g -O2 -O0 -pthread -D_REENTRANT -D_THREAD_SAFE  -D_GNU_SOURCE conftest.c >&5
configure:11905: $? = 0
configure:11905: result: yes
configure:11905: checking fcntl.h presence
configure:11905: gcc -E -D_REENTRANT -D_THREAD_SAFE  -D_GNU_SOURCE conftest.c
configure:11905: $? = 0
configure:11905: result: yes
configure:11905: checking for fcntl.h
configure:11905: result: yes
configure:11905: checking for inttypes.h
configure:11905: result: yes
configure:11905: checking libintl.h usability
configure:11905: gcc -c  -ansi -g -O2 -O0 -pthread -D_REENTRANT -D_THREAD_SAFE  -D_GNU_SOURCE conftest.c >&5
configure:11905: $? = 0
configure:11905: result: yes
configure:11905: checking libintl.h presence
configure:11905: gcc -E -D_REENTRANT -D_THREAD_SAFE  -D_GNU_SOURCE conftest.c
configure:11905: $? = 0
configure:11905: result: yes
configure:11905: checking for libintl.h
configure:11905: result: yes
configure:11905: checking limits.h usability
configure:11905: gcc -c  -ansi -g -O2 -O0 -pthread -D_REENTRANT -D_THREAD_SAFE  -D_GNU_SOURCE conftest.c >&5
configure:11905: $? = 0
configure:11905: result: yes
configure:11905: checking limits.h presence
configure:11905: gcc -E -D_REENTRANT -D_THREAD_SAFE  -D_GNU_SOURCE conftest.c
configure:11905: $? = 0
configure:11905: result: yes
configure:11905: checking for limits.h
configure:11905: result: yes
configure:11905: checking malloc.h usability
configure:11905: gcc -c  -ansi -g -O2 -O0 -pthread -D_REENTRANT -D_THREAD_SAFE  -D_GNU_SOURCE conftest.c >&5
configure:11905: $? = 0
configure:11905: result: yes
configure:11905: checking malloc.h presence
configure:11905: gcc -E -D_REENTRANT -D_THREAD_SAFE  -D_GNU_SOURCE conftest.c
configure:11905: $? = 0
configure:11905: result: yes
configure:11905: checking for malloc.h
configure:11905: result: yes
configure:11905: checking stddef.h usability
configure:11905: gcc -c  -ansi -g -O2 -O0 -pthread -D_REENTRANT -D_THREAD_SAFE  -D_GNU_SOURCE conftest.c >&5
configure:11905: $? = 0
configure:11905: result: yes
configure:11905: checking stddef.h presence
configure:11905: gcc -E -D_REENTRANT -D_THREAD_SAFE  -D_GNU_SOURCE conftest.c
configure:11905: $? = 0
configure:11905: result: yes
configure:11905: checking for stddef.h
configure:11905: result: yes
configure:11905: checking for stdint.h
configure:11905: result: yes
configure:11905: checking for stdlib.h
configure:11905: result: yes
configure:11905: checking for string.h
configure:11905: result: yes
configure:11905: checking sys/time.h usability
configure:11905: gcc -c  -ansi -g -O2 -O0 -pthread -D_REENTRANT -D_THREAD_SAFE  -D_GNU_SOURCE conftest.c >&5
configure:11905: $? = 0
configure:11905: result: yes
configure:11905: checking sys/time.h presence
configure:11905: gcc -E -D_REENTRANT -D_THREAD_SAFE  -D_GNU_SOURCE conftest.c
configure:11905: $? = 0
configure:11905: result: yes
configure:11905: checking for sys/time.h
configure:11905: result: yes
configure:11905: checking for unistd.h
configure:11905: result: yes
configure:11915: checking for stdbool.h that conforms to C99
configure:12000: gcc -c  -ansi -g -O2 -O0 -pthread -D_REENTRANT -D_THREAD_SAFE  -D_GNU_SOURCE conftest.c >&5
configure:12000: $? = 0
configure:12007: result: yes
configure:12009: checking for _Bool
configure:12009: gcc -c  -ansi -g -O2 -O0 -pthread -D_REENTRANT -D_THREAD_SAFE  -D_GNU_SOURCE conftest.c >&5
configure:12009: $? = 0
configure:12009: gcc -c  -ansi -g -O2 -O0 -pthread -D_REENTRANT -D_THREAD_SAFE  -D_GNU_SOURCE conftest.c >&5
conftest.c: In function 'main':
conftest.c:73: error: expected expression before ')' token
configure:12009: $? = 1
configure: failed program was:
| /* confdefs.h */
| #define PACKAGE_NAME "FedStage DRMAA utilities library"
| #define PACKAGE_TARNAME "drmaa_utils"
| #define PACKAGE_VERSION "2.0.1"
| #define PACKAGE_STRING "FedStage DRMAA utilities library 2.0.1"
| #define PACKAGE_BUGREPORT "drmaa-pbspro-users@lists.fedstage.com"
| #define PACKAGE_URL ""
| #define PACKAGE "drmaa_utils"
| #define VERSION "2.0.1"
| #define STDC_HEADERS 1
| #define HAVE_SYS_TYPES_H 1
| #define HAVE_SYS_STAT_H 1
| #define HAVE_STDLIB_H 1
| #define HAVE_STRING_H 1
| #define HAVE_MEMORY_H 1
| #define HAVE_STRINGS_H 1
| #define HAVE_INTTYPES_H 1
| #define HAVE_STDINT_H 1
| #define HAVE_UNISTD_H 1
| #define HAVE_DLFCN_H 1
| #define LT_OBJDIR ".libs/"
| #define DEBUGGING 1
| #define BYTEORDER 1234
| #define HAVE_EXECINFO_H 1
| #define HAVE_FCNTL_H 1
| #define HAVE_INTTYPES_H 1
| #define HAVE_LIBINTL_H 1
| #define HAVE_LIMITS_H 1
| #define HAVE_MALLOC_H 1
| #define HAVE_STDDEF_H 1
| #define HAVE_STDINT_H 1
| #define HAVE_STDLIB_H 1
| #define HAVE_STRING_H 1
| #define HAVE_SYS_TIME_H 1
| #define HAVE_UNISTD_H 1
| /* end confdefs.h.  */
| #include <stdio.h>
| #ifdef HAVE_SYS_TYPES_H
| # include <sys/types.h>
| #endif
| #ifdef HAVE_SYS_STAT_H
| # include <sys/stat.h>
| #endif
| #ifdef STDC_HEADERS
| # include <stdlib.h>
| # include <stddef.h>
| #else
| # ifdef HAVE_STDLIB_H
| #  include <stdlib.h>
| # endif
| #endif
| #ifdef HAVE_STRING_H
| # if !defined STDC_HEADERS && defined HAVE_MEMORY_H
| #  include <memory.h>
| # endif
| # include <string.h>
| #endif
| #ifdef HAVE_STRINGS_H
| # include <strings.h>
| #endif
| #ifdef HAVE_INTTYPES_H
| # include <inttypes.h>
| #endif
| #ifdef HAVE_STDINT_H
| # include <stdint.h>
| #endif
| #ifdef HAVE_UNISTD_H
| # include <unistd.h>
| #endif
| int
| main ()
| {
| if (sizeof ((_Bool)))
| 	    return 0;
|   ;
|   return 0;
| }
configure:12009: result: yes
configure:12025: checking whether time.h and sys/time.h may both be included
configure:12045: gcc -c  -ansi -g -O2 -O0 -pthread -D_REENTRANT -D_THREAD_SAFE  -D_GNU_SOURCE conftest.c >&5
configure:12045: $? = 0
configure:12052: result: yes
configure:12062: checking for pid_t
configure:12062: gcc -c  -ansi -g -O2 -O0 -pthread -D_REENTRANT -D_THREAD_SAFE  -D_GNU_SOURCE conftest.c >&5
configure:12062: $? = 0
configure:12062: gcc -c  -ansi -g -O2 -O0 -pthread -D_REENTRANT -D_THREAD_SAFE  -D_GNU_SOURCE conftest.c >&5
conftest.c: In function 'main':
conftest.c:76: error: expected expression before ')' token
configure:12062: $? = 1
configure: failed program was:
| /* confdefs.h */
| #define PACKAGE_NAME "FedStage DRMAA utilities library"
| #define PACKAGE_TARNAME "drmaa_utils"
| #define PACKAGE_VERSION "2.0.1"
| #define PACKAGE_STRING "FedStage DRMAA utilities library 2.0.1"
| #define PACKAGE_BUGREPORT "drmaa-pbspro-users@lists.fedstage.com"
| #define PACKAGE_URL ""
| #define PACKAGE "drmaa_utils"
| #define VERSION "2.0.1"
| #define STDC_HEADERS 1
| #define HAVE_SYS_TYPES_H 1
| #define HAVE_SYS_STAT_H 1
| #define HAVE_STDLIB_H 1
| #define HAVE_STRING_H 1
| #define HAVE_MEMORY_H 1
| #define HAVE_STRINGS_H 1
| #define HAVE_INTTYPES_H 1
| #define HAVE_STDINT_H 1
| #define HAVE_UNISTD_H 1
| #define HAVE_DLFCN_H 1
| #define LT_OBJDIR ".libs/"
| #define DEBUGGING 1
| #define BYTEORDER 1234
| #define HAVE_EXECINFO_H 1
| #define HAVE_FCNTL_H 1
| #define HAVE_INTTYPES_H 1
| #define HAVE_LIBINTL_H 1
| #define HAVE_LIMITS_H 1
| #define HAVE_MALLOC_H 1
| #define HAVE_STDDEF_H 1
| #define HAVE_STDINT_H 1
| #define HAVE_STDLIB_H 1
| #define HAVE_STRING_H 1
| #define HAVE_SYS_TIME_H 1
| #define HAVE_UNISTD_H 1
| #define HAVE__BOOL 1
| #define HAVE_STDBOOL_H 1
| #define TIME_WITH_SYS_TIME 1
| /* end confdefs.h.  */
| #include <stdio.h>
| #ifdef HAVE_SYS_TYPES_H
| # include <sys/types.h>
| #endif
| #ifdef HAVE_SYS_STAT_H
| # include <sys/stat.h>
| #endif
| #ifdef STDC_HEADERS
| # include <stdlib.h>
| # include <stddef.h>
| #else
| # ifdef HAVE_STDLIB_H
| #  include <stdlib.h>
| # endif
| #endif
| #ifdef HAVE_STRING_H
| # if !defined STDC_HEADERS && defined HAVE_MEMORY_H
| #  include <memory.h>
| # endif
| # include <string.h>
| #endif
| #ifdef HAVE_STRINGS_H
| # include <strings.h>
| #endif
| #ifdef HAVE_INTTYPES_H
| # include <inttypes.h>
| #endif
| #ifdef HAVE_STDINT_H
| # include <stdint.h>
| #endif
| #ifdef HAVE_UNISTD_H
| # include <unistd.h>
| #endif
| int
| main ()
| {
| if (sizeof ((pid_t)))
| 	    return 0;
|   ;
|   return 0;
| }
configure:12062: result: yes
configure:12073: checking for size_t
configure:12073: gcc -c  -ansi -g -O2 -O0 -pthread -D_REENTRANT -D_THREAD_SAFE  -D_GNU_SOURCE conftest.c >&5
configure:12073: $? = 0
configure:12073: gcc -c  -ansi -g -O2 -O0 -pthread -D_REENTRANT -D_THREAD_SAFE  -D_GNU_SOURCE conftest.c >&5
conftest.c: In function 'main':
conftest.c:76: error: expected expression before ')' token
configure:12073: $? = 1
configure: failed program was:
| /* confdefs.h */
| #define PACKAGE_NAME "FedStage DRMAA utilities library"
| #define PACKAGE_TARNAME "drmaa_utils"
| #define PACKAGE_VERSION "2.0.1"
| #define PACKAGE_STRING "FedStage DRMAA utilities library 2.0.1"
| #define PACKAGE_BUGREPORT "drmaa-pbspro-users@lists.fedstage.com"
| #define PACKAGE_URL ""
| #define PACKAGE "drmaa_utils"
| #define VERSION "2.0.1"
| #define STDC_HEADERS 1
| #define HAVE_SYS_TYPES_H 1
| #define HAVE_SYS_STAT_H 1
| #define HAVE_STDLIB_H 1
| #define HAVE_STRING_H 1
| #define HAVE_MEMORY_H 1
| #define HAVE_STRINGS_H 1
| #define HAVE_INTTYPES_H 1
| #define HAVE_STDINT_H 1
| #define HAVE_UNISTD_H 1
| #define HAVE_DLFCN_H 1
| #define LT_OBJDIR ".libs/"
| #define DEBUGGING 1
| #define BYTEORDER 1234
| #define HAVE_EXECINFO_H 1
| #define HAVE_FCNTL_H 1
| #define HAVE_INTTYPES_H 1
| #define HAVE_LIBINTL_H 1
| #define HAVE_LIMITS_H 1
| #define HAVE_MALLOC_H 1
| #define HAVE_STDDEF_H 1
| #define HAVE_STDINT_H 1
| #define HAVE_STDLIB_H 1
| #define HAVE_STRING_H 1
| #define HAVE_SYS_TIME_H 1
| #define HAVE_UNISTD_H 1
| #define HAVE__BOOL 1
| #define HAVE_STDBOOL_H 1
| #define TIME_WITH_SYS_TIME 1
| /* end confdefs.h.  */
| #include <stdio.h>
| #ifdef HAVE_SYS_TYPES_H
| # include <sys/types.h>
| #endif
| #ifdef HAVE_SYS_STAT_H
| # include <sys/stat.h>
| #endif
| #ifdef STDC_HEADERS
| # include <stdlib.h>
| # include <stddef.h>
| #else
| # ifdef HAVE_STDLIB_H
| #  include <stdlib.h>
| # endif
| #endif
| #ifdef HAVE_STRING_H
| # if !defined STDC_HEADERS && defined HAVE_MEMORY_H
| #  include <memory.h>
| # endif
| # include <string.h>
| #endif
| #ifdef HAVE_STRINGS_H
| # include <strings.h>
| #endif
| #ifdef HAVE_INTTYPES_H
| # include <inttypes.h>
| #endif
| #ifdef HAVE_STDINT_H
| # include <stdint.h>
| #endif
| #ifdef HAVE_UNISTD_H
| # include <unistd.h>
| #endif
| int
| main ()
| {
| if (sizeof ((size_t)))
| 	    return 0;
|   ;
|   return 0;
| }
configure:12073: result: yes
configure:12084: checking for ssize_t
configure:12084: gcc -c  -ansi -g -O2 -O0 -pthread -D_REENTRANT -D_THREAD_SAFE  -D_GNU_SOURCE conftest.c >&5
configure:12084: $? = 0
configure:12084: gcc -c  -ansi -g -O2 -O0 -pthread -D_REENTRANT -D_THREAD_SAFE  -D_GNU_SOURCE conftest.c >&5
conftest.c: In function 'main':
conftest.c:76: error: expected expression before ')' token
configure:12084: $? = 1
configure: failed program was:
| /* confdefs.h */
| #define PACKAGE_NAME "FedStage DRMAA utilities library"
| #define PACKAGE_TARNAME "drmaa_utils"
| #define PACKAGE_VERSION "2.0.1"
| #define PACKAGE_STRING "FedStage DRMAA utilities library 2.0.1"
| #define PACKAGE_BUGREPORT "drmaa-pbspro-users@lists.fedstage.com"
| #define PACKAGE_URL ""
| #define PACKAGE "drmaa_utils"
| #define VERSION "2.0.1"
| #define STDC_HEADERS 1
| #define HAVE_SYS_TYPES_H 1
| #define HAVE_SYS_STAT_H 1
| #define HAVE_STDLIB_H 1
| #define HAVE_STRING_H 1
| #define HAVE_MEMORY_H 1
| #define HAVE_STRINGS_H 1
| #define HAVE_INTTYPES_H 1
| #define HAVE_STDINT_H 1
| #define HAVE_UNISTD_H 1
| #define HAVE_DLFCN_H 1
| #define LT_OBJDIR ".libs/"
| #define DEBUGGING 1
| #define BYTEORDER 1234
| #define HAVE_EXECINFO_H 1
| #define HAVE_FCNTL_H 1
| #define HAVE_INTTYPES_H 1
| #define HAVE_LIBINTL_H 1
| #define HAVE_LIMITS_H 1
| #define HAVE_MALLOC_H 1
| #define HAVE_STDDEF_H 1
| #define HAVE_STDINT_H 1
| #define HAVE_STDLIB_H 1
| #define HAVE_STRING_H 1
| #define HAVE_SYS_TIME_H 1
| #define HAVE_UNISTD_H 1
| #define HAVE__BOOL 1
| #define HAVE_STDBOOL_H 1
| #define TIME_WITH_SYS_TIME 1
| /* end confdefs.h.  */
| #include <stdio.h>
| #ifdef HAVE_SYS_TYPES_H
| # include <sys/types.h>
| #endif
| #ifdef HAVE_SYS_STAT_H
| # include <sys/stat.h>
| #endif
| #ifdef STDC_HEADERS
| # include <stdlib.h>
| # include <stddef.h>
| #else
| # ifdef HAVE_STDLIB_H
| #  include <stdlib.h>
| # endif
| #endif
| #ifdef HAVE_STRING_H
| # if !defined STDC_HEADERS && defined HAVE_MEMORY_H
| #  include <memory.h>
| # endif
| # include <string.h>
| #endif
| #ifdef HAVE_STRINGS_H
| # include <strings.h>
| #endif
| #ifdef HAVE_INTTYPES_H
| # include <inttypes.h>
| #endif
| #ifdef HAVE_STDINT_H
| # include <stdint.h>
| #endif
| #ifdef HAVE_UNISTD_H
| # include <unistd.h>
| #endif
| int
| main ()
| {
| if (sizeof ((ssize_t)))
| 	    return 0;
|   ;
|   return 0;
| }
configure:12084: result: yes
configure:12095: checking for mode_t
configure:12095: gcc -c  -ansi -g -O2 -O0 -pthread -D_REENTRANT -D_THREAD_SAFE  -D_GNU_SOURCE conftest.c >&5
configure:12095: $? = 0
configure:12095: gcc -c  -ansi -g -O2 -O0 -pthread -D_REENTRANT -D_THREAD_SAFE  -D_GNU_SOURCE conftest.c >&5
conftest.c: In function 'main':
conftest.c:76: error: expected expression before ')' token
configure:12095: $? = 1
configure: failed program was:
| /* confdefs.h */
| #define PACKAGE_NAME "FedStage DRMAA utilities library"
| #define PACKAGE_TARNAME "drmaa_utils"
| #define PACKAGE_VERSION "2.0.1"
| #define PACKAGE_STRING "FedStage DRMAA utilities library 2.0.1"
| #define PACKAGE_BUGREPORT "drmaa-pbspro-users@lists.fedstage.com"
| #define PACKAGE_URL ""
| #define PACKAGE "drmaa_utils"
| #define VERSION "2.0.1"
| #define STDC_HEADERS 1
| #define HAVE_SYS_TYPES_H 1
| #define HAVE_SYS_STAT_H 1
| #define HAVE_STDLIB_H 1
| #define HAVE_STRING_H 1
| #define HAVE_MEMORY_H 1
| #define HAVE_STRINGS_H 1
| #define HAVE_INTTYPES_H 1
| #define HAVE_STDINT_H 1
| #define HAVE_UNISTD_H 1
| #define HAVE_DLFCN_H 1
| #define LT_OBJDIR ".libs/"
| #define DEBUGGING 1
| #define BYTEORDER 1234
| #define HAVE_EXECINFO_H 1
| #define HAVE_FCNTL_H 1
| #define HAVE_INTTYPES_H 1
| #define HAVE_LIBINTL_H 1
| #define HAVE_LIMITS_H 1
| #define HAVE_MALLOC_H 1
| #define HAVE_STDDEF_H 1
| #define HAVE_STDINT_H 1
| #define HAVE_STDLIB_H 1
| #define HAVE_STRING_H 1
| #define HAVE_SYS_TIME_H 1
| #define HAVE_UNISTD_H 1
| #define HAVE__BOOL 1
| #define HAVE_STDBOOL_H 1
| #define TIME_WITH_SYS_TIME 1
| /* end confdefs.h.  */
| #include <stdio.h>
| #ifdef HAVE_SYS_TYPES_H
| # include <sys/types.h>
| #endif
| #ifdef HAVE_SYS_STAT_H
| # include <sys/stat.h>
| #endif
| #ifdef STDC_HEADERS
| # include <stdlib.h>
| # include <stddef.h>
| #else
| # ifdef HAVE_STDLIB_H
| #  include <stdlib.h>
| # endif
| #endif
| #ifdef HAVE_STRING_H
| # if !defined STDC_HEADERS && defined HAVE_MEMORY_H
| #  include <memory.h>
| # endif
| # include <string.h>
| #endif
| #ifdef HAVE_STRINGS_H
| # include <strings.h>
| #endif
| #ifdef HAVE_INTTYPES_H
| # include <inttypes.h>
| #endif
| #ifdef HAVE_STDINT_H
| # include <stdint.h>
| #endif
| #ifdef HAVE_UNISTD_H
| # include <unistd.h>
| #endif
| int
| main ()
| {
| if (sizeof ((mode_t)))
| 	    return 0;
|   ;
|   return 0;
| }
configure:12095: result: yes
configure:12106: checking for uint16_t
configure:12106: gcc -c  -ansi -g -O2 -O0 -pthread -D_REENTRANT -D_THREAD_SAFE  -D_GNU_SOURCE conftest.c >&5
configure:12106: $? = 0
configure:12106: result: yes
configure:12118: checking for uint32_t
configure:12118: gcc -c  -ansi -g -O2 -O0 -pthread -D_REENTRANT -D_THREAD_SAFE  -D_GNU_SOURCE conftest.c >&5
configure:12118: $? = 0
configure:12118: result: yes
configure:12132: checking for uint8_t
configure:12132: gcc -c  -ansi -g -O2 -O0 -pthread -D_REENTRANT -D_THREAD_SAFE  -D_GNU_SOURCE conftest.c >&5
configure:12132: $? = 0
configure:12132: result: yes
configure:12146: checking whether struct tm is in sys/time.h or time.h
configure:12166: gcc -c  -ansi -g -O2 -O0 -pthread -D_REENTRANT -D_THREAD_SAFE  -D_GNU_SOURCE conftest.c >&5
configure:12166: $? = 0
configure:12173: result: time.h
configure:12181: checking for struct tm.tm_gmtoff
configure:12181: gcc -c  -ansi -g -O2 -O0 -pthread -D_REENTRANT -D_THREAD_SAFE  -D_GNU_SOURCE conftest.c >&5
configure:12181: $? = 0
configure:12181: result: yes
configure:12191: checking for an ANSI C-conforming const
configure:12256: gcc -c  -ansi -g -O2 -O0 -pthread -D_REENTRANT -D_THREAD_SAFE  -D_GNU_SOURCE conftest.c >&5
configure:12256: $? = 0
configure:12263: result: yes
configure:12271: checking for inline
configure:12287: gcc -c  -ansi -g -O2 -O0 -pthread -D_REENTRANT -D_THREAD_SAFE  -D_GNU_SOURCE conftest.c >&5
conftest.c:43: error: expected '=', ',', ';', 'asm' or '__attribute__' before 'foo_t'
conftest.c:44: error: expected '=', ',', ';', 'asm' or '__attribute__' before 'foo_t'
configure:12287: $? = 1
configure: failed program was:
| /* confdefs.h */
| #define PACKAGE_NAME "FedStage DRMAA utilities library"
| #define PACKAGE_TARNAME "drmaa_utils"
| #define PACKAGE_VERSION "2.0.1"
| #define PACKAGE_STRING "FedStage DRMAA utilities library 2.0.1"
| #define PACKAGE_BUGREPORT "drmaa-pbspro-users@lists.fedstage.com"
| #define PACKAGE_URL ""
| #define PACKAGE "drmaa_utils"
| #define VERSION "2.0.1"
| #define STDC_HEADERS 1
| #define HAVE_SYS_TYPES_H 1
| #define HAVE_SYS_STAT_H 1
| #define HAVE_STDLIB_H 1
| #define HAVE_STRING_H 1
| #define HAVE_MEMORY_H 1
| #define HAVE_STRINGS_H 1
| #define HAVE_INTTYPES_H 1
| #define HAVE_STDINT_H 1
| #define HAVE_UNISTD_H 1
| #define HAVE_DLFCN_H 1
| #define LT_OBJDIR ".libs/"
| #define DEBUGGING 1
| #define BYTEORDER 1234
| #define HAVE_EXECINFO_H 1
| #define HAVE_FCNTL_H 1
| #define HAVE_INTTYPES_H 1
| #define HAVE_LIBINTL_H 1
| #define HAVE_LIMITS_H 1
| #define HAVE_MALLOC_H 1
| #define HAVE_STDDEF_H 1
| #define HAVE_STDINT_H 1
| #define HAVE_STDLIB_H 1
| #define HAVE_STRING_H 1
| #define HAVE_SYS_TIME_H 1
| #define HAVE_UNISTD_H 1
| #define HAVE__BOOL 1
| #define HAVE_STDBOOL_H 1
| #define TIME_WITH_SYS_TIME 1
| #define HAVE_STRUCT_TM_GMTOFF 1
| /* end confdefs.h.  */
| #ifndef __cplusplus
| typedef int foo_t;
| static inline foo_t static_foo () {return 0; }
| inline foo_t foo () {return 0; }
| #endif
| 
configure:12287: gcc -c  -ansi -g -O2 -O0 -pthread -D_REENTRANT -D_THREAD_SAFE  -D_GNU_SOURCE conftest.c >&5
configure:12287: $? = 0
configure:12295: result: __inline__
configure:12313: checking for working volatile
configure:12332: gcc -c  -ansi -g -O2 -O0 -pthread -D_REENTRANT -D_THREAD_SAFE  -D_GNU_SOURCE conftest.c >&5
configure:12332: $? = 0
configure:12339: result: yes
configure:12351: checking for working alloca.h
configure:12368: gcc -o conftest  -ansi -g -O2 -O0 -pthread -D_REENTRANT -D_THREAD_SAFE  -D_GNU_SOURCE  conftest.c -pthread  >&5
configure:12368: $? = 0
configure:12376: result: yes
configure:12384: checking for alloca
configure:12421: gcc -o conftest  -ansi -g -O2 -O0 -pthread -D_REENTRANT -D_THREAD_SAFE  -D_GNU_SOURCE  conftest.c -pthread  >&5
configure:12421: $? = 0
configure:12429: result: yes
configure:12538: checking whether strerror_r is declared
configure:12538: gcc -c  -ansi -g -O2 -O0 -pthread -D_REENTRANT -D_THREAD_SAFE  -D_GNU_SOURCE conftest.c >&5
configure:12538: $? = 0
configure:12538: result: yes
configure:12551: checking for strerror_r
configure:12551: gcc -o conftest  -ansi -g -O2 -O0 -pthread -D_REENTRANT -D_THREAD_SAFE  -D_GNU_SOURCE  conftest.c -pthread  >&5
configure:12551: $? = 0
configure:12551: result: yes
configure:12560: checking whether strerror_r returns char *
configure:12584: gcc -c  -ansi -g -O2 -O0 -pthread -D_REENTRANT -D_THREAD_SAFE  -D_GNU_SOURCE conftest.c >&5
configure:12584: $? = 0
configure:12622: result: yes
configure:12632: checking for strftime
configure:12632: gcc -o conftest  -ansi -g -O2 -O0 -pthread -D_REENTRANT -D_THREAD_SAFE  -D_GNU_SOURCE  conftest.c -pthread  >&5
conftest.c:72: warning: conflicting types for built-in function 'strftime'
configure:12632: $? = 0
configure:12632: result: yes
configure:12701: checking for asprintf
configure:12701: gcc -o conftest  -ansi -g -O2 -O0 -pthread -D_REENTRANT -D_THREAD_SAFE  -D_GNU_SOURCE  conftest.c -pthread  >&5
configure:12701: $? = 0
configure:12701: result: yes
configure:12701: checking for fstat
configure:12701: gcc -o conftest  -ansi -g -O2 -O0 -pthread -D_REENTRANT -D_THREAD_SAFE  -D_GNU_SOURCE  conftest.c -pthread  >&5
configure:12701: $? = 0
configure:12701: result: yes
configure:12701: checking for getcwd
configure:12701: gcc -o conftest  -ansi -g -O2 -O0 -pthread -D_REENTRANT -D_THREAD_SAFE  -D_GNU_SOURCE  conftest.c -pthread  >&5
configure:12701: $? = 0
configure:12701: result: yes
configure:12701: checking for gettimeofday
configure:12701: gcc -o conftest  -ansi -g -O2 -O0 -pthread -D_REENTRANT -D_THREAD_SAFE  -D_GNU_SOURCE  conftest.c -pthread  >&5
configure:12701: $? = 0
configure:12701: result: yes
configure:12701: checking for localtime_r
configure:12701: gcc -o conftest  -ansi -g -O2 -O0 -pthread -D_REENTRANT -D_THREAD_SAFE  -D_GNU_SOURCE  conftest.c -pthread  >&5
configure:12701: $? = 0
configure:12701: result: yes
configure:12701: checking for memset
configure:12701: gcc -o conftest  -ansi -g -O2 -O0 -pthread -D_REENTRANT -D_THREAD_SAFE  -D_GNU_SOURCE  conftest.c -pthread  >&5
conftest.c:78: warning: conflicting types for built-in function 'memset'
configure:12701: $? = 0
configure:12701: result: yes
configure:12701: checking for strchr
configure:12701: gcc -o conftest  -ansi -g -O2 -O0 -pthread -D_REENTRANT -D_THREAD_SAFE  -D_GNU_SOURCE  conftest.c -pthread  >&5
conftest.c:79: warning: conflicting types for built-in function 'strchr'
configure:12701: $? = 0
configure:12701: result: yes
configure:12701: checking for strdup
configure:12701: gcc -o conftest  -ansi -g -O2 -O0 -pthread -D_REENTRANT -D_THREAD_SAFE  -D_GNU_SOURCE  conftest.c -pthread  >&5
configure:12701: $? = 0
configure:12701: result: yes
configure:12701: checking for strerror
configure:12701: gcc -o conftest  -ansi -g -O2 -O0 -pthread -D_REENTRANT -D_THREAD_SAFE  -D_GNU_SOURCE  conftest.c -pthread  >&5
configure:12701: $? = 0
configure:12701: result: yes
configure:12701: checking for strlcpy
configure:12701: gcc -o conftest  -ansi -g -O2 -O0 -pthread -D_REENTRANT -D_THREAD_SAFE  -D_GNU_SOURCE  conftest.c -pthread  >&5
/tmp/cc96fVhs.o: In function `main':
/site/drmaa/slurm-drmaa-1.0.6/drmaa_utils/conftest.c:93: undefined reference to `strlcpy'
collect2: ld returned 1 exit status
configure:12701: $? = 1
configure: failed program was:
| /* confdefs.h */
| #define PACKAGE_NAME "FedStage DRMAA utilities library"
| #define PACKAGE_TARNAME "drmaa_utils"
| #define PACKAGE_VERSION "2.0.1"
| #define PACKAGE_STRING "FedStage DRMAA utilities library 2.0.1"
| #define PACKAGE_BUGREPORT "drmaa-pbspro-users@lists.fedstage.com"
| #define PACKAGE_URL ""
| #define PACKAGE "drmaa_utils"
| #define VERSION "2.0.1"
| #define STDC_HEADERS 1
| #define HAVE_SYS_TYPES_H 1
| #define HAVE_SYS_STAT_H 1
| #define HAVE_STDLIB_H 1
| #define HAVE_STRING_H 1
| #define HAVE_MEMORY_H 1
| #define HAVE_STRINGS_H 1
| #define HAVE_INTTYPES_H 1
| #define HAVE_STDINT_H 1
| #define HAVE_UNISTD_H 1
| #define HAVE_DLFCN_H 1
| #define LT_OBJDIR ".libs/"
| #define DEBUGGING 1
| #define BYTEORDER 1234
| #define HAVE_EXECINFO_H 1
| #define HAVE_FCNTL_H 1
| #define HAVE_INTTYPES_H 1
| #define HAVE_LIBINTL_H 1
| #define HAVE_LIMITS_H 1
| #define HAVE_MALLOC_H 1
| #define HAVE_STDDEF_H 1
| #define HAVE_STDINT_H 1
| #define HAVE_STDLIB_H 1
| #define HAVE_STRING_H 1
| #define HAVE_SYS_TIME_H 1
| #define HAVE_UNISTD_H 1
| #define HAVE__BOOL 1
| #define HAVE_STDBOOL_H 1
| #define TIME_WITH_SYS_TIME 1
| #define HAVE_STRUCT_TM_GMTOFF 1
| #ifndef __cplusplus
| #define inline __inline__
| #endif
| #define HAVE_ALLOCA_H 1
| #define HAVE_ALLOCA 1
| #define HAVE_DECL_STRERROR_R 1
| #define HAVE_STRERROR_R 1
| #define STRERROR_R_CHAR_P 1
| #define HAVE_STRFTIME 1
| #define HAVE_ASPRINTF 1
| #define HAVE_FSTAT 1
| #define HAVE_GETCWD 1
| #define HAVE_GETTIMEOFDAY 1
| #define HAVE_LOCALTIME_R 1
| #define HAVE_MEMSET 1
| #define HAVE_STRCHR 1
| #define HAVE_STRDUP 1
| #define HAVE_STRERROR 1
| /* end confdefs.h.  */
| /* Define strlcpy to an innocuous variant, in case <limits.h> declares strlcpy.
|    For example, HP-UX 11i <limits.h> declares gettimeofday.  */
| #define strlcpy innocuous_strlcpy
| 
| /* System header to define __stub macros and hopefully few prototypes,
|     which can conflict with char strlcpy (); below.
|     Prefer <limits.h> to <assert.h> if __STDC__ is defined, since
|     <limits.h> exists even on freestanding compilers.  */
| 
| #ifdef __STDC__
| # include <limits.h>
| #else
| # include <assert.h>
| #endif
| 
| #undef strlcpy
| 
| /* Override any GCC internal prototype to avoid an error.
|    Use char because int might match the return type of a GCC
|    builtin and then its argument prototype would still apply.  */
| #ifdef __cplusplus
| extern "C"
| #endif
| char strlcpy ();
| /* The GNU C library defines this for functions which it implements
|     to always fail with ENOSYS.  Some functions are actually named
|     something starting with __ and the normal name is an alias.  */
| #if defined __stub_strlcpy || defined __stub___strlcpy
| choke me
| #endif
| 
| int
| main ()
| {
| return strlcpy ();
|   ;
|   return 0;
| }
configure:12701: result: no
configure:12701: checking for strndup
configure:12701: gcc -o conftest  -ansi -g -O2 -O0 -pthread -D_REENTRANT -D_THREAD_SAFE  -D_GNU_SOURCE  conftest.c -pthread  >&5
configure:12701: $? = 0
configure:12701: result: yes
configure:12701: checking for strstr
configure:12701: gcc -o conftest  -ansi -g -O2 -O0 -pthread -D_REENTRANT -D_THREAD_SAFE  -D_GNU_SOURCE  conftest.c -pthread  >&5
conftest.c:83: warning: conflicting types for built-in function 'strstr'
configure:12701: $? = 0
configure:12701: result: yes
configure:12701: checking for vasprintf
configure:12701: gcc -o conftest  -ansi -g -O2 -O0 -pthread -D_REENTRANT -D_THREAD_SAFE  -D_GNU_SOURCE  conftest.c -pthread  >&5
configure:12701: $? = 0
configure:12701: result: yes
configure:12711: checking for gettid
configure:12737: gcc -c  -ansi -g -O2 -O0 -pthread -D_REENTRANT -D_THREAD_SAFE  -D_GNU_SOURCE conftest.c >&5
configure:12737: $? = 0
configure:12750: result: yes
configure:12765: checking for va_copy
configure:12778: gcc -o conftest  -ansi -g -O2 -O0 -pthread -D_REENTRANT -D_THREAD_SAFE  -D_GNU_SOURCE  conftest.c -pthread  >&5
/tmp/ccLkZx4y.o: In function `main':
/site/drmaa/slurm-drmaa-1.0.6/drmaa_utils/conftest.c:67: undefined reference to `va_copy'
collect2: ld returned 1 exit status
configure:12778: $? = 1
configure: failed program was:
| /* confdefs.h */
| #define PACKAGE_NAME "FedStage DRMAA utilities library"
| #define PACKAGE_TARNAME "drmaa_utils"
| #define PACKAGE_VERSION "2.0.1"
| #define PACKAGE_STRING "FedStage DRMAA utilities library 2.0.1"
| #define PACKAGE_BUGREPORT "drmaa-pbspro-users@lists.fedstage.com"
| #define PACKAGE_URL ""
| #define PACKAGE "drmaa_utils"
| #define VERSION "2.0.1"
| #define STDC_HEADERS 1
| #define HAVE_SYS_TYPES_H 1
| #define HAVE_SYS_STAT_H 1
| #define HAVE_STDLIB_H 1
| #define HAVE_STRING_H 1
| #define HAVE_MEMORY_H 1
| #define HAVE_STRINGS_H 1
| #define HAVE_INTTYPES_H 1
| #define HAVE_STDINT_H 1
| #define HAVE_UNISTD_H 1
| #define HAVE_DLFCN_H 1
| #define LT_OBJDIR ".libs/"
| #define DEBUGGING 1
| #define BYTEORDER 1234
| #define HAVE_EXECINFO_H 1
| #define HAVE_FCNTL_H 1
| #define HAVE_INTTYPES_H 1
| #define HAVE_LIBINTL_H 1
| #define HAVE_LIMITS_H 1
| #define HAVE_MALLOC_H 1
| #define HAVE_STDDEF_H 1
| #define HAVE_STDINT_H 1
| #define HAVE_STDLIB_H 1
| #define HAVE_STRING_H 1
| #define HAVE_SYS_TIME_H 1
| #define HAVE_UNISTD_H 1
| #define HAVE__BOOL 1
| #define HAVE_STDBOOL_H 1
| #define TIME_WITH_SYS_TIME 1
| #define HAVE_STRUCT_TM_GMTOFF 1
| #ifndef __cplusplus
| #define inline __inline__
| #endif
| #define HAVE_ALLOCA_H 1
| #define HAVE_ALLOCA 1
| #define HAVE_DECL_STRERROR_R 1
| #define HAVE_STRERROR_R 1
| #define STRERROR_R_CHAR_P 1
| #define HAVE_STRFTIME 1
| #define HAVE_ASPRINTF 1
| #define HAVE_FSTAT 1
| #define HAVE_GETCWD 1
| #define HAVE_GETTIMEOFDAY 1
| #define HAVE_LOCALTIME_R 1
| #define HAVE_MEMSET 1
| #define HAVE_STRCHR 1
| #define HAVE_STRDUP 1
| #define HAVE_STRERROR 1
| #define HAVE_STRNDUP 1
| #define HAVE_STRSTR 1
| #define HAVE_VASPRINTF 1
| #define HAVE_GETTID 1
| /* end confdefs.h.  */
| #include <stdarg.h>
| int
| main ()
| {
| va_list a, b; va_copy(a, b);
|   ;
|   return 0;
| }
configure:12788: result: no
configure:12796: checking for __va_copy
configure:12809: gcc -o conftest  -ansi -g -O2 -O0 -pthread -D_REENTRANT -D_THREAD_SAFE  -D_GNU_SOURCE  conftest.c -pthread  >&5
configure:12809: $? = 0
configure:12812: result: yes
configure:12833: checking for library containing backtrace
configure:12864: gcc -o conftest  -ansi -g -O2 -O0 -pthread -D_REENTRANT -D_THREAD_SAFE  -D_GNU_SOURCE  conftest.c -pthread  >&5
configure:12864: $? = 0
configure:12881: result: none required
configure:13060: creating ./config.status

## ---------------------- ##
## Running config.status. ##
## ---------------------- ##

This file was extended by FedStage DRMAA utilities library config.status 2.0.1, which was
generated by GNU Autoconf 2.67.  Invocation command line was

  CONFIG_FILES    = 
  CONFIG_HEADERS  = 
  CONFIG_LINKS    = 
  CONFIG_COMMANDS = 
  $ ./config.status 

on galaxy-test.uio.no

config.status:1143: creating Makefile
config.status:1143: creating drmaa_utils/Makefile
config.status:1143: creating test/Makefile
config.status:1143: creating Doxyfile
config.status:1143: creating config.h
config.status:1323: config.h is unchanged
config.status:1371: executing depfiles commands
config.status:1371: executing libtool commands

## ---------------- ##
## Cache variables. ##
## ---------------- ##

ac_cv_build=x86_64-unknown-linux-gnu
ac_cv_c_bigendian=no
ac_cv_c_compiler_gnu=yes
ac_cv_c_const=yes
ac_cv_c_inline=__inline__
ac_cv_c_uint16_t=yes
ac_cv_c_uint32_t=yes
ac_cv_c_uint8_t=yes
ac_cv_c_volatile=yes
ac_cv_env_CC_set=
ac_cv_env_CC_value=
ac_cv_env_CFLAGS_set=
ac_cv_env_CFLAGS_value=
ac_cv_env_CPPFLAGS_set=
ac_cv_env_CPPFLAGS_value=
ac_cv_env_CPP_set=
ac_cv_env_CPP_value=
ac_cv_env_LDFLAGS_set=
ac_cv_env_LDFLAGS_value=
ac_cv_env_LIBS_set=
ac_cv_env_LIBS_value=
ac_cv_env_SED_set=
ac_cv_env_SED_value=
ac_cv_env_TR_set=
ac_cv_env_TR_value=
ac_cv_env_YACC_set=
ac_cv_env_YACC_value=
ac_cv_env_YFLAGS_set=
ac_cv_env_YFLAGS_value=
ac_cv_env_build_alias_set=
ac_cv_env_build_alias_value=
ac_cv_env_host_alias_set=
ac_cv_env_host_alias_value=
ac_cv_env_target_alias_set=
ac_cv_env_target_alias_value=
ac_cv_func_alloca_works=yes
ac_cv_func_asprintf=yes
ac_cv_func_fstat=yes
ac_cv_func_getcwd=yes
ac_cv_func_gettimeofday=yes
ac_cv_func_localtime_r=yes
ac_cv_func_memset=yes
ac_cv_func_strchr=yes
ac_cv_func_strdup=yes
ac_cv_func_strerror=yes
ac_cv_func_strerror_r=yes
ac_cv_func_strerror_r_char_p=yes
ac_cv_func_strftime=yes
ac_cv_func_strlcpy=no
ac_cv_func_strndup=yes
ac_cv_func_strstr=yes
ac_cv_func_vasprintf=yes
ac_cv_have_decl_strerror_r=yes
ac_cv_header_dlfcn_h=yes
ac_cv_header_execinfo_h=yes
ac_cv_header_fcntl_h=yes
ac_cv_header_inttypes_h=yes
ac_cv_header_libintl_h=yes
ac_cv_header_limits_h=yes
ac_cv_header_malloc_h=yes
ac_cv_header_memory_h=yes
ac_cv_header_stdbool_h=yes
ac_cv_header_stdc=yes
ac_cv_header_stddef_h=yes
ac_cv_header_stdint_h=yes
ac_cv_header_stdlib_h=yes
ac_cv_header_string_h=yes
ac_cv_header_strings_h=yes
ac_cv_header_sys_stat_h=yes
ac_cv_header_sys_time_h=yes
ac_cv_header_sys_types_h=yes
ac_cv_header_time=yes
ac_cv_header_unistd_h=yes
ac_cv_host=x86_64-unknown-linux-gnu
ac_cv_member_struct_tm_tm_gmtoff=yes
ac_cv_objext=o
ac_cv_path_EGREP='/bin/grep -E'
ac_cv_path_FGREP='/bin/grep -F'
ac_cv_path_GREP=/bin/grep
ac_cv_path_SED=/bin/sed
ac_cv_path_TR=/usr/bin/tr
ac_cv_path_install='/usr/bin/install -c'
ac_cv_path_mkdir=/bin/mkdir
ac_cv_prog_AWK=gawk
ac_cv_prog_CPP='gcc -E'
ac_cv_prog_ac_ct_AR=ar
ac_cv_prog_ac_ct_CC=gcc
ac_cv_prog_ac_ct_OBJDUMP=objdump
ac_cv_prog_ac_ct_RANLIB=ranlib
ac_cv_prog_ac_ct_STRIP=strip
ac_cv_prog_cc_c89=
ac_cv_prog_cc_g=yes
ac_cv_prog_make_make_set=yes
ac_cv_search_backtrace='none required'
ac_cv_struct_tm=time.h
ac_cv_type__Bool=yes
ac_cv_type_mode_t=yes
ac_cv_type_pid_t=yes
ac_cv_type_size_t=yes
ac_cv_type_ssize_t=yes
ac_cv_working_alloca_h=yes
am_cv_CC_dependencies_compiler_type=gcc3
lt_cv_archive_cmds_need_lc=no
lt_cv_deplibs_check_method=pass_all
lt_cv_file_magic_cmd='$MAGIC_CMD'
lt_cv_file_magic_test_file=
lt_cv_ld_reload_flag=-r
lt_cv_nm_interface='BSD nm'
lt_cv_objdir=.libs
lt_cv_path_LD=/usr/bin/ld
lt_cv_path_NM='/usr/bin/nm -B'
lt_cv_prog_compiler_c_o=yes
lt_cv_prog_compiler_pic_works=yes
lt_cv_prog_compiler_rtti_exceptions=no
lt_cv_prog_compiler_static_works=no
lt_cv_prog_gnu_ld=yes
lt_cv_shlibpath_overrides_runpath=no
lt_cv_sys_global_symbol_pipe='sed -n -e '\''s/^.*[	 ]\([ABCDGIRSTW][ABCDGIRSTW]*\)[	 ][	 ]*\([_A-Za-z][_A-Za-z0-9]*\)$/\1 \2 \2/p'\'''
lt_cv_sys_global_symbol_to_c_name_address='sed -n -e '\''s/^: \([^ ]*\) $/  {\"\1\", (void *) 0},/p'\'' -e '\''s/^[ABCDGIRSTW]* \([^ ]*\) \([^ ]*\)$/  {"\2", (void *) \&\2},/p'\'''
lt_cv_sys_global_symbol_to_c_name_address_lib_prefix='sed -n -e '\''s/^: \([^ ]*\) $/  {\"\1\", (void *) 0},/p'\'' -e '\''s/^[ABCDGIRSTW]* \([^ ]*\) \(lib[^ ]*\)$/  {"\2", (void *) \&\2},/p'\'' -e '\''s/^[ABCDGIRSTW]* \([^ ]*\) \([^ ]*\)$/  {"lib\2", (void *) \&\2},/p'\'''
lt_cv_sys_global_symbol_to_cdecl='sed -n -e '\''s/^T .* \(.*\)$/extern int \1();/p'\'' -e '\''s/^[ABCDGIRSTW]* .* \(.*\)$/extern char \1;/p'\'''
lt_cv_sys_max_cmd_len=1966080

## ----------------- ##
## Output variables. ##
## ----------------- ##

ACLOCAL='${SHELL} /site/drmaa/slurm-drmaa-1.0.6/drmaa_utils/scripts/missing --run aclocal-1.11'
ALLOCA=''
AMDEPBACKSLASH='\'
AMDEP_FALSE='#'
AMDEP_TRUE=''
AMTAR='${SHELL} /site/drmaa/slurm-drmaa-1.0.6/drmaa_utils/scripts/missing --run tar'
AR='ar'
AUTOCONF='${SHELL} /site/drmaa/slurm-drmaa-1.0.6/drmaa_utils/scripts/missing --run autoconf'
AUTOHEADER='${SHELL} /site/drmaa/slurm-drmaa-1.0.6/drmaa_utils/scripts/missing --run autoheader'
AUTOMAKE='${SHELL} /site/drmaa/slurm-drmaa-1.0.6/drmaa_utils/scripts/missing --run automake-1.11'
AWK='gawk'
CC='gcc'
CCDEPMODE='depmode=gcc3'
CFLAGS='-Wall -W -Wno-unused  -Wno-format-zero-length  -Wno-missing-field-initializers  -ansi -g -O2 -O0 -pthread'
CPP='gcc -E'
CPPFLAGS='-D_REENTRANT -D_THREAD_SAFE  -D_GNU_SOURCE'
CYGPATH_W='echo'
DEFS='-DHAVE_CONFIG_H'
DEPDIR='.deps'
DEVELOPER_MODE_FALSE=''
DEVELOPER_MODE_TRUE='#'
DOT=''
DRMAA_UTILS_MAJOR='2'
DRMAA_UTILS_MICRO='1'
DRMAA_UTILS_MINOR='0'
DRMAA_UTILS_STANDALONE_FALSE='#'
DRMAA_UTILS_STANDALONE_TRUE=''
DRMAA_UTILS_VERSION_INFO='2:1:0'
DSYMUTIL=''
DUMPBIN=''
ECHO_C=''
ECHO_N='-n'
ECHO_T=''
EGREP='/bin/grep -E'
EXEEXT=''
FGREP='/bin/grep -F'
GCC_FALSE='#'
GCC_TRUE=''
GCC_W_NO_FORMAT_ZERO_LENGTH='-Wno-format-zero-length'
GCC_W_NO_MISSING_FIELD_INITIALIZERS='-Wno-missing-field-initializers'
GPERF='/scripts/gperf-fallback.sh'
GREP='/bin/grep'
HAVE_DOT='no'
INSTALL_DATA='${INSTALL} -m 644'
INSTALL_PROGRAM='${INSTALL}'
INSTALL_SCRIPT='${INSTALL}'
INSTALL_STRIP_PROGRAM='$(install_sh) -c -s'
LD='/usr/bin/ld -m elf_x86_64'
LDFLAGS=''
LIBOBJS=''
LIBS='-pthread '
LIBTOOL='$(SHELL) $(top_builddir)/libtool'
LIPO=''
LN_S='ln -s'
LTLIBOBJS=''
MAKEINFO='${SHELL} /site/drmaa/slurm-drmaa-1.0.6/drmaa_utils/scripts/missing --run makeinfo'
MKDIR_P='/bin/mkdir -p'
NM='/usr/bin/nm -B'
NMEDIT=''
OBJDUMP='objdump'
OBJEXT='o'
OTOOL64=''
OTOOL=''
PACKAGE='drmaa_utils'
PACKAGE_BUGREPORT='drmaa-pbspro-users@lists.fedstage.com'
PACKAGE_NAME='FedStage DRMAA utilities library'
PACKAGE_STRING='FedStage DRMAA utilities library 2.0.1'
PACKAGE_TARNAME='drmaa_utils'
PACKAGE_URL=''
PACKAGE_VERSION='2.0.1'
PATH_SEPARATOR=':'
PTHREAD_CFLAGS='-pthread'
PTHREAD_LIBS='-pthread'
RAGEL='sh m4/missing-dev-prog.sh ragel'
RANLIB='ranlib'
RST2HTML=''
RST2LATEX=''
SED='/bin/sed'
SET_MAKE=''
SHELL='/bin/sh'
STRIP='strip'
TR='/usr/bin/tr'
VERSION='2.0.1'
YACC='yacc'
YFLAGS=''
ac_ct_CC='gcc'
ac_ct_DUMPBIN=''
acx_pthread_config=''
am__EXEEXT_FALSE=''
am__EXEEXT_TRUE='#'
am__fastdepCC_FALSE='#'
am__fastdepCC_TRUE=''
am__include='include'
am__isrc=''
am__leading_dot='.'
am__quote=''
am__tar='${AMTAR} chof - "$$tardir"'
am__untar='${AMTAR} xf -'
bindir='${exec_prefix}/bin'
build='x86_64-unknown-linux-gnu'
build_alias=''
build_cpu='x86_64'
build_os='linux-gnu'
build_vendor='unknown'
datadir='${datarootdir}'
datarootdir='${prefix}/share'
docdir='${datarootdir}/doc/${PACKAGE_TARNAME}'
dvidir='${docdir}'
exec_prefix='${prefix}'
host='x86_64-unknown-linux-gnu'
host_alias=''
host_cpu='x86_64'
host_os='linux-gnu'
host_vendor='unknown'
htmldir='${docdir}'
includedir='${prefix}/include'
infodir='${datarootdir}/info'
install_sh='${SHELL} /site/drmaa/slurm-drmaa-1.0.6/drmaa_utils/scripts/install-sh'
libdir='${exec_prefix}/lib'
libexecdir='${exec_prefix}/libexec'
localedir='${datarootdir}/locale'
localstatedir='${prefix}/var'
mandir='${datarootdir}/man'
mkdir_p='/bin/mkdir -p'
oldincludedir='/usr/include'
pdfdir='${docdir}'
prefix='/site/drmaa'
program_transform_name='s,x,x,'
psdir='${docdir}'
sbindir='${exec_prefix}/sbin'
sharedstatedir='${prefix}/com'
sysconfdir='${prefix}/etc'
target_alias=''

## ----------- ##
## confdefs.h. ##
## ----------- ##

/* confdefs.h */
#define PACKAGE_NAME "FedStage DRMAA utilities library"
#define PACKAGE_TARNAME "drmaa_utils"
#define PACKAGE_VERSION "2.0.1"
#define PACKAGE_STRING "FedStage DRMAA utilities library 2.0.1"
#define PACKAGE_BUGREPORT "drmaa-pbspro-users@lists.fedstage.com"
#define PACKAGE_URL ""
#define PACKAGE "drmaa_utils"
#define VERSION "2.0.1"
#define STDC_HEADERS 1
#define HAVE_SYS_TYPES_H 1
#define HAVE_SYS_STAT_H 1
#define HAVE_STDLIB_H 1
#define HAVE_STRING_H 1
#define HAVE_MEMORY_H 1
#define HAVE_STRINGS_H 1
#define HAVE_INTTYPES_H 1
#define HAVE_STDINT_H 1
#define HAVE_UNISTD_H 1
#define HAVE_DLFCN_H 1
#define LT_OBJDIR ".libs/"
#define DEBUGGING 1
#define BYTEORDER 1234
#define HAVE_EXECINFO_H 1
#define HAVE_FCNTL_H 1
#define HAVE_INTTYPES_H 1
#define HAVE_LIBINTL_H 1
#define HAVE_LIMITS_H 1
#define HAVE_MALLOC_H 1
#define HAVE_STDDEF_H 1
#define HAVE_STDINT_H 1
#define HAVE_STDLIB_H 1
#define HAVE_STRING_H 1
#define HAVE_SYS_TIME_H 1
#define HAVE_UNISTD_H 1
#define HAVE__BOOL 1
#define HAVE_STDBOOL_H 1
#define TIME_WITH_SYS_TIME 1
#define HAVE_STRUCT_TM_GMTOFF 1
#ifndef __cplusplus
#define inline __inline__
#endif
#define HAVE_ALLOCA_H 1
#define HAVE_ALLOCA 1
#define HAVE_DECL_STRERROR_R 1
#define HAVE_STRERROR_R 1
#define STRERROR_R_CHAR_P 1
#define HAVE_STRFTIME 1
#define HAVE_ASPRINTF 1
#define HAVE_FSTAT 1
#define HAVE_GETCWD 1
#define HAVE_GETTIMEOFDAY 1
#define HAVE_LOCALTIME_R 1
#define HAVE_MEMSET 1
#define HAVE_STRCHR 1
#define HAVE_STRDUP 1
#define HAVE_STRERROR 1
#define HAVE_STRNDUP 1
#define HAVE_STRSTR 1
#define HAVE_VASPRINTF 1
#define HAVE_GETTID 1
#define HAVE___VA_COPY 1
#define DRMAA_DIR_BIN "/site/drmaa/bin"
#define DRMAA_DIR_PREFIX "/site/drmaa"
#define DRMAA_DIR_LOCALSTATE "/site/drmaa/var"
#define DRMAA_DIR_SYSCONF "/site/drmaa/etc"
#define DRMAA_DIR_DATA "/site/drmaa/share"

configure: exit 0
